
Tue Nov 29 22:34:46 2022 
Starting queue handler...

Tue Nov 29 22:34:46 2022 
No new redeemers to process.

Tue Nov 29 22:34:49 2022 
No new redeemers to process.

Tue Nov 29 22:34:52 2022 
No new redeemers to process.

Tue Nov 29 22:35:07 2022 
Starting queue handler...

Tue Nov 29 22:35:07 2022 
No new redeemers to process.

Tue Nov 29 22:35:10 2022 
No new redeemers to process.

Tue Nov 29 22:35:15 2022 
Starting queue handler...

Tue Nov 29 22:35:15 2022 
No new redeemers to process.

Tue Nov 29 22:35:18 2022 
No new redeemers to process.

Tue Nov 29 22:35:21 2022 
No new redeemers to process.

Tue Nov 29 22:35:25 2022 
Starting queue handler...

Tue Nov 29 22:35:25 2022 
No new redeemers to process.

Tue Nov 29 22:35:28 2022 
No new redeemers to process.

Tue Nov 29 22:35:31 2022 
No new redeemers to process.

Tue Nov 29 22:35:34 2022 
No new redeemers to process.

Tue Nov 29 22:35:37 2022 
No new redeemers to process.

Tue Nov 29 22:35:40 2022 
No new redeemers to process.

Wed Nov 30 20:18:09 2022 
Starting queue handler...

Wed Nov 30 20:18:09 2022 
No new redeemers to process.

Wed Nov 30 20:18:12 2022 
No new redeemers to process.

Wed Nov 30 20:18:15 2022 
No new redeemers to process.

Wed Nov 30 20:18:18 2022 
No new redeemers to process.

Wed Nov 30 20:18:21 2022 
No new redeemers to process.

Wed Nov 30 20:18:24 2022 
No new redeemers to process.

Wed Nov 30 20:18:27 2022 
No new redeemers to process.

Wed Nov 30 20:18:30 2022 
No new redeemers to process.

Wed Nov 30 20:18:33 2022 
No new redeemers to process.

Wed Nov 30 20:18:36 2022 
No new redeemers to process.

Wed Nov 30 20:18:39 2022 
No new redeemers to process.

Wed Nov 30 20:18:42 2022 
No new redeemers to process.

Wed Nov 30 20:18:45 2022 
No new redeemers to process.

Wed Nov 30 20:18:48 2022 
No new redeemers to process.

Wed Nov 30 20:18:51 2022 
No new redeemers to process.

Wed Nov 30 20:18:54 2022 
No new redeemers to process.

Wed Nov 30 20:18:57 2022 
No new redeemers to process.

Wed Nov 30 20:19:00 2022 
No new redeemers to process.

Wed Nov 30 20:19:03 2022 
No new redeemers to process.

Wed Nov 30 20:19:06 2022 
No new redeemers to process.

Wed Nov 30 20:19:09 2022 
No new redeemers to process.

Wed Nov 30 20:19:12 2022 
No new redeemers to process.

Wed Nov 30 20:19:15 2022 
No new redeemers to process.

Wed Nov 30 20:19:18 2022 
No new redeemers to process.

Wed Nov 30 20:19:21 2022 
No new redeemers to process.

Wed Nov 30 20:19:24 2022 
No new redeemers to process.

Wed Nov 30 20:19:27 2022 
No new redeemers to process.

Wed Nov 30 20:19:30 2022 
No new redeemers to process.

Wed Nov 30 20:19:33 2022 
No new redeemers to process.

Wed Nov 30 20:19:36 2022 
No new redeemers to process.

Wed Nov 30 20:19:39 2022 
No new redeemers to process.

Wed Nov 30 20:19:42 2022 
No new redeemers to process.

Wed Nov 30 20:19:45 2022 
No new redeemers to process.

Wed Nov 30 20:19:48 2022 
No new redeemers to process.

Wed Nov 30 20:19:51 2022 
No new redeemers to process.

Wed Nov 30 20:19:54 2022 
No new redeemers to process.

Wed Nov 30 20:19:57 2022 
No new redeemers to process.

Wed Nov 30 20:20:00 2022 
No new redeemers to process.

Wed Nov 30 20:20:03 2022 
No new redeemers to process.

Wed Nov 30 20:20:06 2022 
No new redeemers to process.

Wed Nov 30 20:20:09 2022 
No new redeemers to process.

Wed Nov 30 20:20:12 2022 
No new redeemers to process.

Wed Nov 30 20:20:15 2022 
No new redeemers to process.

Wed Nov 30 20:20:18 2022 
No new redeemers to process.

Wed Nov 30 20:20:21 2022 
No new redeemers to process.

Wed Nov 30 20:20:24 2022 
No new redeemers to process.

Wed Nov 30 20:20:27 2022 
No new redeemers to process.

Wed Nov 30 20:20:30 2022 
No new redeemers to process.

Wed Nov 30 20:20:33 2022 
No new redeemers to process.

Wed Nov 30 20:20:36 2022 
No new redeemers to process.

Wed Nov 30 20:20:39 2022 
No new redeemers to process.

Wed Nov 30 20:20:42 2022 
No new redeemers to process.

Wed Nov 30 20:20:45 2022 
No new redeemers to process.

Wed Nov 30 20:20:48 2022 
No new redeemers to process.

Wed Nov 30 20:20:51 2022 
No new redeemers to process.

Wed Nov 30 20:20:54 2022 
No new redeemers to process.

Wed Nov 30 20:20:57 2022 
No new redeemers to process.

Wed Nov 30 20:21:00 2022 
No new redeemers to process.

Wed Nov 30 20:21:03 2022 
No new redeemers to process.

Wed Nov 30 20:21:06 2022 
No new redeemers to process.

Wed Nov 30 20:21:09 2022 
No new redeemers to process.

Wed Nov 30 20:21:12 2022 
No new redeemers to process.

Wed Nov 30 20:21:15 2022 
No new redeemers to process.

Wed Nov 30 20:21:18 2022 
No new redeemers to process.

Wed Nov 30 20:21:21 2022 
No new redeemers to process.

Wed Nov 30 20:21:24 2022 
No new redeemers to process.

Wed Nov 30 20:21:27 2022 
No new redeemers to process.

Wed Nov 30 20:21:31 2022 
No new redeemers to process.

Wed Nov 30 20:21:34 2022 
No new redeemers to process.

Wed Nov 30 20:21:37 2022 
No new redeemers to process.

Wed Nov 30 20:21:40 2022 
No new redeemers to process.

Wed Nov 30 20:21:43 2022 
No new redeemers to process.

Wed Nov 30 20:21:46 2022 
No new redeemers to process.

Wed Nov 30 20:21:49 2022 
No new redeemers to process.

Wed Nov 30 20:21:52 2022 
No new redeemers to process.

Wed Nov 30 20:21:55 2022 
No new redeemers to process.

Wed Nov 30 20:21:58 2022 
No new redeemers to process.

Wed Nov 30 20:22:01 2022 
No new redeemers to process.

Wed Nov 30 20:22:04 2022 
No new redeemers to process.

Wed Nov 30 20:22:07 2022 
No new redeemers to process.

Wed Nov 30 20:22:10 2022 
No new redeemers to process.

Wed Nov 30 20:22:13 2022 
No new redeemers to process.

Wed Nov 30 20:22:16 2022 
No new redeemers to process.

Wed Nov 30 20:22:19 2022 
No new redeemers to process.

Wed Nov 30 20:22:22 2022 
No new redeemers to process.

Wed Nov 30 20:22:25 2022 
No new redeemers to process.

Wed Nov 30 20:22:28 2022 
No new redeemers to process.

Wed Nov 30 20:22:31 2022 
No new redeemers to process.

Wed Nov 30 20:22:34 2022 
No new redeemers to process.

Wed Nov 30 20:22:37 2022 
No new redeemers to process.

Wed Nov 30 20:22:40 2022 
No new redeemers to process.

Wed Nov 30 20:22:43 2022 
No new redeemers to process.

Wed Nov 30 20:22:46 2022 
No new redeemers to process.

Wed Nov 30 20:22:49 2022 
No new redeemers to process.

Wed Nov 30 20:22:52 2022 
No new redeemers to process.

Wed Nov 30 20:22:55 2022 
No new redeemers to process.

Wed Nov 30 20:22:58 2022 
No new redeemers to process.

Wed Nov 30 20:23:01 2022 
No new redeemers to process.

Wed Nov 30 20:23:04 2022 
No new redeemers to process.

Wed Nov 30 20:23:07 2022 
No new redeemers to process.

Wed Nov 30 20:23:10 2022 
No new redeemers to process.

Wed Nov 30 20:23:13 2022 
No new redeemers to process.

Wed Nov 30 20:23:16 2022 
No new redeemers to process.

Wed Nov 30 20:23:19 2022 
No new redeemers to process.

Wed Nov 30 20:23:22 2022 
No new redeemers to process.

Wed Nov 30 20:23:25 2022 
No new redeemers to process.

Wed Nov 30 20:23:28 2022 
No new redeemers to process.

Wed Nov 30 20:23:31 2022 
No new redeemers to process.

Wed Nov 30 20:23:34 2022 
No new redeemers to process.

Wed Nov 30 20:23:37 2022 
No new redeemers to process.

Wed Nov 30 20:23:40 2022 
No new redeemers to process.

Wed Nov 30 20:23:43 2022 
No new redeemers to process.

Wed Nov 30 20:23:46 2022 
No new redeemers to process.

Wed Nov 30 20:23:49 2022 
No new redeemers to process.

Wed Nov 30 20:23:52 2022 
No new redeemers to process.

Wed Nov 30 20:23:55 2022 
No new redeemers to process.

Wed Nov 30 20:23:58 2022 
No new redeemers to process.

Wed Nov 30 20:24:01 2022 
No new redeemers to process.

Wed Nov 30 20:24:04 2022 
No new redeemers to process.

Wed Nov 30 20:24:07 2022 
No new redeemers to process.

Wed Nov 30 20:24:10 2022 
No new redeemers to process.

Wed Nov 30 20:24:13 2022 
No new redeemers to process.

Wed Nov 30 20:24:16 2022 
No new redeemers to process.

Wed Nov 30 20:24:19 2022 
No new redeemers to process.

Wed Nov 30 20:24:22 2022 
No new redeemers to process.

Wed Nov 30 20:24:25 2022 
No new redeemers to process.

Wed Nov 30 20:24:28 2022 
No new redeemers to process.

Wed Nov 30 20:24:31 2022 
No new redeemers to process.

Wed Nov 30 20:24:34 2022 
No new redeemers to process.

Wed Nov 30 20:24:37 2022 
No new redeemers to process.

Wed Nov 30 20:24:40 2022 
No new redeemers to process.

Wed Nov 30 20:24:43 2022 
No new redeemers to process.

Wed Nov 30 20:24:46 2022 
No new redeemers to process.

Wed Nov 30 20:24:49 2022 
No new redeemers to process.

Wed Nov 30 20:24:52 2022 
No new redeemers to process.

Wed Nov 30 20:24:55 2022 
No new redeemers to process.

Wed Nov 30 20:24:58 2022 
No new redeemers to process.

Wed Nov 30 20:25:01 2022 
No new redeemers to process.

Wed Nov 30 20:25:04 2022 
No new redeemers to process.

Wed Nov 30 20:25:07 2022 
No new redeemers to process.

Wed Nov 30 20:25:10 2022 
No new redeemers to process.

Wed Nov 30 20:25:13 2022 
No new redeemers to process.

Wed Nov 30 20:25:16 2022 
No new redeemers to process.

Wed Nov 30 20:25:19 2022 
No new redeemers to process.

Wed Nov 30 20:25:22 2022 
No new redeemers to process.

Wed Nov 30 20:25:25 2022 
No new redeemers to process.

Wed Nov 30 20:25:28 2022 
No new redeemers to process.

Wed Nov 30 20:25:31 2022 
No new redeemers to process.

Wed Nov 30 20:25:34 2022 
No new redeemers to process.

Wed Nov 30 20:25:37 2022 
No new redeemers to process.

Wed Nov 30 20:25:40 2022 
No new redeemers to process.

Wed Nov 30 20:25:43 2022 
No new redeemers to process.

Wed Nov 30 20:25:46 2022 
No new redeemers to process.

Wed Nov 30 20:25:49 2022 
No new redeemers to process.

Wed Nov 30 20:25:52 2022 
No new redeemers to process.

Wed Nov 30 20:25:55 2022 
No new redeemers to process.

Wed Nov 30 20:25:58 2022 
No new redeemers to process.

Wed Nov 30 20:26:01 2022 
No new redeemers to process.

Wed Nov 30 20:26:04 2022 
No new redeemers to process.

Wed Nov 30 20:26:07 2022 
No new redeemers to process.

Wed Nov 30 20:26:10 2022 
No new redeemers to process.

Wed Nov 30 20:26:13 2022 
No new redeemers to process.

Wed Nov 30 20:26:16 2022 
No new redeemers to process.

Wed Nov 30 20:26:19 2022 
No new redeemers to process.

Wed Nov 30 20:26:22 2022 
No new redeemers to process.

Wed Nov 30 20:26:25 2022 
No new redeemers to process.

Wed Nov 30 20:26:28 2022 
No new redeemers to process.

Wed Nov 30 20:26:31 2022 
No new redeemers to process.

Wed Nov 30 20:26:34 2022 
No new redeemers to process.

Wed Nov 30 20:26:37 2022 
No new redeemers to process.

Wed Nov 30 20:26:40 2022 
No new redeemers to process.

Wed Nov 30 20:26:43 2022 
No new redeemers to process.

Wed Nov 30 20:26:46 2022 
No new redeemers to process.

Wed Nov 30 20:26:49 2022 
No new redeemers to process.

Wed Nov 30 20:26:52 2022 
No new redeemers to process.

Wed Nov 30 20:26:55 2022 
No new redeemers to process.

Wed Nov 30 20:26:58 2022 
No new redeemers to process.

Wed Nov 30 20:27:01 2022 
No new redeemers to process.

Wed Nov 30 20:27:04 2022 
No new redeemers to process.

Wed Nov 30 20:27:07 2022 
No new redeemers to process.

Wed Nov 30 20:27:10 2022 
No new redeemers to process.

Wed Nov 30 20:27:13 2022 
No new redeemers to process.

Wed Nov 30 20:27:16 2022 
No new redeemers to process.

Wed Nov 30 20:27:19 2022 
No new redeemers to process.

Wed Nov 30 20:27:22 2022 
No new redeemers to process.

Wed Nov 30 20:27:25 2022 
No new redeemers to process.

Wed Nov 30 20:27:28 2022 
No new redeemers to process.

Wed Nov 30 20:27:31 2022 
No new redeemers to process.

Wed Nov 30 20:27:34 2022 
No new redeemers to process.

Wed Nov 30 20:27:37 2022 
No new redeemers to process.

Wed Nov 30 20:27:40 2022 
No new redeemers to process.

Wed Nov 30 20:27:43 2022 
No new redeemers to process.

Wed Nov 30 20:27:46 2022 
No new redeemers to process.

Wed Nov 30 20:27:49 2022 
No new redeemers to process.

Wed Nov 30 20:27:52 2022 
No new redeemers to process.

Wed Nov 30 20:27:55 2022 
No new redeemers to process.

Wed Nov 30 20:27:58 2022 
No new redeemers to process.

Wed Nov 30 20:28:01 2022 
No new redeemers to process.

Wed Nov 30 20:28:04 2022 
No new redeemers to process.

Wed Nov 30 20:28:07 2022 
No new redeemers to process.

Wed Nov 30 20:28:10 2022 
No new redeemers to process.

Wed Nov 30 20:28:13 2022 
No new redeemers to process.

Wed Nov 30 20:28:16 2022 
No new redeemers to process.

Wed Nov 30 20:28:19 2022 
No new redeemers to process.

Wed Nov 30 20:28:22 2022 
No new redeemers to process.

Wed Nov 30 20:28:25 2022 
No new redeemers to process.

Wed Nov 30 20:28:28 2022 
No new redeemers to process.

Wed Nov 30 20:28:31 2022 
No new redeemers to process.

Wed Nov 30 20:28:34 2022 
No new redeemers to process.

Wed Nov 30 20:28:37 2022 
No new redeemers to process.

Wed Nov 30 20:28:40 2022 
No new redeemers to process.

Wed Nov 30 20:28:43 2022 
No new redeemers to process.

Wed Nov 30 20:28:46 2022 
No new redeemers to process.

Wed Nov 30 20:28:49 2022 
No new redeemers to process.

Wed Nov 30 20:28:52 2022 
No new redeemers to process.

Wed Nov 30 20:28:55 2022 
No new redeemers to process.

Wed Nov 30 20:28:58 2022 
No new redeemers to process.

Wed Nov 30 20:29:01 2022 
No new redeemers to process.

Wed Nov 30 20:29:04 2022 
No new redeemers to process.

Wed Nov 30 20:29:07 2022 
No new redeemers to process.

Wed Nov 30 20:29:10 2022 
No new redeemers to process.

Wed Nov 30 20:29:13 2022 
No new redeemers to process.

Wed Nov 30 20:29:16 2022 
No new redeemers to process.

Wed Nov 30 20:29:19 2022 
No new redeemers to process.

Wed Nov 30 20:29:22 2022 
No new redeemers to process.

Wed Nov 30 20:29:25 2022 
No new redeemers to process.

Wed Nov 30 20:29:28 2022 
No new redeemers to process.

Wed Nov 30 20:29:31 2022 
No new redeemers to process.

Wed Nov 30 20:29:34 2022 
No new redeemers to process.

Wed Nov 30 20:29:37 2022 
No new redeemers to process.

Wed Nov 30 20:29:40 2022 
No new redeemers to process.

Wed Nov 30 20:29:43 2022 
No new redeemers to process.

Wed Nov 30 20:29:46 2022 
No new redeemers to process.

Wed Nov 30 20:29:49 2022 
No new redeemers to process.

Wed Nov 30 20:29:52 2022 
No new redeemers to process.

Wed Nov 30 20:29:55 2022 
No new redeemers to process.

Wed Nov 30 20:29:58 2022 
No new redeemers to process.

Wed Nov 30 20:30:01 2022 
No new redeemers to process.

Wed Nov 30 20:30:04 2022 
No new redeemers to process.

Wed Nov 30 20:30:07 2022 
No new redeemers to process.

Wed Nov 30 20:30:10 2022 
No new redeemers to process.

Wed Nov 30 20:30:13 2022 
No new redeemers to process.

Wed Nov 30 20:30:16 2022 
No new redeemers to process.

Wed Nov 30 20:30:19 2022 
No new redeemers to process.

Wed Nov 30 20:30:22 2022 
No new redeemers to process.

Wed Nov 30 20:30:25 2022 
No new redeemers to process.

Wed Nov 30 20:30:28 2022 
No new redeemers to process.

Wed Nov 30 20:30:31 2022 
No new redeemers to process.

Wed Nov 30 20:30:34 2022 
No new redeemers to process.

Wed Nov 30 20:30:37 2022 
No new redeemers to process.

Wed Nov 30 20:30:40 2022 
No new redeemers to process.

Wed Nov 30 20:30:43 2022 
No new redeemers to process.

Wed Nov 30 20:30:46 2022 
No new redeemers to process.

Wed Nov 30 20:30:49 2022 
No new redeemers to process.

Wed Nov 30 20:30:52 2022 
No new redeemers to process.

Wed Nov 30 20:30:55 2022 
No new redeemers to process.

Wed Nov 30 20:30:58 2022 
No new redeemers to process.

Wed Nov 30 20:31:01 2022 
No new redeemers to process.

Wed Nov 30 20:31:04 2022 
No new redeemers to process.

Wed Nov 30 20:31:07 2022 
No new redeemers to process.

Wed Nov 30 20:31:10 2022 
No new redeemers to process.

Wed Nov 30 20:31:13 2022 
No new redeemers to process.

Wed Nov 30 20:31:16 2022 
No new redeemers to process.

Wed Nov 30 20:31:19 2022 
No new redeemers to process.

Wed Nov 30 20:31:22 2022 
No new redeemers to process.

Wed Nov 30 20:31:25 2022 
No new redeemers to process.

Wed Nov 30 20:31:28 2022 
No new redeemers to process.

Wed Nov 30 20:31:31 2022 
No new redeemers to process.

Wed Nov 30 20:31:34 2022 
No new redeemers to process.

Wed Nov 30 20:31:37 2022 
No new redeemers to process.

Wed Nov 30 20:31:40 2022 
No new redeemers to process.

Wed Nov 30 20:31:43 2022 
No new redeemers to process.

Wed Nov 30 20:31:46 2022 
No new redeemers to process.

Wed Nov 30 20:31:49 2022 
No new redeemers to process.

Wed Nov 30 20:31:52 2022 
No new redeemers to process.

Wed Nov 30 20:31:55 2022 
No new redeemers to process.

Wed Nov 30 20:31:58 2022 
No new redeemers to process.

Wed Nov 30 20:32:01 2022 
No new redeemers to process.

Wed Nov 30 20:32:04 2022 
No new redeemers to process.

Wed Nov 30 20:32:07 2022 
No new redeemers to process.

Wed Nov 30 20:32:10 2022 
No new redeemers to process.

Wed Nov 30 20:32:13 2022 
No new redeemers to process.

Wed Nov 30 20:32:16 2022 
No new redeemers to process.

Wed Nov 30 20:32:19 2022 
No new redeemers to process.

Wed Nov 30 20:32:22 2022 
No new redeemers to process.

Wed Nov 30 20:32:25 2022 
No new redeemers to process.

Wed Nov 30 20:32:28 2022 
No new redeemers to process.

Wed Nov 30 20:32:31 2022 
No new redeemers to process.

Wed Nov 30 20:32:34 2022 
No new redeemers to process.

Wed Nov 30 20:32:37 2022 
No new redeemers to process.

Wed Nov 30 20:32:40 2022 
No new redeemers to process.

Wed Nov 30 20:32:43 2022 
No new redeemers to process.

Wed Nov 30 20:32:46 2022 
No new redeemers to process.

Wed Nov 30 20:32:49 2022 
No new redeemers to process.

Wed Nov 30 20:32:52 2022 
No new redeemers to process.

Wed Nov 30 20:32:55 2022 
No new redeemers to process.

Wed Nov 30 20:32:58 2022 
No new redeemers to process.

Wed Nov 30 20:33:01 2022 
No new redeemers to process.

Wed Nov 30 20:33:04 2022 
No new redeemers to process.

Wed Nov 30 20:33:07 2022 
No new redeemers to process.

Wed Nov 30 20:33:10 2022 
No new redeemers to process.

Wed Nov 30 20:33:13 2022 
No new redeemers to process.

Wed Nov 30 20:33:16 2022 
No new redeemers to process.

Wed Nov 30 20:33:19 2022 
No new redeemers to process.

Wed Nov 30 20:33:22 2022 
No new redeemers to process.

Wed Nov 30 20:33:25 2022 
No new redeemers to process.

Wed Nov 30 20:33:28 2022 
No new redeemers to process.

Wed Nov 30 20:33:31 2022 
No new redeemers to process.

Wed Nov 30 20:33:34 2022 
No new redeemers to process.

Wed Nov 30 20:33:37 2022 
No new redeemers to process.

Wed Nov 30 20:33:40 2022 
No new redeemers to process.

Wed Nov 30 20:33:43 2022 
No new redeemers to process.

Wed Nov 30 20:33:46 2022 
No new redeemers to process.

Wed Nov 30 20:33:49 2022 
No new redeemers to process.

Wed Nov 30 20:33:52 2022 
No new redeemers to process.

Wed Nov 30 20:33:55 2022 
No new redeemers to process.

Wed Nov 30 20:33:58 2022 
No new redeemers to process.

Wed Nov 30 20:34:01 2022 
No new redeemers to process.

Wed Nov 30 20:34:04 2022 
No new redeemers to process.

Wed Nov 30 20:34:07 2022 
No new redeemers to process.

Wed Nov 30 20:34:10 2022 
No new redeemers to process.

Wed Nov 30 20:34:13 2022 
No new redeemers to process.

Wed Nov 30 20:34:16 2022 
No new redeemers to process.

Wed Nov 30 20:34:19 2022 
No new redeemers to process.

Wed Nov 30 20:34:22 2022 
No new redeemers to process.

Wed Nov 30 20:34:25 2022 
No new redeemers to process.

Wed Nov 30 20:34:28 2022 
No new redeemers to process.

Wed Nov 30 20:34:31 2022 
No new redeemers to process.

Wed Nov 30 20:34:34 2022 
No new redeemers to process.

Wed Nov 30 20:34:37 2022 
No new redeemers to process.

Wed Nov 30 20:34:40 2022 
No new redeemers to process.

Wed Nov 30 20:34:43 2022 
No new redeemers to process.

Wed Nov 30 20:34:46 2022 
No new redeemers to process.

Wed Nov 30 20:34:49 2022 
No new redeemers to process.

Wed Nov 30 20:34:52 2022 
No new redeemers to process.

Wed Nov 30 20:34:55 2022 
No new redeemers to process.

Wed Nov 30 20:34:58 2022 
No new redeemers to process.

Wed Nov 30 20:35:01 2022 
No new redeemers to process.

Wed Nov 30 20:35:04 2022 
No new redeemers to process.

Wed Nov 30 20:35:07 2022 
No new redeemers to process.

Wed Nov 30 20:35:10 2022 
No new redeemers to process.

Wed Nov 30 20:35:13 2022 
No new redeemers to process.

Wed Nov 30 20:35:16 2022 
No new redeemers to process.

Wed Nov 30 20:35:19 2022 
No new redeemers to process.

Wed Nov 30 20:35:22 2022 
No new redeemers to process.

Wed Nov 30 20:35:25 2022 
No new redeemers to process.

Wed Nov 30 20:35:28 2022 
No new redeemers to process.

Wed Nov 30 20:35:31 2022 
No new redeemers to process.

Wed Nov 30 20:35:34 2022 
No new redeemers to process.

Wed Nov 30 20:35:37 2022 
No new redeemers to process.

Wed Nov 30 20:35:40 2022 
No new redeemers to process.

Wed Nov 30 20:35:43 2022 
No new redeemers to process.

Wed Nov 30 20:35:46 2022 
No new redeemers to process.

Wed Nov 30 20:35:49 2022 
No new redeemers to process.

Wed Nov 30 20:35:52 2022 
No new redeemers to process.

Wed Nov 30 20:35:55 2022 
No new redeemers to process.

Wed Nov 30 20:35:58 2022 
No new redeemers to process.

Wed Nov 30 20:36:01 2022 
No new redeemers to process.

Wed Nov 30 20:36:04 2022 
No new redeemers to process.

Wed Nov 30 20:36:07 2022 
No new redeemers to process.

Wed Nov 30 20:36:10 2022 
No new redeemers to process.

Wed Nov 30 20:36:13 2022 
No new redeemers to process.

Wed Nov 30 20:36:16 2022 
No new redeemers to process.

Wed Nov 30 20:36:19 2022 
No new redeemers to process.

Wed Nov 30 20:36:22 2022 
No new redeemers to process.

Wed Nov 30 20:36:25 2022 
No new redeemers to process.

Wed Nov 30 20:36:28 2022 
No new redeemers to process.

Wed Nov 30 20:36:31 2022 
No new redeemers to process.

Wed Nov 30 20:36:34 2022 
No new redeemers to process.

Wed Nov 30 20:36:37 2022 
No new redeemers to process.

Wed Nov 30 20:36:40 2022 
No new redeemers to process.

Wed Nov 30 20:36:43 2022 
No new redeemers to process.

Wed Nov 30 20:36:46 2022 
No new redeemers to process.

Wed Nov 30 20:36:49 2022 
No new redeemers to process.

Wed Nov 30 20:36:52 2022 
No new redeemers to process.

Wed Nov 30 20:36:55 2022 
No new redeemers to process.

Wed Nov 30 20:36:58 2022 
No new redeemers to process.

Wed Nov 30 20:37:01 2022 
No new redeemers to process.

Wed Nov 30 20:37:04 2022 
No new redeemers to process.

Wed Nov 30 20:37:07 2022 
No new redeemers to process.

Wed Nov 30 20:37:10 2022 
No new redeemers to process.

Wed Nov 30 20:37:13 2022 
No new redeemers to process.

Wed Nov 30 20:37:16 2022 
No new redeemers to process.

Wed Nov 30 20:37:19 2022 
No new redeemers to process.

Wed Nov 30 20:37:22 2022 
No new redeemers to process.

Wed Nov 30 20:37:25 2022 
No new redeemers to process.

Wed Nov 30 20:37:28 2022 
No new redeemers to process.

Wed Nov 30 20:37:31 2022 
No new redeemers to process.

Wed Nov 30 20:37:34 2022 
No new redeemers to process.

Wed Nov 30 20:37:37 2022 
No new redeemers to process.

Wed Nov 30 20:37:40 2022 
No new redeemers to process.

Wed Nov 30 20:37:43 2022 
No new redeemers to process.

Wed Nov 30 20:37:46 2022 
No new redeemers to process.

Wed Nov 30 20:37:49 2022 
No new redeemers to process.

Wed Nov 30 20:37:52 2022 
No new redeemers to process.

Wed Nov 30 20:37:55 2022 
No new redeemers to process.

Wed Nov 30 20:37:58 2022 
No new redeemers to process.

Wed Nov 30 20:38:01 2022 
No new redeemers to process.

Wed Nov 30 20:38:04 2022 
No new redeemers to process.

Wed Nov 30 20:38:07 2022 
No new redeemers to process.

Wed Nov 30 20:38:10 2022 
No new redeemers to process.

Wed Nov 30 20:38:13 2022 
No new redeemers to process.

Wed Nov 30 20:38:16 2022 
No new redeemers to process.

Wed Nov 30 20:38:19 2022 
No new redeemers to process.

Wed Nov 30 20:38:22 2022 
No new redeemers to process.

Wed Nov 30 20:38:25 2022 
No new redeemers to process.

Wed Nov 30 20:38:28 2022 
No new redeemers to process.

Wed Nov 30 20:38:31 2022 
No new redeemers to process.

Wed Nov 30 20:38:37 2022 
Starting queue handler...

Wed Nov 30 20:38:37 2022 
No new redeemers to process.

Wed Nov 30 20:38:40 2022 
New redeemer to process:
["asd"]

Wed Nov 30 20:38:40 2022 
Wallet address:
addr_test1qzj87nf63cdpkdm04uvgdv95c8l7w59nv4ne9hdz0jlfv0xr33lane4ma0p5qlwt3zw8mjs5wq4wv27fa4ydqu4x7ceq2zeu6t

Wed Nov 30 20:38:40 2022 
	Lookups:

Wed Nov 30 20:38:40 2022 
ScriptLookups {slTxOutputs = fromList [], slOtherScripts = fromList [(4cd1187e477d56e419c354f1e4c7997a736dfc5e095a2511aba0f75d,Versioned {unversioned = <Script>, version = PlutusV2})], slOtherData = fromList [], slPaymentPubKeyHashes = fromList [], slTypedValidator = Nothing, slOwnPaymentPubKeyHash = Nothing, slOwnStakePubKeyHash = Nothing}

Wed Nov 30 20:38:40 2022 
	Constraints:

Wed Nov 30 20:38:40 2022 
TxConstraints {txConstraints = [MustMintValue 4cd1187e477d56e419c354f1e4c7997a736dfc5e095a2511aba0f75d (Redeemer {getRedeemer = List [B "asd"]}) "asd" 1], txConstraintFuns = TxConstraintFuns [], txOwnInputs = [], txOwnOutputs = []}

Wed Nov 30 20:38:40 2022 
Balancing...

Wed Nov 30 20:38:40 2022 
Tx 3e54fa7592909fc44c9977bc5c5c06d66e5b845a37dff9f4be551d12bca9485d:
  {inputs:
     - 41ef686b929633018ec26bd25a2f09ced0d7e1b6184c47e23f6a1c24998c7f4a!14

  reference inputs:
  collateral inputs:
    - b4b1e8bcb8f06648427518e613934ec87092c9803baf8109e21bb2c67a0ea0a7!0

  outputs:
    - Value (Map [(,Map [("",69667897)]),(4cd1187e477d56e419c354f1e4c7997a736dfc5e095a2511aba0f75d,Map [("asd",1)])]) addressed to
      PubKeyCredential: 81c3cbdcf39ed816b4bbdc818c77852a9f7643bc0227d779052d74d6 (StakingHash PubKeyCredential: c38c7fd9e6bbebc3407dcb889c7dca14702ae62bc9ed48d072a6f632)
      with no datum
      and with no reference script
  mint: Value (Map [(4cd1187e477d56e419c354f1e4c7997a736dfc5e095a2511aba0f75d,Map [("asd",1)])])
  fee: Value (Map [(,Map [("",318527)])])
  validity range: Interval {ivFrom = LowerBound NegInf True, ivTo = UpperBound PosInf True}
  data:
  redeemers:}

Wed Nov 30 20:38:40 2022 
Signing...

Wed Nov 30 20:38:40 2022 
Tx 3e54fa7592909fc44c9977bc5c5c06d66e5b845a37dff9f4be551d12bca9485d:
  {inputs:
     - 41ef686b929633018ec26bd25a2f09ced0d7e1b6184c47e23f6a1c24998c7f4a!14

  reference inputs:
  collateral inputs:
    - b4b1e8bcb8f06648427518e613934ec87092c9803baf8109e21bb2c67a0ea0a7!0

  outputs:
    - Value (Map [(,Map [("",69667897)]),(4cd1187e477d56e419c354f1e4c7997a736dfc5e095a2511aba0f75d,Map [("asd",1)])]) addressed to
      PubKeyCredential: 81c3cbdcf39ed816b4bbdc818c77852a9f7643bc0227d779052d74d6 (StakingHash PubKeyCredential: c38c7fd9e6bbebc3407dcb889c7dca14702ae62bc9ed48d072a6f632)
      with no datum
      and with no reference script
  mint: Value (Map [(4cd1187e477d56e419c354f1e4c7997a736dfc5e095a2511aba0f75d,Map [("asd",1)])])
  fee: Value (Map [(,Map [("",318527)])])
  validity range: Interval {ivFrom = LowerBound NegInf True, ivTo = UpperBound PosInf True}
  data:
  redeemers:}

Wed Nov 30 20:38:40 2022 
Submitting...

Wed Nov 30 20:44:27 2022 
Submited.

Wed Nov 30 20:44:27 2022 
No new redeemers to process.

Wed Nov 30 20:44:30 2022 
No new redeemers to process.

Wed Nov 30 20:44:33 2022 
No new redeemers to process.

Wed Nov 30 20:44:36 2022 
No new redeemers to process.

Wed Nov 30 20:44:39 2022 
No new redeemers to process.

Wed Nov 30 20:44:42 2022 
No new redeemers to process.

Wed Nov 30 20:44:45 2022 
No new redeemers to process.

Wed Nov 30 20:44:48 2022 
No new redeemers to process.

Wed Nov 30 20:44:51 2022 
No new redeemers to process.

Wed Nov 30 20:44:54 2022 
No new redeemers to process.

Wed Nov 30 20:44:57 2022 
No new redeemers to process.

Wed Nov 30 20:45:00 2022 
No new redeemers to process.

Wed Nov 30 20:45:03 2022 
No new redeemers to process.

Wed Nov 30 20:45:06 2022 
No new redeemers to process.

Wed Nov 30 20:45:09 2022 
No new redeemers to process.

Wed Nov 30 20:45:12 2022 
No new redeemers to process.

Wed Nov 30 20:45:15 2022 
No new redeemers to process.

Wed Nov 30 20:45:18 2022 
No new redeemers to process.

Wed Nov 30 20:45:21 2022 
No new redeemers to process.

Wed Nov 30 20:45:24 2022 
No new redeemers to process.

Wed Nov 30 20:45:27 2022 
No new redeemers to process.

Wed Nov 30 20:45:30 2022 
No new redeemers to process.

Wed Nov 30 20:45:33 2022 
No new redeemers to process.

Wed Nov 30 20:45:36 2022 
No new redeemers to process.

Wed Nov 30 20:45:39 2022 
No new redeemers to process.

Wed Nov 30 20:45:42 2022 
No new redeemers to process.

Wed Nov 30 20:45:45 2022 
No new redeemers to process.

Wed Nov 30 20:45:48 2022 
No new redeemers to process.

Wed Nov 30 20:45:51 2022 
No new redeemers to process.

Wed Nov 30 20:45:54 2022 
No new redeemers to process.

Wed Nov 30 20:45:57 2022 
No new redeemers to process.

Wed Nov 30 20:46:00 2022 
No new redeemers to process.

Wed Nov 30 20:46:03 2022 
No new redeemers to process.

Wed Nov 30 20:46:06 2022 
No new redeemers to process.

Wed Nov 30 20:46:09 2022 
No new redeemers to process.

Wed Nov 30 20:46:12 2022 
No new redeemers to process.

Wed Nov 30 20:46:15 2022 
No new redeemers to process.

Wed Nov 30 20:46:18 2022 
No new redeemers to process.

Wed Nov 30 20:46:21 2022 
No new redeemers to process.

Wed Nov 30 20:46:24 2022 
No new redeemers to process.

Wed Nov 30 20:46:27 2022 
No new redeemers to process.

Wed Nov 30 20:46:30 2022 
No new redeemers to process.

Wed Nov 30 20:46:33 2022 
No new redeemers to process.

Wed Nov 30 20:46:36 2022 
No new redeemers to process.

Wed Nov 30 20:46:39 2022 
No new redeemers to process.

Wed Nov 30 20:46:42 2022 
No new redeemers to process.

Wed Nov 30 20:46:45 2022 
No new redeemers to process.

Wed Nov 30 20:46:48 2022 
No new redeemers to process.

Wed Nov 30 20:46:51 2022 
No new redeemers to process.

Wed Nov 30 20:46:54 2022 
No new redeemers to process.

Wed Nov 30 20:46:57 2022 
No new redeemers to process.

Wed Nov 30 20:47:00 2022 
No new redeemers to process.

Wed Nov 30 20:47:03 2022 
No new redeemers to process.

Wed Nov 30 20:47:06 2022 
No new redeemers to process.

Wed Nov 30 20:47:09 2022 
No new redeemers to process.

Wed Nov 30 20:47:12 2022 
No new redeemers to process.

Wed Nov 30 20:47:15 2022 
No new redeemers to process.

Wed Nov 30 20:47:18 2022 
No new redeemers to process.

Wed Nov 30 20:47:21 2022 
No new redeemers to process.

Wed Nov 30 20:47:24 2022 
No new redeemers to process.

Wed Nov 30 20:47:27 2022 
No new redeemers to process.

Wed Nov 30 20:47:30 2022 
No new redeemers to process.

Wed Nov 30 20:47:33 2022 
No new redeemers to process.

Wed Nov 30 20:47:36 2022 
No new redeemers to process.

Wed Nov 30 20:47:39 2022 
No new redeemers to process.

Wed Nov 30 20:47:42 2022 
No new redeemers to process.

Wed Nov 30 20:47:45 2022 
No new redeemers to process.

Wed Nov 30 20:47:48 2022 
No new redeemers to process.

Wed Nov 30 20:47:51 2022 
No new redeemers to process.

Wed Nov 30 20:47:54 2022 
No new redeemers to process.

Wed Nov 30 20:47:57 2022 
No new redeemers to process.

Wed Nov 30 20:48:00 2022 
No new redeemers to process.

Wed Dec 07 01:19:44 2022 
Starting queue handler...

Wed Dec 07 01:19:44 2022 
No new redeemers to process.

Wed Dec 07 01:20:14 2022 
No new redeemers to process.

Tue Jan 10 21:48:32 2023 
Starting queue handler...

Tue Jan 10 21:48:32 2023 
No new redeemers to process.

Tue Jan 10 21:54:05 2023 
Starting queue handler...

Tue Jan 10 21:54:05 2023 
No new redeemers to process.

Tue Jan 10 21:59:05 2023 
No new redeemers to process.

Tue Jan 10 22:04:05 2023 
No new redeemers to process.

Tue Jan 10 22:09:06 2023 
No new redeemers to process.

Tue Jan 10 22:14:06 2023 
No new redeemers to process.

Tue Jan 10 22:19:06 2023 
No new redeemers to process.

Tue Jan 10 22:30:15 2023 
Starting queue handler...

Tue Jan 10 22:30:15 2023 
No new redeemers to process.

Tue Jan 10 22:30:33 2023 
New redeemer to process:
["\243\139\146\140\240\165\130\171\240\147\164\139\226\154\131"]
Utxos:
fromList []

Tue Jan 10 22:30:40 2023 
Wallet address:
addr_test1qrzde3sqw0na9n4p8dmhc55gkphk2x48hzclpjx6cy0wuzgnt9a4spnfrrlpp7puw2lcx2zudf49ewyza4q9ha08qhdqghxhek

Tue Jan 10 22:30:40 2023 
	Lookups:

Tue Jan 10 22:30:40 2023 
ScriptLookups {slTxOutputs = fromList [], slOtherScripts = fromList [(4cd1187e477d56e419c354f1e4c7997a736dfc5e095a2511aba0f75d,Versioned {unversioned = <Script>, version = PlutusV2})], slOtherData = fromList [], slPaymentPubKeyHashes = fromList [], slTypedValidator = Nothing, slOwnPaymentPubKeyHash = Nothing, slOwnStakingCredential = Nothing}

Tue Jan 10 22:30:40 2023 
	Constraints:

Tue Jan 10 22:30:40 2023 
TxConstraints {txConstraints = [MustMintValue 4cd1187e477d56e419c354f1e4c7997a736dfc5e095a2511aba0f75d (Redeemer {getRedeemer = List [B "\243\139\146\140\240\165\130\171\240\147\164\139\226\154\131"]}) "󋒌𥂫𓤋⚃" 1 Nothing], txConstraintFuns = TxConstraintFuns [], txOwnInputs = [], txOwnOutputs = []}

Tue Jan 10 22:30:40 2023 
Balancing...

Tue Jan 10 22:30:40 2023 
Tx 0d51c35b9fc0583f9486f9db7f87d01039ff7b754b5ae0c4507e0fc1a3dcf8d2:
  {inputs:
     - f4dad04bd4b287cb64945b2fb446f679e88942da081213b53d8ac16efa5c3ebb!1

  reference inputs:
  collateral inputs:
    - f4dad04bd4b287cb64945b2fb446f679e88942da081213b53d8ac16efa5c3ebb!1

  outputs:
    - Value (Map [(,Map [("",7992205422)]),(4cd1187e477d56e419c354f1e4c7997a736dfc5e095a2511aba0f75d,Map [("󋒌𥂫𓤋⚃",1)])]) addressed to
      PubKeyCredential: cfa979fcd14822a3272387562779ce0ec99a0a9ba4a0fa49ce788918 (StakingHash PubKeyCredential: 13597b58066918fe10f83c72bf83285c6a6a5cb882ed405bf5e705da)
  mint: Value (Map [(4cd1187e477d56e419c354f1e4c7997a736dfc5e095a2511aba0f75d,Map [("󋒌𥂫𓤋⚃",1)])])
  fee: Value (Map [(,Map [("",315843)])])
  validity range: Interval {ivFrom = LowerBound NegInf True, ivTo = UpperBound PosInf True}
  data:
  redeemers:}

Tue Jan 10 22:30:40 2023 
Signing...

Tue Jan 10 22:30:40 2023 
Tx 0d51c35b9fc0583f9486f9db7f87d01039ff7b754b5ae0c4507e0fc1a3dcf8d2:
  {inputs:
     - f4dad04bd4b287cb64945b2fb446f679e88942da081213b53d8ac16efa5c3ebb!1

  reference inputs:
  collateral inputs:
    - f4dad04bd4b287cb64945b2fb446f679e88942da081213b53d8ac16efa5c3ebb!1

  outputs:
    - Value (Map [(,Map [("",7992205422)]),(4cd1187e477d56e419c354f1e4c7997a736dfc5e095a2511aba0f75d,Map [("󋒌𥂫𓤋⚃",1)])]) addressed to
      PubKeyCredential: cfa979fcd14822a3272387562779ce0ec99a0a9ba4a0fa49ce788918 (StakingHash PubKeyCredential: 13597b58066918fe10f83c72bf83285c6a6a5cb882ed405bf5e705da)
  mint: Value (Map [(4cd1187e477d56e419c354f1e4c7997a736dfc5e095a2511aba0f75d,Map [("󋒌𥂫𓤋⚃",1)])])
  fee: Value (Map [(,Map [("",315843)])])
  validity range: Interval {ivFrom = LowerBound NegInf True, ivTo = UpperBound PosInf True}
  data:
  redeemers:}

Tue Jan 10 22:30:40 2023 
Submitting...

Tue Jan 10 22:30:48 2023 
Submited.

Tue Jan 10 22:30:48 2023 
No new redeemers to process.

Wed Jan 11 19:43:28 2023 
Starting queue handler...

Wed Jan 11 19:43:28 2023 
No new redeemers to process.

Wed Jan 11 19:48:12 2023 
Starting queue handler...

Wed Jan 11 19:48:12 2023 
No new redeemers to process.

Wed Jan 11 19:55:11 2023 
Starting queue handler...

Wed Jan 11 19:55:11 2023 
No new redeemers to process.

Wed Jan 11 21:10:53 2023 
Starting queue handler...

Wed Jan 11 21:10:53 2023 
No new redeemers to process.

Wed Jan 11 21:20:08 2023 
Starting queue handler...

Wed Jan 11 21:20:08 2023 
No new redeemers to process.

Wed Jan 11 21:50:36 2023 
Starting queue handler...

Wed Jan 11 21:50:36 2023 
No new redeemers to process.

Wed Jan 11 23:31:09 2023 
Starting queue handler...

Wed Jan 11 23:31:09 2023 
No new redeemers to process.

Wed Jan 11 23:34:59 2023 
Starting queue handler...

Wed Jan 11 23:34:59 2023 
No new redeemers to process.

Mon Jan 16 22:00:32 2023 
Starting queue handler...

Mon Jan 16 22:00:32 2023 
No new redeemers to process.

Mon Jan 16 22:01:23 2023 
Starting queue handler...

Mon Jan 16 22:01:23 2023 
No new redeemers to process.

Mon Jan 16 22:02:09 2023 
Starting queue handler...

Mon Jan 16 22:02:09 2023 
No new redeemers to process.

Mon Jan 16 22:03:04 2023 
Starting queue handler...

Mon Jan 16 22:03:04 2023 
No new redeemers to process.

Mon Jan 16 22:07:35 2023 
Starting queue handler...

Mon Jan 16 22:07:35 2023 
No new redeemers to process.

Mon Jan 16 22:12:47 2023 
Starting queue handler...

Mon Jan 16 22:12:47 2023 
No new redeemers to process.

Tue Jan 17 01:08:17 2023 
Starting queue handler...

Tue Jan 17 01:08:17 2023 
No new inputs to process.

Tue Jan 17 01:18:29 2023 
Starting queue handler...

Tue Jan 17 01:18:29 2023 
No new inputs to process.

Tue Jan 17 01:20:09 2023 
Starting queue handler...

Tue Jan 17 01:20:09 2023 
No new inputs to process.

Tue Jan 17 01:25:10 2023 
No new inputs to process.

Tue Jan 17 01:30:10 2023 
No new inputs to process.

Tue Jan 17 01:36:41 2023 
Starting queue handler...

Tue Jan 17 01:36:41 2023 
No new inputs to process.

Tue Jan 17 01:41:42 2023 
No new inputs to process.

Tue Jan 17 01:45:08 2023 
Starting queue handler...

Tue Jan 17 01:45:08 2023 
No new inputs to process.

Tue Jan 17 01:52:25 2023 
Starting queue handler...

Tue Jan 17 01:52:25 2023 
No new inputs to process.

Tue Jan 17 01:57:26 2023 
No new inputs to process.

Tue Jan 17 02:00:14 2023 
Starting queue handler...

Tue Jan 17 02:00:14 2023 
No new inputs to process.

Tue Jan 17 02:05:14 2023 
No new inputs to process.

Tue Jan 17 02:08:37 2023 
Starting queue handler...

Tue Jan 17 02:08:37 2023 
No new inputs to process.

Tue Jan 17 02:09:25 2023 
Starting queue handler...

Tue Jan 17 02:09:25 2023 
No new inputs to process.

Tue Jan 17 02:20:45 2023 
Starting queue handler...

Tue Jan 17 02:20:45 2023 
No new inputs to process.

Tue Jan 17 02:29:30 2023 
Starting queue handler...

Tue Jan 17 02:29:30 2023 
No new inputs to process.

Tue Jan 17 04:01:20 2023 
Starting queue handler...

Tue Jan 17 04:01:20 2023 
No new inputs to process.

Tue Jan 17 21:07:51 2023 
Starting queue handler...

Tue Jan 17 21:07:51 2023 
No new inputs to process.

Tue Jan 17 21:12:51 2023 
No new inputs to process.

Tue Jan 17 21:13:36 2023 
New input to process:
["\242\187\135\189\241\152\176\163\241\142\148\140\244\141\190\156","\242\134\135\189\240\145\144\140\241\154\168\134\243\139\140\164\240\179\177\190\243\148\186\171","\240\191\151\190\241\178\146\183\240\151\131\148\243\188\147\191\243\138\138\155\243\163\137\169\241\164\160\191","\243\153\190\140\240\187\176\154\242\134\137\134\242\160\161\188\242\137\140\148","\242\166\191\142\229\180\177\243\157\175\132\240\169\159\134\241\188\137\184","\241\190\166\160\241\189\182\166\240\163\128\191\242\175\167\147\243\176\137\129\241\164\139\183\242\128\141\175","\243\149\177\177\241\130\152\145\242\164\130\147\243\168\178\138"]
Utxos:
fromList []

Tue Jan 17 21:13:43 2023 
Wallet address:
addr_test1qrzde3sqw0na9n4p8dmhc55gkphk2x48hzclpjx6cy0wuzgnt9a4spnfrrlpp7puw2lcx2zudf49ewyza4q9ha08qhdqghxhek

Tue Jan 17 21:13:43 2023 
	Lookups:

Tue Jan 17 21:13:43 2023 
ScriptLookups {slTxOutputs = fromList [], slOtherScripts = fromList [(4cd1187e477d56e419c354f1e4c7997a736dfc5e095a2511aba0f75d,Versioned {unversioned = <Script>, version = PlutusV2})], slOtherData = fromList [], slPaymentPubKeyHashes = fromList [], slTypedValidator = Nothing, slOwnPaymentPubKeyHash = Nothing, slOwnStakingCredential = Nothing}

Tue Jan 17 21:13:43 2023 
	Constraints:

Tue Jan 17 21:13:43 2023 
TxConstraints {txConstraints = [MustMintValue 4cd1187e477d56e419c354f1e4c7997a736dfc5e095a2511aba0f75d (Redeemer {getRedeemer = List [B "\242\187\135\189\241\152\176\163\241\142\148\140\244\141\190\156",B "\242\134\135\189\240\145\144\140\241\154\168\134\243\139\140\164\240\179\177\190\243\148\186\171",B "\240\191\151\190\241\178\146\183\240\151\131\148\243\188\147\191\243\138\138\155\243\163\137\169\241\164\160\191",B "\243\153\190\140\240\187\176\154\242\134\137\134\242\160\161\188\242\137\140\148",B "\242\166\191\142\229\180\177\243\157\175\132\240\169\159\134\241\188\137\184",B "\241\190\166\160\241\189\182\166\240\163\128\191\242\175\167\147\243\176\137\129\241\164\139\183\242\128\141\175",B "\243\149\177\177\241\130\152\145\242\164\130\147\243\168\178\138"]}) "򻇽񘰣񎔌􍾜" 1 Nothing,MustMintValue 4cd1187e477d56e419c354f1e4c7997a736dfc5e095a2511aba0f75d (Redeemer {getRedeemer = List [B "\242\187\135\189\241\152\176\163\241\142\148\140\244\141\190\156",B "\242\134\135\189\240\145\144\140\241\154\168\134\243\139\140\164\240\179\177\190\243\148\186\171",B "\240\191\151\190\241\178\146\183\240\151\131\148\243\188\147\191\243\138\138\155\243\163\137\169\241\164\160\191",B "\243\153\190\140\240\187\176\154\242\134\137\134\242\160\161\188\242\137\140\148",B "\242\166\191\142\229\180\177\243\157\175\132\240\169\159\134\241\188\137\184",B "\241\190\166\160\241\189\182\166\240\163\128\191\242\175\167\147\243\176\137\129\241\164\139\183\242\128\141\175",B "\243\149\177\177\241\130\152\145\242\164\130\147\243\168\178\138"]}) "򆇽𑐌񚨆󋌤𳱾󔺫" 1 Nothing,MustMintValue 4cd1187e477d56e419c354f1e4c7997a736dfc5e095a2511aba0f75d (Redeemer {getRedeemer = List [B "\242\187\135\189\241\152\176\163\241\142\148\140\244\141\190\156",B "\242\134\135\189\240\145\144\140\241\154\168\134\243\139\140\164\240\179\177\190\243\148\186\171",B "\240\191\151\190\241\178\146\183\240\151\131\148\243\188\147\191\243\138\138\155\243\163\137\169\241\164\160\191",B "\243\153\190\140\240\187\176\154\242\134\137\134\242\160\161\188\242\137\140\148",B "\242\166\191\142\229\180\177\243\157\175\132\240\169\159\134\241\188\137\184",B "\241\190\166\160\241\189\182\166\240\163\128\191\242\175\167\147\243\176\137\129\241\164\139\183\242\128\141\175",B "\243\149\177\177\241\130\152\145\242\164\130\147\243\168\178\138"]}) "𿗾񲒷𗃔󼓿󊊛󣉩񤠿" 1 Nothing,MustMintValue 4cd1187e477d56e419c354f1e4c7997a736dfc5e095a2511aba0f75d (Redeemer {getRedeemer = List [B "\242\187\135\189\241\152\176\163\241\142\148\140\244\141\190\156",B "\242\134\135\189\240\145\144\140\241\154\168\134\243\139\140\164\240\179\177\190\243\148\186\171",B "\240\191\151\190\241\178\146\183\240\151\131\148\243\188\147\191\243\138\138\155\243\163\137\169\241\164\160\191",B "\243\153\190\140\240\187\176\154\242\134\137\134\242\160\161\188\242\137\140\148",B "\242\166\191\142\229\180\177\243\157\175\132\240\169\159\134\241\188\137\184",B "\241\190\166\160\241\189\182\166\240\163\128\191\242\175\167\147\243\176\137\129\241\164\139\183\242\128\141\175",B "\243\149\177\177\241\130\152\145\242\164\130\147\243\168\178\138"]}) "󙾌𻰚򆉆򠡼򉌔" 1 Nothing,MustMintValue 4cd1187e477d56e419c354f1e4c7997a736dfc5e095a2511aba0f75d (Redeemer {getRedeemer = List [B "\242\187\135\189\241\152\176\163\241\142\148\140\244\141\190\156",B "\242\134\135\189\240\145\144\140\241\154\168\134\243\139\140\164\240\179\177\190\243\148\186\171",B "\240\191\151\190\241\178\146\183\240\151\131\148\243\188\147\191\243\138\138\155\243\163\137\169\241\164\160\191",B "\243\153\190\140\240\187\176\154\242\134\137\134\242\160\161\188\242\137\140\148",B "\242\166\191\142\229\180\177\243\157\175\132\240\169\159\134\241\188\137\184",B "\241\190\166\160\241\189\182\166\240\163\128\191\242\175\167\147\243\176\137\129\241\164\139\183\242\128\141\175",B "\243\149\177\177\241\130\152\145\242\164\130\147\243\168\178\138"]}) "򦿎崱󝯄𩟆񼉸" 1 Nothing,MustMintValue 4cd1187e477d56e419c354f1e4c7997a736dfc5e095a2511aba0f75d (Redeemer {getRedeemer = List [B "\242\187\135\189\241\152\176\163\241\142\148\140\244\141\190\156",B "\242\134\135\189\240\145\144\140\241\154\168\134\243\139\140\164\240\179\177\190\243\148\186\171",B "\240\191\151\190\241\178\146\183\240\151\131\148\243\188\147\191\243\138\138\155\243\163\137\169\241\164\160\191",B "\243\153\190\140\240\187\176\154\242\134\137\134\242\160\161\188\242\137\140\148",B "\242\166\191\142\229\180\177\243\157\175\132\240\169\159\134\241\188\137\184",B "\241\190\166\160\241\189\182\166\240\163\128\191\242\175\167\147\243\176\137\129\241\164\139\183\242\128\141\175",B "\243\149\177\177\241\130\152\145\242\164\130\147\243\168\178\138"]}) "񾦠񽶦𣀿򯧓󰉁񤋷򀍯" 1 Nothing,MustMintValue 4cd1187e477d56e419c354f1e4c7997a736dfc5e095a2511aba0f75d (Redeemer {getRedeemer = List [B "\242\187\135\189\241\152\176\163\241\142\148\140\244\141\190\156",B "\242\134\135\189\240\145\144\140\241\154\168\134\243\139\140\164\240\179\177\190\243\148\186\171",B "\240\191\151\190\241\178\146\183\240\151\131\148\243\188\147\191\243\138\138\155\243\163\137\169\241\164\160\191",B "\243\153\190\140\240\187\176\154\242\134\137\134\242\160\161\188\242\137\140\148",B "\242\166\191\142\229\180\177\243\157\175\132\240\169\159\134\241\188\137\184",B "\241\190\166\160\241\189\182\166\240\163\128\191\242\175\167\147\243\176\137\129\241\164\139\183\242\128\141\175",B "\243\149\177\177\241\130\152\145\242\164\130\147\243\168\178\138"]}) "󕱱񂘑򤂓󨲊" 1 Nothing], txConstraintFuns = TxConstraintFuns [], txOwnInputs = [], txOwnOutputs = []}

Tue Jan 17 21:13:43 2023 
Balancing...

Tue Jan 17 21:13:44 2023 
FailureResponse (Request {requestPath = (BaseUrl {baseUrlScheme = Http, baseUrlHost = "localhost", baseUrlPort = 8090, baseUrlPath = ""},"/v2/wallets/6f0638a327b5520e71861fa973722fe7426db058/transactions-balance"), requestQueryString = fromList [], requestBody = Just ((),application/json;charset=utf-8), requestAccept = fromList [application/json;charset=utf-8,application/json], requestHeaders = fromList []), requestHttpVersion = HTTP/1.1, requestMethod = "POST"} (Response {responseStatusCode = Status {statusCode = 400, statusMessage = "Bad Request"}, responseHeaders = fromList [("Transfer-Encoding","chunked"),("Date","Tue, 17 Jan 2023 18:13:43 GMT"),("Server","Warp/3.3.20"),("Content-Type","application/json;charset=utf-8")], responseHttpVersion = HTTP/1.1, responseBody = "{\"code\":\"redeemer_script_failure\",\"message\":\"I was unable to assign execution units to one of your redeemers: minting(4cd1187e477d56e419c354f1e4c7997a736dfc5e095a2511aba0f75d); Its execution is failing with the following error: ValidationFailedV2 (CekError An error has occurred:  User error: The machine terminated because of an error, either from a built-in function or from an explicit use of 'error'.) [\\\"PT5\\\"].\"}"})

Tue Jan 17 21:13:44 2023 
No new inputs to process.

Tue Jan 17 21:27:02 2023 
Starting queue handler...

Tue Jan 17 21:27:02 2023 
No new inputs to process.

Tue Jan 17 21:27:14 2023 
New input to process:
["a"]
Utxos:
fromList []

Tue Jan 17 21:27:22 2023 
Wallet address:
addr_test1qrzde3sqw0na9n4p8dmhc55gkphk2x48hzclpjx6cy0wuzgnt9a4spnfrrlpp7puw2lcx2zudf49ewyza4q9ha08qhdqghxhek

Tue Jan 17 21:27:22 2023 
	Lookups:

Tue Jan 17 21:27:22 2023 
ScriptLookups {slTxOutputs = fromList [], slOtherScripts = fromList [(4cd1187e477d56e419c354f1e4c7997a736dfc5e095a2511aba0f75d,Versioned {unversioned = <Script>, version = PlutusV2})], slOtherData = fromList [], slPaymentPubKeyHashes = fromList [], slTypedValidator = Nothing, slOwnPaymentPubKeyHash = Nothing, slOwnStakingCredential = Nothing}

Tue Jan 17 21:27:22 2023 
	Constraints:

Tue Jan 17 21:27:22 2023 
TxConstraints {txConstraints = [MustMintValue 4cd1187e477d56e419c354f1e4c7997a736dfc5e095a2511aba0f75d (Redeemer {getRedeemer = List [B "a"]}) "a" 1 Nothing], txConstraintFuns = TxConstraintFuns [], txOwnInputs = [], txOwnOutputs = []}

Tue Jan 17 21:27:22 2023 
Balancing...

Tue Jan 17 21:27:22 2023 
Tx 1a8274001f7fd59d6cc9986f27efd403035c42f6226aa6c9fed5f9044291a4c8:
  {inputs:
     - d38fc3acbe0c4b787b263131c6bbfcfe44f8946b5aa3fcc0c5cf58d2709fc363!1

  reference inputs:
  collateral inputs:
    - d38fc3acbe0c4b787b263131c6bbfcfe44f8946b5aa3fcc0c5cf58d2709fc363!1

  outputs:
    - Value (Map [(,Map [("",9982526832)]),(4cd1187e477d56e419c354f1e4c7997a736dfc5e095a2511aba0f75d,Map [("a",1)])]) addressed to
      PubKeyCredential: f5cb4776284b9a4a28a9ab586126f489100e43611ef5cd3dff5003ca (StakingHash PubKeyCredential: 13597b58066918fe10f83c72bf83285c6a6a5cb882ed405bf5e705da)
  mint: Value (Map [(4cd1187e477d56e419c354f1e4c7997a736dfc5e095a2511aba0f75d,Map [("a",1)])])
  fee: Value (Map [(,Map [("",313995)])])
  validity range: Interval {ivFrom = LowerBound NegInf True, ivTo = UpperBound PosInf True}
  data:
  redeemers:}

Tue Jan 17 21:27:22 2023 
Signing...

Tue Jan 17 21:27:22 2023 
Tx 1a8274001f7fd59d6cc9986f27efd403035c42f6226aa6c9fed5f9044291a4c8:
  {inputs:
     - d38fc3acbe0c4b787b263131c6bbfcfe44f8946b5aa3fcc0c5cf58d2709fc363!1

  reference inputs:
  collateral inputs:
    - d38fc3acbe0c4b787b263131c6bbfcfe44f8946b5aa3fcc0c5cf58d2709fc363!1

  outputs:
    - Value (Map [(,Map [("",9982526832)]),(4cd1187e477d56e419c354f1e4c7997a736dfc5e095a2511aba0f75d,Map [("a",1)])]) addressed to
      PubKeyCredential: f5cb4776284b9a4a28a9ab586126f489100e43611ef5cd3dff5003ca (StakingHash PubKeyCredential: 13597b58066918fe10f83c72bf83285c6a6a5cb882ed405bf5e705da)
  mint: Value (Map [(4cd1187e477d56e419c354f1e4c7997a736dfc5e095a2511aba0f75d,Map [("a",1)])])
  fee: Value (Map [(,Map [("",313995)])])
  validity range: Interval {ivFrom = LowerBound NegInf True, ivTo = UpperBound PosInf True}
  data:
  redeemers:}

Tue Jan 17 21:27:22 2023 
Submitting...

Tue Jan 17 21:27:23 2023 
Submited.

Tue Jan 17 21:27:31 2023 
Spent:
Lovelace {getLovelace = 17969624850}

Tue Jan 17 21:27:31 2023 
Income:
Lovelace {getLovelace = 9982526832}

Tue Jan 17 21:27:31 2023 
No new inputs to process.

Tue Jan 17 21:32:35 2023 
Starting queue handler...

Tue Jan 17 21:32:35 2023 
No new inputs to process.

Tue Jan 17 21:36:11 2023 
Starting queue handler...

Tue Jan 17 21:36:11 2023 
No new inputs to process.

Tue Jan 17 21:41:18 2023 
Starting queue handler...

Tue Jan 17 21:41:18 2023 
No new inputs to process.

Tue Jan 17 21:57:55 2023 
Starting queue handler...

Tue Jan 17 21:57:55 2023 
No new inputs to process.

Tue Jan 17 22:17:35 2023 
Starting queue handler...

Tue Jan 17 22:17:35 2023 
No new inputs to process.

Wed Jan 18 18:46:57 2023 
Starting queue handler...

Wed Jan 18 18:46:57 2023 
No new inputs to process.

Wed Jan 18 18:57:42 2023 
Starting queue handler...

Wed Jan 18 18:57:42 2023 
No new inputs to process.

Wed Jan 18 19:02:42 2023 
No new inputs to process.

Wed Jan 18 19:07:42 2023 
No new inputs to process.

Wed Jan 18 19:11:46 2023 
Starting queue handler...

Wed Jan 18 19:11:46 2023 
No new inputs to process.

Wed Jan 18 19:26:08 2023 
Starting queue handler...

Wed Jan 18 19:26:08 2023 
No new inputs to process.

Wed Jan 18 19:30:47 2023 
Starting queue handler...

Wed Jan 18 19:30:47 2023 
No new inputs to process.

Wed Jan 18 20:29:27 2023 
Starting queue handler...

Wed Jan 18 20:29:27 2023 
No new inputs to process.

Wed Jan 18 20:30:27 2023 
Starting queue handler...

Wed Jan 18 20:30:27 2023 
No new inputs to process.

Wed Jan 18 20:31:25 2023 
Starting queue handler...

Wed Jan 18 20:31:25 2023 
No new inputs to process.

Wed Jan 18 20:32:14 2023 
Starting queue handler...

Wed Jan 18 20:32:14 2023 
No new inputs to process.

Wed Jan 18 20:33:33 2023 
Starting queue handler...

Wed Jan 18 20:33:33 2023 
No new inputs to process.

Wed Jan 18 20:38:33 2023 
No new inputs to process.

Wed Jan 18 20:43:34 2023 
No new inputs to process.

Wed Jan 18 20:47:16 2023 
Starting queue handler...

Wed Jan 18 20:47:16 2023 
No new inputs to process.

Wed Jan 18 20:52:09 2023 
Starting queue handler...

Wed Jan 18 20:52:09 2023 
No new inputs to process.

Wed Jan 18 23:06:37 2023 
Starting queue handler...

Wed Jan 18 23:06:37 2023 
No new inputs to process.

Thu Jan 19 00:12:33 2023 
Starting queue handler...

Thu Jan 19 00:12:33 2023 
No new inputs to process.

Thu Jan 19 00:16:58 2023 
New input to process:
["\170\170"]
Utxos:
fromList []

Thu Jan 19 00:17:07 2023 
Address doesn't has enough clean UTXO's.

Thu Jan 19 00:17:07 2023 
Wallet address:
addr_test1qrzde3sqw0na9n4p8dmhc55gkphk2x48hzclpjx6cy0wuzgnt9a4spnfrrlpp7puw2lcx2zudf49ewyza4q9ha08qhdqghxhek

Thu Jan 19 00:17:07 2023 
	Lookups:

Thu Jan 19 00:17:07 2023 
ScriptLookups {slTxOutputs = fromList [], slOtherScripts = fromList [], slOtherData = fromList [], slPaymentPubKeyHashes = fromList [], slTypedValidator = Nothing, slOwnPaymentPubKeyHash = Nothing, slOwnStakingCredential = Nothing}

Thu Jan 19 00:17:07 2023 
	Constraints:

Thu Jan 19 00:17:07 2023 
TxConstraints {txConstraints = [], txConstraintFuns = TxConstraintFuns [], txOwnInputs = [], txOwnOutputs = []}

Thu Jan 19 00:17:07 2023 
Balancing...

Thu Jan 19 00:17:07 2023 
Tx eb460eb6b75d937e7cb5215a8d24100db0d586907c5875e3ccf8a8e9747b2535:
  {inputs:
     - aef1327358dc2d1a315c69e693831760b54d8f06e8e85a36fe9dbc280bb464fe!0

  reference inputs:
  collateral inputs:
  outputs:
    - Value (Map [(,Map [("",7986093396)]),(4cd1187e477d56e419c354f1e4c7997a736dfc5e095a2511aba0f75d,Map [("󋒌𥂫𓤋⚃",1)])]) addressed to
      PubKeyCredential: abed10a10c148ac60151bac7bf4fc5f5368c7238b239cb087eadf360 (StakingHash PubKeyCredential: 13597b58066918fe10f83c72bf83285c6a6a5cb882ed405bf5e705da)
  mint: Value (Map [])
  fee: Value (Map [(,Map [("",167437)])])
  validity range: Interval {ivFrom = LowerBound NegInf True, ivTo = UpperBound PosInf True}
  data:
  redeemers:}

Thu Jan 19 00:17:07 2023 
Signing...

Thu Jan 19 00:17:08 2023 
Tx eb460eb6b75d937e7cb5215a8d24100db0d586907c5875e3ccf8a8e9747b2535:
  {inputs:
     - aef1327358dc2d1a315c69e693831760b54d8f06e8e85a36fe9dbc280bb464fe!0

  reference inputs:
  collateral inputs:
  outputs:
    - Value (Map [(,Map [("",7986093396)]),(4cd1187e477d56e419c354f1e4c7997a736dfc5e095a2511aba0f75d,Map [("󋒌𥂫𓤋⚃",1)])]) addressed to
      PubKeyCredential: abed10a10c148ac60151bac7bf4fc5f5368c7238b239cb087eadf360 (StakingHash PubKeyCredential: 13597b58066918fe10f83c72bf83285c6a6a5cb882ed405bf5e705da)
  mint: Value (Map [])
  fee: Value (Map [(,Map [("",167437)])])
  validity range: Interval {ivFrom = LowerBound NegInf True, ivTo = UpperBound PosInf True}
  data:
  redeemers:}

Thu Jan 19 00:17:08 2023 
Submitting...

Thu Jan 19 00:17:27 2023 
Submited.

Thu Jan 19 00:17:27 2023 
Wallet address:
addr_test1qrzde3sqw0na9n4p8dmhc55gkphk2x48hzclpjx6cy0wuzgnt9a4spnfrrlpp7puw2lcx2zudf49ewyza4q9ha08qhdqghxhek

Thu Jan 19 00:17:27 2023 
	Lookups:

Thu Jan 19 00:17:27 2023 
ScriptLookups {slTxOutputs = fromList [], slOtherScripts = fromList [(4cd1187e477d56e419c354f1e4c7997a736dfc5e095a2511aba0f75d,Versioned {unversioned = <Script>, version = PlutusV2})], slOtherData = fromList [], slPaymentPubKeyHashes = fromList [], slTypedValidator = Nothing, slOwnPaymentPubKeyHash = Nothing, slOwnStakingCredential = Nothing}

Thu Jan 19 00:17:27 2023 
	Constraints:

Thu Jan 19 00:17:27 2023 
TxConstraints {txConstraints = [MustMintValue 4cd1187e477d56e419c354f1e4c7997a736dfc5e095a2511aba0f75d (Redeemer {getRedeemer = List [B "\170\170"]}) 0xaaaa 1 Nothing], txConstraintFuns = TxConstraintFuns [], txOwnInputs = [], txOwnOutputs = []}

Thu Jan 19 00:17:27 2023 
Balancing...

Thu Jan 19 00:17:27 2023 
FailureResponse (Request {requestPath = (BaseUrl {baseUrlScheme = Http, baseUrlHost = "localhost", baseUrlPort = 8090, baseUrlPath = ""},"/v2/wallets/6f0638a327b5520e71861fa973722fe7426db058/transactions-balance"), requestQueryString = fromList [], requestBody = Just ((),application/json;charset=utf-8), requestAccept = fromList [application/json;charset=utf-8,application/json], requestHeaders = fromList []), requestHttpVersion = HTTP/1.1, requestMethod = "POST"} (Response {responseStatusCode = Status {statusCode = 403, statusMessage = "Forbidden"}, responseHeaders = fromList [("Transfer-Encoding","chunked"),("Date","Wed, 18 Jan 2023 21:17:27 GMT"),("Server","Warp/3.3.20"),("Content-Type","application/json;charset=utf-8")], responseHttpVersion = HTTP/1.1, responseBody = "{\"code\":\"insufficient_collateral\",\"message\":\"I'm unable to create this transaction because the balance of pure ada UTxOs in your wallet is insufficient to cover the minimum amount of collateral required. I need an ada amount of at least: 2.729156 The largest combination of pure ada UTxOs I could find is: [] To fix this, you'll need to add one or more pure ada UTxOs to your wallet that can cover the minimum amount required.\"}"})

Thu Jan 19 00:17:27 2023 
No new inputs to process.

Thu Jan 19 00:20:12 2023 
New input to process:
["\170\170"]
Utxos:
fromList []

Thu Jan 19 00:20:22 2023 
Address doesn't has enough clean UTXO's.

Thu Jan 19 00:20:23 2023 
Wallet address:
addr_test1qrzde3sqw0na9n4p8dmhc55gkphk2x48hzclpjx6cy0wuzgnt9a4spnfrrlpp7puw2lcx2zudf49ewyza4q9ha08qhdqghxhek

Thu Jan 19 00:20:23 2023 
	Lookups:

Thu Jan 19 00:20:23 2023 
ScriptLookups {slTxOutputs = fromList [], slOtherScripts = fromList [], slOtherData = fromList [], slPaymentPubKeyHashes = fromList [], slTypedValidator = Nothing, slOwnPaymentPubKeyHash = Nothing, slOwnStakingCredential = Nothing}

Thu Jan 19 00:20:23 2023 
	Constraints:

Thu Jan 19 00:20:23 2023 
TxConstraints {txConstraints = [], txConstraintFuns = TxConstraintFuns [], txOwnInputs = [], txOwnOutputs = []}

Thu Jan 19 00:20:23 2023 
Balancing...

Thu Jan 19 00:20:23 2023 
Tx 37143ca2ee82c06697a370773e576307f5679687846eb754f7cff16e6ace5b44:
  {inputs:
     - eb460eb6b75d937e7cb5215a8d24100db0d586907c5875e3ccf8a8e9747b2535!0

  reference inputs:
  collateral inputs:
  outputs:
    - Value (Map [(,Map [("",7985925959)]),(4cd1187e477d56e419c354f1e4c7997a736dfc5e095a2511aba0f75d,Map [("󋒌𥂫𓤋⚃",1)])]) addressed to
      PubKeyCredential: c878dc371a64353a7ae68a6180dd8787c2692677b59d605fe1ca3344 (StakingHash PubKeyCredential: 13597b58066918fe10f83c72bf83285c6a6a5cb882ed405bf5e705da)
  mint: Value (Map [])
  fee: Value (Map [(,Map [("",167437)])])
  validity range: Interval {ivFrom = LowerBound NegInf True, ivTo = UpperBound PosInf True}
  data:
  redeemers:}

Thu Jan 19 00:20:23 2023 
Signing...

Thu Jan 19 00:20:23 2023 
Tx 37143ca2ee82c06697a370773e576307f5679687846eb754f7cff16e6ace5b44:
  {inputs:
     - eb460eb6b75d937e7cb5215a8d24100db0d586907c5875e3ccf8a8e9747b2535!0

  reference inputs:
  collateral inputs:
  outputs:
    - Value (Map [(,Map [("",7985925959)]),(4cd1187e477d56e419c354f1e4c7997a736dfc5e095a2511aba0f75d,Map [("󋒌𥂫𓤋⚃",1)])]) addressed to
      PubKeyCredential: c878dc371a64353a7ae68a6180dd8787c2692677b59d605fe1ca3344 (StakingHash PubKeyCredential: 13597b58066918fe10f83c72bf83285c6a6a5cb882ed405bf5e705da)
  mint: Value (Map [])
  fee: Value (Map [(,Map [("",167437)])])
  validity range: Interval {ivFrom = LowerBound NegInf True, ivTo = UpperBound PosInf True}
  data:
  redeemers:}

Thu Jan 19 00:20:23 2023 
Submitting...

Thu Jan 19 00:20:30 2023 
Submited.

Thu Jan 19 00:20:30 2023 
Wallet address:
addr_test1qrzde3sqw0na9n4p8dmhc55gkphk2x48hzclpjx6cy0wuzgnt9a4spnfrrlpp7puw2lcx2zudf49ewyza4q9ha08qhdqghxhek

Thu Jan 19 00:20:30 2023 
	Lookups:

Thu Jan 19 00:20:30 2023 
ScriptLookups {slTxOutputs = fromList [], slOtherScripts = fromList [(4cd1187e477d56e419c354f1e4c7997a736dfc5e095a2511aba0f75d,Versioned {unversioned = <Script>, version = PlutusV2})], slOtherData = fromList [], slPaymentPubKeyHashes = fromList [], slTypedValidator = Nothing, slOwnPaymentPubKeyHash = Nothing, slOwnStakingCredential = Nothing}

Thu Jan 19 00:20:30 2023 
	Constraints:

Thu Jan 19 00:20:30 2023 
TxConstraints {txConstraints = [MustMintValue 4cd1187e477d56e419c354f1e4c7997a736dfc5e095a2511aba0f75d (Redeemer {getRedeemer = List [B "\170\170"]}) 0xaaaa 1 Nothing], txConstraintFuns = TxConstraintFuns [], txOwnInputs = [], txOwnOutputs = []}

Thu Jan 19 00:20:30 2023 
Balancing...

Thu Jan 19 01:41:40 2023 
Starting queue handler...

Thu Jan 19 01:41:40 2023 
No new inputs to process.

Thu Jan 19 01:42:34 2023 
New input to process:
["\170\170"]
Utxos:
fromList []

Thu Jan 19 02:32:52 2023 
Starting queue handler...

Thu Jan 19 02:32:52 2023 
No new inputs to process.

Thu Jan 19 02:34:19 2023 
New input to process:
["\170\170"]
Utxos:
fromList []

Thu Jan 19 02:34:29 2023 
Address doesn't has enough clean UTXO's.

Thu Jan 19 02:34:30 2023 
Wallet address:
addr_test1qrzde3sqw0na9n4p8dmhc55gkphk2x48hzclpjx6cy0wuzgnt9a4spnfrrlpp7puw2lcx2zudf49ewyza4q9ha08qhdqghxhek

Thu Jan 19 02:34:30 2023 
	Lookups:

Thu Jan 19 02:34:30 2023 
ScriptLookups {slTxOutputs = fromList [], slOtherScripts = fromList [], slOtherData = fromList [], slPaymentPubKeyHashes = fromList [], slTypedValidator = Nothing, slOwnPaymentPubKeyHash = Nothing, slOwnStakingCredential = Nothing}

Thu Jan 19 02:34:30 2023 
	Constraints:

Thu Jan 19 02:34:30 2023 
TxConstraints {txConstraints = [], txConstraintFuns = TxConstraintFuns [], txOwnInputs = [], txOwnOutputs = []}

Thu Jan 19 02:34:30 2023 
Balancing...

Thu Jan 19 02:34:30 2023 
Tx 6dfcb587a3e9ffc8e24b4b8e2536e6919e6109a9bc201f743531698b49f2ee0a:
  {inputs:
     - 1c1b063ccf8348e9162db6f1d794ca0bd8cfcf40319e3e3dbd7a40bade919015!0

  reference inputs:
  collateral inputs:
  outputs:
    - Value (Map [(,Map [("",9981192264)]),(4cd1187e477d56e419c354f1e4c7997a736dfc5e095a2511aba0f75d,Map [("a",1)])]) addressed to
      PubKeyCredential: 0967131c73724f369182053279d0220055f73650f0dc4b87b54bf934 (StakingHash PubKeyCredential: 13597b58066918fe10f83c72bf83285c6a6a5cb882ed405bf5e705da)
  mint: Value (Map [])
  fee: Value (Map [(,Map [("",166821)])])
  validity range: Interval {ivFrom = LowerBound NegInf True, ivTo = UpperBound PosInf True}
  data:
  redeemers:}

Thu Jan 19 02:34:30 2023 
Signing...

Thu Jan 19 02:34:30 2023 
Tx 6dfcb587a3e9ffc8e24b4b8e2536e6919e6109a9bc201f743531698b49f2ee0a:
  {inputs:
     - 1c1b063ccf8348e9162db6f1d794ca0bd8cfcf40319e3e3dbd7a40bade919015!0

  reference inputs:
  collateral inputs:
  outputs:
    - Value (Map [(,Map [("",9981192264)]),(4cd1187e477d56e419c354f1e4c7997a736dfc5e095a2511aba0f75d,Map [("a",1)])]) addressed to
      PubKeyCredential: 0967131c73724f369182053279d0220055f73650f0dc4b87b54bf934 (StakingHash PubKeyCredential: 13597b58066918fe10f83c72bf83285c6a6a5cb882ed405bf5e705da)
  mint: Value (Map [])
  fee: Value (Map [(,Map [("",166821)])])
  validity range: Interval {ivFrom = LowerBound NegInf True, ivTo = UpperBound PosInf True}
  data:
  redeemers:}

Thu Jan 19 02:34:30 2023 
Submitting...

Thu Jan 19 02:35:13 2023 
Submited.

Thu Jan 19 02:35:13 2023 
Wallet address:
addr_test1qrzde3sqw0na9n4p8dmhc55gkphk2x48hzclpjx6cy0wuzgnt9a4spnfrrlpp7puw2lcx2zudf49ewyza4q9ha08qhdqghxhek

Thu Jan 19 02:35:13 2023 
	Lookups:

Thu Jan 19 02:35:13 2023 
ScriptLookups {slTxOutputs = fromList [], slOtherScripts = fromList [(4cd1187e477d56e419c354f1e4c7997a736dfc5e095a2511aba0f75d,Versioned {unversioned = <Script>, version = PlutusV2})], slOtherData = fromList [], slPaymentPubKeyHashes = fromList [], slTypedValidator = Nothing, slOwnPaymentPubKeyHash = Nothing, slOwnStakingCredential = Nothing}

Thu Jan 19 02:35:13 2023 
	Constraints:

Thu Jan 19 02:35:13 2023 
TxConstraints {txConstraints = [MustMintValue 4cd1187e477d56e419c354f1e4c7997a736dfc5e095a2511aba0f75d (Redeemer {getRedeemer = List [B "\170\170"]}) 0xaaaa 1 Nothing], txConstraintFuns = TxConstraintFuns [], txOwnInputs = [], txOwnOutputs = []}

Thu Jan 19 02:35:13 2023 
Balancing...

Thu Jan 19 02:35:13 2023 
FailureResponse (Request {requestPath = (BaseUrl {baseUrlScheme = Http, baseUrlHost = "localhost", baseUrlPort = 8090, baseUrlPath = ""},"/v2/wallets/6f0638a327b5520e71861fa973722fe7426db058/transactions-balance"), requestQueryString = fromList [], requestBody = Just ((),application/json;charset=utf-8), requestAccept = fromList [application/json;charset=utf-8,application/json], requestHeaders = fromList []), requestHttpVersion = HTTP/1.1, requestMethod = "POST"} (Response {responseStatusCode = Status {statusCode = 403, statusMessage = "Forbidden"}, responseHeaders = fromList [("Transfer-Encoding","chunked"),("Date","Wed, 18 Jan 2023 23:35:13 GMT"),("Server","Warp/3.3.20"),("Content-Type","application/json;charset=utf-8")], responseHttpVersion = HTTP/1.1, responseBody = "{\"code\":\"insufficient_collateral\",\"message\":\"I'm unable to create this transaction because the balance of pure ada UTxOs in your wallet is insufficient to cover the minimum amount of collateral required. I need an ada amount of at least: 2.728232 The largest combination of pure ada UTxOs I could find is: [] To fix this, you'll need to add one or more pure ada UTxOs to your wallet that can cover the minimum amount required.\"}"})

Thu Jan 19 02:35:13 2023 
No new inputs to process.

Thu Jan 19 02:36:10 2023 
Starting queue handler...

Thu Jan 19 02:36:10 2023 
No new inputs to process.

Thu Jan 19 02:36:16 2023 
New input to process:
["\170\170"]
Utxos:
fromList []

Thu Jan 19 02:36:26 2023 
Address doesn't has enough clean UTXO's.

Thu Jan 19 02:36:26 2023 
Wallet address:
addr_test1qrzde3sqw0na9n4p8dmhc55gkphk2x48hzclpjx6cy0wuzgnt9a4spnfrrlpp7puw2lcx2zudf49ewyza4q9ha08qhdqghxhek

Thu Jan 19 02:36:26 2023 
	Lookups:

Thu Jan 19 02:36:26 2023 
ScriptLookups {slTxOutputs = fromList [], slOtherScripts = fromList [], slOtherData = fromList [], slPaymentPubKeyHashes = fromList [], slTypedValidator = Nothing, slOwnPaymentPubKeyHash = Nothing, slOwnStakingCredential = Nothing}

Thu Jan 19 02:36:26 2023 
	Constraints:

Thu Jan 19 02:36:26 2023 
TxConstraints {txConstraints = [], txConstraintFuns = TxConstraintFuns [], txOwnInputs = [], txOwnOutputs = []}

Thu Jan 19 02:36:26 2023 
Balancing...

Thu Jan 19 02:36:27 2023 
Tx c90761e4153e6114673fb4f060f5eeb737871d6aacdf9dfb81b7e839040f0532:
  {inputs:
     - 6dfcb587a3e9ffc8e24b4b8e2536e6919e6109a9bc201f743531698b49f2ee0a!0

  reference inputs:
  collateral inputs:
  outputs:
    - Value (Map [(,Map [("",9981025443)]),(4cd1187e477d56e419c354f1e4c7997a736dfc5e095a2511aba0f75d,Map [("a",1)])]) addressed to
      PubKeyCredential: 4df0b4440635f3e2951eca7baa42373d9ef0d14d7389733191db2114 (StakingHash PubKeyCredential: 13597b58066918fe10f83c72bf83285c6a6a5cb882ed405bf5e705da)
  mint: Value (Map [])
  fee: Value (Map [(,Map [("",166821)])])
  validity range: Interval {ivFrom = LowerBound NegInf True, ivTo = UpperBound PosInf True}
  data:
  redeemers:}

Thu Jan 19 02:36:27 2023 
Signing...

Thu Jan 19 02:36:27 2023 
Tx c90761e4153e6114673fb4f060f5eeb737871d6aacdf9dfb81b7e839040f0532:
  {inputs:
     - 6dfcb587a3e9ffc8e24b4b8e2536e6919e6109a9bc201f743531698b49f2ee0a!0

  reference inputs:
  collateral inputs:
  outputs:
    - Value (Map [(,Map [("",9981025443)]),(4cd1187e477d56e419c354f1e4c7997a736dfc5e095a2511aba0f75d,Map [("a",1)])]) addressed to
      PubKeyCredential: 4df0b4440635f3e2951eca7baa42373d9ef0d14d7389733191db2114 (StakingHash PubKeyCredential: 13597b58066918fe10f83c72bf83285c6a6a5cb882ed405bf5e705da)
  mint: Value (Map [])
  fee: Value (Map [(,Map [("",166821)])])
  validity range: Interval {ivFrom = LowerBound NegInf True, ivTo = UpperBound PosInf True}
  data:
  redeemers:}

Thu Jan 19 02:36:27 2023 
Submitting...

Thu Jan 19 02:36:51 2023 
Submited.

Thu Jan 19 02:36:51 2023 
Wallet address:
addr_test1qrzde3sqw0na9n4p8dmhc55gkphk2x48hzclpjx6cy0wuzgnt9a4spnfrrlpp7puw2lcx2zudf49ewyza4q9ha08qhdqghxhek

Thu Jan 19 02:36:51 2023 
	Lookups:

Thu Jan 19 02:36:51 2023 
ScriptLookups {slTxOutputs = fromList [], slOtherScripts = fromList [(4cd1187e477d56e419c354f1e4c7997a736dfc5e095a2511aba0f75d,Versioned {unversioned = <Script>, version = PlutusV2})], slOtherData = fromList [], slPaymentPubKeyHashes = fromList [], slTypedValidator = Nothing, slOwnPaymentPubKeyHash = Nothing, slOwnStakingCredential = Nothing}

Thu Jan 19 02:36:51 2023 
	Constraints:

Thu Jan 19 02:36:51 2023 
TxConstraints {txConstraints = [MustMintValue 4cd1187e477d56e419c354f1e4c7997a736dfc5e095a2511aba0f75d (Redeemer {getRedeemer = List [B "\170\170"]}) 0xaaaa 1 Nothing], txConstraintFuns = TxConstraintFuns [], txOwnInputs = [], txOwnOutputs = []}

Thu Jan 19 02:36:51 2023 
Balancing...

Thu Jan 19 02:36:52 2023 
FailureResponse (Request {requestPath = (BaseUrl {baseUrlScheme = Http, baseUrlHost = "localhost", baseUrlPort = 8090, baseUrlPath = ""},"/v2/wallets/6f0638a327b5520e71861fa973722fe7426db058/transactions-balance"), requestQueryString = fromList [], requestBody = Just ((),application/json;charset=utf-8), requestAccept = fromList [application/json;charset=utf-8,application/json], requestHeaders = fromList []), requestHttpVersion = HTTP/1.1, requestMethod = "POST"} (Response {responseStatusCode = Status {statusCode = 403, statusMessage = "Forbidden"}, responseHeaders = fromList [("Transfer-Encoding","chunked"),("Date","Wed, 18 Jan 2023 23:36:51 GMT"),("Server","Warp/3.3.20"),("Content-Type","application/json;charset=utf-8")], responseHttpVersion = HTTP/1.1, responseBody = "{\"code\":\"insufficient_collateral\",\"message\":\"I'm unable to create this transaction because the balance of pure ada UTxOs in your wallet is insufficient to cover the minimum amount of collateral required. I need an ada amount of at least: 2.729156 The largest combination of pure ada UTxOs I could find is: [] To fix this, you'll need to add one or more pure ada UTxOs to your wallet that can cover the minimum amount required.\"}"})

Thu Jan 19 02:36:52 2023 
No new inputs to process.

Thu Jan 19 02:39:50 2023 
Starting queue handler...

Thu Jan 19 02:39:50 2023 
No new inputs to process.

Thu Jan 19 02:39:56 2023 
New input to process:
["\170\170"]
Utxos:
fromList []

Thu Jan 19 02:41:58 2023 
Starting queue handler...

Thu Jan 19 02:41:58 2023 
No new inputs to process.

Thu Jan 19 02:43:45 2023 
Starting queue handler...

Thu Jan 19 02:43:45 2023 
No new inputs to process.

Thu Jan 19 02:44:00 2023 
New input to process:
["\170\170"]
Utxos:
fromList []

Thu Jan 19 02:44:25 2023 
Starting queue handler...

Thu Jan 19 02:44:25 2023 
No new inputs to process.

Thu Jan 19 02:44:34 2023 
New input to process:
["\170\170"]
Utxos:
fromList []

Thu Jan 19 02:44:55 2023 
Starting queue handler...

Thu Jan 19 02:44:55 2023 
No new inputs to process.

Thu Jan 19 02:45:01 2023 
New input to process:
["\170\170"]
Utxos:
fromList []

Mon Jan 23 05:28:33 2023 
Starting queue handler...

Mon Jan 23 05:28:33 2023 
No new inputs to process.

Mon Jan 23 05:34:17 2023 
Starting queue handler...

Mon Jan 23 05:34:17 2023 
No new inputs to process.

Mon Jan 23 05:39:51 2023 
Starting queue handler...

Mon Jan 23 05:39:51 2023 
No new inputs to process.

Mon Jan 23 05:44:13 2023 
Starting queue handler...

Mon Jan 23 05:44:13 2023 
No new inputs to process.

Mon Jan 23 05:46:25 2023 
Starting queue handler...

Mon Jan 23 05:46:25 2023 
No new inputs to process.

Mon Jan 23 05:47:34 2023 
Starting queue handler...

Mon Jan 23 05:47:34 2023 
No new inputs to process.

Mon Jan 23 05:50:29 2023 
Starting queue handler...

Mon Jan 23 05:50:29 2023 
No new inputs to process.

Mon Jan 23 05:51:33 2023 
Starting queue handler...

Mon Jan 23 05:51:33 2023 
No new inputs to process.

Mon Jan 23 05:52:32 2023 
Starting queue handler...

Mon Jan 23 05:52:32 2023 
No new inputs to process.

Mon Jan 23 05:53:30 2023 
Starting queue handler...

Mon Jan 23 05:53:30 2023 
No new inputs to process.

Mon Jan 23 05:54:31 2023 
Starting queue handler...

Mon Jan 23 05:54:31 2023 
No new inputs to process.

Mon Jan 23 05:56:29 2023 
Starting queue handler...

Mon Jan 23 05:56:29 2023 
No new inputs to process.

Mon Jan 23 05:57:39 2023 
Starting queue handler...

Mon Jan 23 05:57:39 2023 
No new inputs to process.

Mon Jan 23 06:00:40 2023 
Starting queue handler...

Mon Jan 23 06:00:40 2023 
No new inputs to process.

Mon Jan 23 06:01:31 2023 
Starting queue handler...

Mon Jan 23 06:01:31 2023 
No new inputs to process.

Mon Jan 23 06:02:55 2023 
Starting queue handler...

Mon Jan 23 06:02:55 2023 
No new inputs to process.

Mon Jan 23 06:04:13 2023 
Starting queue handler...

Mon Jan 23 06:04:13 2023 
No new inputs to process.

Mon Jan 23 06:05:46 2023 
Starting queue handler...

Mon Jan 23 06:05:46 2023 
No new inputs to process.

Mon Jan 23 06:06:20 2023 
Starting queue handler...

Mon Jan 23 06:06:20 2023 
No new inputs to process.

Mon Jan 23 06:09:03 2023 
Starting queue handler...

Mon Jan 23 06:09:03 2023 
No new inputs to process.

Mon Jan 23 06:12:23 2023 
Starting queue handler...

Mon Jan 23 06:12:23 2023 
No new inputs to process.

Mon Jan 23 06:14:04 2023 
Starting queue handler...

Mon Jan 23 06:14:04 2023 
No new inputs to process.

Mon Jan 23 06:18:32 2023 
Starting queue handler...

Mon Jan 23 06:18:32 2023 
No new inputs to process.

Mon Jan 23 06:20:26 2023 
Starting queue handler...

Mon Jan 23 06:20:26 2023 
No new inputs to process.

Mon Jan 23 06:24:13 2023 
Starting queue handler...

Mon Jan 23 06:24:13 2023 
No new inputs to process.

Mon Jan 23 06:29:13 2023 
No new inputs to process.

Mon Jan 23 06:34:13 2023 
No new inputs to process.

Mon Jan 23 06:39:14 2023 
No new inputs to process.

Mon Jan 23 06:44:48 2023 
Starting queue handler...

Mon Jan 23 06:44:48 2023 
No new inputs to process.

Mon Jan 23 06:49:48 2023 
No new inputs to process.

Mon Jan 23 06:50:48 2023 
Starting queue handler...

Mon Jan 23 06:50:48 2023 
No new inputs to process.

Mon Jan 23 06:55:48 2023 
No new inputs to process.

Mon Jan 23 07:00:48 2023 
No new inputs to process.

Mon Jan 23 07:05:49 2023 
No new inputs to process.

Mon Jan 23 07:10:49 2023 
No new inputs to process.

Mon Jan 23 07:15:49 2023 
No new inputs to process.

Mon Jan 23 07:20:50 2023 
No new inputs to process.

Mon Jan 23 07:25:50 2023 
No new inputs to process.

Mon Jan 23 07:30:50 2023 
No new inputs to process.

Mon Jan 23 07:35:50 2023 
No new inputs to process.

Mon Jan 23 07:40:51 2023 
No new inputs to process.
