
Wed Nov 30 20:18:39 2022 
Starting server...

Wed Nov 30 20:18:39 2022 
New mint request received:

["asd"]

Wed Nov 30 20:36:26 2022 
Starting server...

Wed Nov 30 20:36:26 2022 
New mint request received:

["asd"]

Wed Nov 30 20:38:26 2022 
Starting server...

Wed Nov 30 20:38:26 2022 
New mint request received:

["asd"]

Wed Nov 30 20:38:39 2022 
Starting server...

Wed Nov 30 20:38:39 2022 
New mint request received:

["asd"]

Wed Dec 07 01:19:44 2022 
Starting server...

Mon Jan 09 21:23:31 2023 
Starting client...

Mon Jan 09 21:23:31 2023 
New tokens to send:

["\243\172\129\153\240\186\139\134\242\179\144\146\242\190\161\190"]

Mon Jan 09 21:24:11 2023 
Starting client...

Mon Jan 09 21:24:11 2023 
New tokens to send:

["\241\179\184\165\241\145\146\156\241\181\174\145\242\153\137\132\240\146\139\132"]

Mon Jan 09 21:24:20 2023 
Starting client...

Mon Jan 09 21:24:20 2023 
New tokens to send:

["\242\147\128\174\225\141\150\239\158\177\240\164\150\141\242\163\166\158\243\154\151\170\229\187\135"]

Mon Jan 09 21:28:07 2023 
Starting client...

Mon Jan 09 21:28:07 2023 
New tokens to send:

["\243\176\149\143\242\145\175\166\242\147\181\180\243\179\152\168\243\149\154\170\242\177\159\153\240\162\176\141"]

Mon Jan 09 21:29:06 2023 
Starting client...

Mon Jan 09 21:29:06 2023 
New tokens to send:

["\241\176\175\154\243\153\155\128\243\185\178\130\243\132\137\149\241\149\134\158\241\167\173\168\240\177\164\187\240\151\169\181"]

Mon Jan 09 21:30:08 2023 
Starting client...

Mon Jan 09 21:30:08 2023 
New tokens to send:

["\241\142\189\162\241\167\182\174\242\128\145\144\242\164\138\155\242\130\178\164\241\157\174\148","\240\147\186\133\244\138\188\131\225\184\140\240\186\158\139\243\177\173\142\241\148\163\144","\241\152\147\142\243\177\176\182","\241\144\186\184\242\146\158\142"]

Mon Jan 09 21:33:11 2023 
Starting client...

Mon Jan 09 21:33:11 2023 
New tokens to send:

["\241\133\174\189\244\140\143\133\243\155\154\147\240\184\138\131\243\165\157\154\241\190\155\151\243\183\163\133\243\176\186\157"]

Mon Jan 09 21:33:25 2023 
Starting client...

Mon Jan 09 21:33:25 2023 
New tokens to send:

["\243\159\129\155\242\161\141\183\241\153\180\145\243\136\161\172\241\187\157\163"]

Mon Jan 09 21:33:59 2023 
Starting client...

Mon Jan 09 21:33:59 2023 
New tokens to send:

["\243\143\165\174\243\132\179\160","\244\134\169\168\242\134\152\187","\244\135\189\161\241\145\180\164\241\180\153\186\242\140\163\169","\243\163\164\174\243\164\175\128\242\139\164\167\243\163\147\190\244\139\191\161\241\177\134\154\241\137\135\128"]

Mon Jan 09 21:34:09 2023 
Starting client...

Mon Jan 09 21:34:09 2023 
New tokens to send:

["\240\166\157\157\240\152\150\163\243\166\187\184\228\153\181","\240\155\162\164\242\150\175\131\243\173\158\151\243\164\159\130\243\190\185\144","\243\162\178\150\237\146\177\244\140\186\173\242\161\153\162\241\182\167\158","\240\170\190\153\240\150\152\173\243\173\148\169\243\178\156\147\241\168\135\140\241\151\167\153"]

Mon Jan 09 21:34:45 2023 
Starting client...

Mon Jan 09 21:34:45 2023 
New tokens to send:

["a72kf","wjr82ar4"]

Mon Jan 09 22:01:27 2023 
Starting client...

Mon Jan 09 22:01:27 2023 
New tokens to send:

["\240\160\140\153\243\185\133\191"]

Mon Jan 09 22:01:46 2023 
Starting client...

Mon Jan 09 22:01:46 2023 
New tokens to send:

["a72kf","wjr82ar4"]

Tue Jan 10 19:59:47 2023 
Starting client...

Tue Jan 10 19:59:47 2023 
New input to send:

["\242\156\147\148\243\184\155\169\240\158\171\146\240\163\154\137\242\174\189\184","\243\191\183\189\233\131\147\242\188\142\138","\243\138\159\133\243\159\151\132\243\180\149\189\242\158\139\147\240\153\162\183\240\157\173\141\243\161\174\155","\241\134\168\184\241\132\176\149\243\182\150\191\244\138\178\167\242\158\164\131\241\135\151\153","\244\128\136\138\234\168\175"]

Tue Jan 10 20:00:02 2023 
Starting client...

Tue Jan 10 20:00:02 2023 
New input to send:

["a72kf","wjr82ar4","..."]

Tue Jan 10 21:37:15 2023 
New input to send:

["\240\178\142\168\243\150\140\136\240\146\152\144\242\141\187\134\240\161\148\147\242\164\189\171\242\148\143\133\241\134\175\137","\240\177\160\132\242\131\168\179\242\176\128\145"]

Tue Jan 10 21:37:15 2023 
New input to send:

["\240\178\142\168\243\150\140\136\240\146\152\144\242\141\187\134\240\161\148\147\242\164\189\171\242\148\143\133\241\134\175\137","\240\177\160\132\242\131\168\179\242\176\128\145"]

Tue Jan 10 21:38:50 2023 
New input to send:

["\241\166\145\150\240\156\184\132\241\162\190\181\240\176\174\184\241\188\135\176","\241\143\177\162\243\191\185\173\230\146\156"]

Tue Jan 10 21:38:50 2023 
New input to send:

["\241\166\145\150\240\156\184\132\241\162\190\181\240\176\174\184\241\188\135\176","\241\143\177\162\243\191\185\173\230\146\156"]

Tue Jan 10 21:38:52 2023 
New input to send:

["\241\134\188\144\243\168\184\150","\240\187\150\190\242\177\161\136\241\152\174\173\240\153\162\159\242\130\139\174\241\156\180\151","\244\133\184\169\243\158\131\145\240\186\139\146\242\134\163\136\241\146\146\152"]

Tue Jan 10 21:38:52 2023 
New input to send:

["\241\134\188\144\243\168\184\150","\240\187\150\190\242\177\161\136\241\152\174\173\240\153\162\159\242\130\139\174\241\156\180\151","\244\133\184\169\243\158\131\145\240\186\139\146\242\134\163\136\241\146\146\152"]

Tue Jan 10 21:42:26 2023 
New input to send:

["\244\128\148\174\243\171\171\167\242\163\179\132\241\149\128\139\241\188\153\140\243\135\160\183"]

Tue Jan 10 21:42:26 2023 
New input to send:

["\244\128\148\174\243\171\171\167\242\163\179\132\241\149\128\139\241\188\153\140\243\135\160\183"]

Tue Jan 10 21:43:26 2023 
New input to send:

["\244\134\166\178\238\128\146\240\184\188\135\243\165\185\177","\240\169\187\170\243\146\161\160\240\148\129\185\242\176\164\145\242\145\176\173\231\166\169\242\138\148\191\240\190\174\153","\242\155\175\183\244\140\134\153","\242\188\140\173\243\136\168\132\243\176\133\176\243\135\172\190\240\151\185\133\233\186\191","\224\181\158\242\133\129\178\241\142\146\189\240\169\136\155\243\179\183\139","\242\189\128\184\244\141\129\186\240\183\153\130\242\185\145\187","\241\152\154\168\243\139\166\176\240\188\174\160\243\177\184\164\242\191\170\159\243\139\189\169\241\172\156\159\240\168\178\152","\241\179\157\143\240\180\132\168\242\174\168\150\242\154\188\190\241\184\153\150\243\181\145\154\241\188\182\191\242\133\129\172","\241\142\176\131\243\142\156\191\240\167\139\146\240\152\154\131","\242\173\131\148\240\147\190\138\240\171\175\156\242\136\158\139\241\132\154\169","\242\159\149\185\240\148\175\156\243\156\189\134\242\156\177\187"]

Tue Jan 10 21:43:26 2023 
New input to send:

["\244\134\166\178\238\128\146\240\184\188\135\243\165\185\177","\240\169\187\170\243\146\161\160\240\148\129\185\242\176\164\145\242\145\176\173\231\166\169\242\138\148\191\240\190\174\153","\242\155\175\183\244\140\134\153","\242\188\140\173\243\136\168\132\243\176\133\176\243\135\172\190\240\151\185\133\233\186\191","\224\181\158\242\133\129\178\241\142\146\189\240\169\136\155\243\179\183\139","\242\189\128\184\244\141\129\186\240\183\153\130\242\185\145\187","\241\152\154\168\243\139\166\176\240\188\174\160\243\177\184\164\242\191\170\159\243\139\189\169\241\172\156\159\240\168\178\152","\241\179\157\143\240\180\132\168\242\174\168\150\242\154\188\190\241\184\153\150\243\181\145\154\241\188\182\191\242\133\129\172","\241\142\176\131\243\142\156\191\240\167\139\146\240\152\154\131","\242\173\131\148\240\147\190\138\240\171\175\156\242\136\158\139\241\132\154\169","\242\159\149\185\240\148\175\156\243\156\189\134\242\156\177\187"]

Tue Jan 10 21:43:44 2023 
New input to send:

["\242\167\176\149\240\186\129\180\240\184\180\161\243\179\183\184","\241\191\170\158\242\185\154\146\244\139\167\128","\240\154\188\132\243\188\146\134\243\187\138\143\241\186\187\180\241\133\152\182","\242\180\167\131\242\138\129\161\242\191\148\180\242\174\174\166\240\165\182\162\243\159\139\190\241\135\140\147","\238\172\128\240\182\186\130\243\169\168\183"]

Tue Jan 10 21:43:44 2023 
New input to send:

["\242\167\176\149\240\186\129\180\240\184\180\161\243\179\183\184","\241\191\170\158\242\185\154\146\244\139\167\128","\240\154\188\132\243\188\146\134\243\187\138\143\241\186\187\180\241\133\152\182","\242\180\167\131\242\138\129\161\242\191\148\180\242\174\174\166\240\165\182\162\243\159\139\190\241\135\140\147","\238\172\128\240\182\186\130\243\169\168\183"]

Tue Jan 10 21:43:49 2023 
New input to send:

["\240\188\135\191\243\157\178\161","\242\164\167\156\232\178\186\242\163\144\168","\243\131\139\167\244\131\178\132\241\147\189\144\240\160\137\184\241\164\149\136\240\151\140\159\240\165\170\139"]

Tue Jan 10 21:43:49 2023 
New input to send:

["\240\188\135\191\243\157\178\161","\242\164\167\156\232\178\186\242\163\144\168","\243\131\139\167\244\131\178\132\241\147\189\144\240\160\137\184\241\164\149\136\240\151\140\159\240\165\170\139"]

Tue Jan 10 21:43:50 2023 
New input to send:

["\242\173\166\172\240\150\138\183\242\186\168\170\241\191\164\178\241\154\174\174\243\139\175\150\244\129\136\175\241\159\158\184","\241\164\176\153\240\158\141\135\240\169\177\136\241\130\149\136\241\132\167\171\240\149\189\182\240\189\129\189\243\136\154\151","\242\184\152\174\243\178\188\181\242\190\133\166\244\140\172\157\241\128\128\149\240\171\181\170\241\149\138\158","\241\188\131\167\242\175\169\159\240\171\177\161","\244\138\136\155\243\186\179\168\239\146\176\242\159\143\175","\243\187\188\168\244\134\182\129\242\182\146\138\244\137\166\151\241\142\187\185","\240\144\146\181\243\143\167\169\243\140\188\175\240\190\151\182\240\168\143\141\244\143\164\143\240\146\181\182","\242\157\138\148\240\181\178\181\240\157\178\179\240\147\158\149\241\162\135\157\241\159\162\139"]

Tue Jan 10 21:43:50 2023 
New input to send:

["\242\173\166\172\240\150\138\183\242\186\168\170\241\191\164\178\241\154\174\174\243\139\175\150\244\129\136\175\241\159\158\184","\241\164\176\153\240\158\141\135\240\169\177\136\241\130\149\136\241\132\167\171\240\149\189\182\240\189\129\189\243\136\154\151","\242\184\152\174\243\178\188\181\242\190\133\166\244\140\172\157\241\128\128\149\240\171\181\170\241\149\138\158","\241\188\131\167\242\175\169\159\240\171\177\161","\244\138\136\155\243\186\179\168\239\146\176\242\159\143\175","\243\187\188\168\244\134\182\129\242\182\146\138\244\137\166\151\241\142\187\185","\240\144\146\181\243\143\167\169\243\140\188\175\240\190\151\182\240\168\143\141\244\143\164\143\240\146\181\182","\242\157\138\148\240\181\178\181\240\157\178\179\240\147\158\149\241\162\135\157\241\159\162\139"]

Tue Jan 10 21:48:32 2023 
Starting server...

Tue Jan 10 21:54:05 2023 
Starting server...

Tue Jan 10 21:54:28 2023 
New input to send:

["\240\169\132\169\243\168\181\191\242\147\147\153\244\133\156\191\240\154\167\166\240\183\171\138\242\182\139\170","\241\151\138\141\236\160\145"]

Tue Jan 10 21:54:28 2023 
New input to send:

["\240\169\132\169\243\168\181\191\242\147\147\153\244\133\156\191\240\154\167\166\240\183\171\138\242\182\139\170","\241\151\138\141\236\160\145"]

Tue Jan 10 21:54:28 2023 
Received response:
Response {responseStatus = Status {statusCode = 404, statusMessage = "Not Found"}, responseVersion = HTTP/1.1, responseHeaders = [("Transfer-Encoding","chunked"),("Date","Tue, 10 Jan 2023 18:54:28 GMT"),("Server","Warp/3.3.23")], responseBody = "", responseCookieJar = CJ {expose = []}, responseClose' = ResponseClose, responseOriginalRequest = Request {
  host                 = "localhost"
  port                 = 3000
  secure               = False
  requestHeaders       = [("Content-Type","application/json")]
  path                 = "/relayRequestSumbitTx"
  queryString          = ""
  method               = "POST"
  proxy                = Nothing
  rawBody              = False
  redirectCount        = 10
  responseTimeout      = ResponseTimeoutMicro 180000000
  requestVersion       = HTTP/1.1
  proxySecureMode      = ProxySecureWithConnect
}
}

Tue Jan 10 21:54:28 2023 
Received response:
Response {responseStatus = Status {statusCode = 404, statusMessage = "Not Found"}, responseVersion = HTTP/1.1, responseHeaders = [("Transfer-Encoding","chunked"),("Date","Tue, 10 Jan 2023 18:54:28 GMT"),("Server","Warp/3.3.23")], responseBody = "", responseCookieJar = CJ {expose = []}, responseClose' = ResponseClose, responseOriginalRequest = Request {
  host                 = "localhost"
  port                 = 3000
  secure               = False
  requestHeaders       = [("Content-Type","application/json")]
  path                 = "/relayRequestSumbitTx"
  queryString          = ""
  method               = "POST"
  proxy                = Nothing
  rawBody              = False
  redirectCount        = 10
  responseTimeout      = ResponseTimeoutMicro 180000000
  requestVersion       = HTTP/1.1
  proxySecureMode      = ProxySecureWithConnect
}
}

Tue Jan 10 21:55:40 2023 
New input to send:

["\242\153\155\151\243\183\187\141\240\145\174\190\242\156\133\141\240\152\132\129\243\142\171\173\243\151\131\129","\243\154\156\173\241\141\161\131\241\176\179\166\243\160\150\130\242\180\140\136","\238\137\137\240\189\168\186\242\140\132\128\241\167\172\165\243\144\165\191\241\169\141\174\243\144\157\187\242\142\168\181","\243\158\138\175\243\167\164\191\243\161\179\141","\244\133\174\152\240\184\189\188","\243\191\179\140\241\138\132\147\241\142\133\181\241\146\146\142\241\184\148\184\243\180\138\158\242\163\140\165"]

Tue Jan 10 21:55:40 2023 
New input to send:

["\242\153\155\151\243\183\187\141\240\145\174\190\242\156\133\141\240\152\132\129\243\142\171\173\243\151\131\129","\243\154\156\173\241\141\161\131\241\176\179\166\243\160\150\130\242\180\140\136","\238\137\137\240\189\168\186\242\140\132\128\241\167\172\165\243\144\165\191\241\169\141\174\243\144\157\187\242\142\168\181","\243\158\138\175\243\167\164\191\243\161\179\141","\244\133\174\152\240\184\189\188","\243\191\179\140\241\138\132\147\241\142\133\181\241\146\146\142\241\184\148\184\243\180\138\158\242\163\140\165"]

Tue Jan 10 21:55:40 2023 
Received response:
Response {responseStatus = Status {statusCode = 404, statusMessage = "Not Found"}, responseVersion = HTTP/1.1, responseHeaders = [("Transfer-Encoding","chunked"),("Date","Tue, 10 Jan 2023 18:55:40 GMT"),("Server","Warp/3.3.23")], responseBody = "", responseCookieJar = CJ {expose = []}, responseClose' = ResponseClose, responseOriginalRequest = Request {
  host                 = "localhost"
  port                 = 3000
  secure               = False
  requestHeaders       = [("Content-Type","application/json")]
  path                 = "/relayRequestSumbitTx"
  queryString          = ""
  method               = "POST"
  proxy                = Nothing
  rawBody              = False
  redirectCount        = 10
  responseTimeout      = ResponseTimeoutMicro 180000000
  requestVersion       = HTTP/1.1
  proxySecureMode      = ProxySecureWithConnect
}
}

Tue Jan 10 21:55:40 2023 
Received response:
Response {responseStatus = Status {statusCode = 404, statusMessage = "Not Found"}, responseVersion = HTTP/1.1, responseHeaders = [("Transfer-Encoding","chunked"),("Date","Tue, 10 Jan 2023 18:55:40 GMT"),("Server","Warp/3.3.23")], responseBody = "", responseCookieJar = CJ {expose = []}, responseClose' = ResponseClose, responseOriginalRequest = Request {
  host                 = "localhost"
  port                 = 3000
  secure               = False
  requestHeaders       = [("Content-Type","application/json")]
  path                 = "/relayRequestSumbitTx"
  queryString          = ""
  method               = "POST"
  proxy                = Nothing
  rawBody              = False
  redirectCount        = 10
  responseTimeout      = ResponseTimeoutMicro 180000000
  requestVersion       = HTTP/1.1
  proxySecureMode      = ProxySecureWithConnect
}
}

Tue Jan 10 21:56:12 2023 
New input to send:

["\242\151\136\187\243\167\165\156","\241\169\155\136\243\174\173\134\234\157\181\240\187\187\185","\242\128\178\149\240\190\173\175\242\134\177\150\240\146\167\184\241\182\141\142\243\159\143\142\241\184\157\164\240\147\167\138","\243\168\149\178\243\181\188\148\242\143\186\170\244\129\173\162\244\141\174\170","\242\155\149\152\241\161\190\137\243\151\151\180","\244\132\141\132\241\138\162\173\242\147\143\136\242\146\169\187\224\175\151","\244\135\156\128\241\151\153\146\241\190\146\132\243\149\137\128\243\189\172\186\240\186\169\168\244\129\179\164\241\155\128\153","\242\157\154\153\244\131\170\185\242\142\144\144\242\175\153\150\243\142\139\132","\242\145\162\191\243\178\183\132","\233\154\191\240\179\131\171\243\190\155\139\243\144\162\165\240\177\140\132","\242\190\155\172\240\186\147\191\241\181\163\143\233\132\166"]

Tue Jan 10 21:56:12 2023 
New input to send:

["\242\151\136\187\243\167\165\156","\241\169\155\136\243\174\173\134\234\157\181\240\187\187\185","\242\128\178\149\240\190\173\175\242\134\177\150\240\146\167\184\241\182\141\142\243\159\143\142\241\184\157\164\240\147\167\138","\243\168\149\178\243\181\188\148\242\143\186\170\244\129\173\162\244\141\174\170","\242\155\149\152\241\161\190\137\243\151\151\180","\244\132\141\132\241\138\162\173\242\147\143\136\242\146\169\187\224\175\151","\244\135\156\128\241\151\153\146\241\190\146\132\243\149\137\128\243\189\172\186\240\186\169\168\244\129\179\164\241\155\128\153","\242\157\154\153\244\131\170\185\242\142\144\144\242\175\153\150\243\142\139\132","\242\145\162\191\243\178\183\132","\233\154\191\240\179\131\171\243\190\155\139\243\144\162\165\240\177\140\132","\242\190\155\172\240\186\147\191\241\181\163\143\233\132\166"]

Tue Jan 10 21:56:12 2023 
Received response:
Response {responseStatus = Status {statusCode = 404, statusMessage = "Not Found"}, responseVersion = HTTP/1.1, responseHeaders = [("Transfer-Encoding","chunked"),("Date","Tue, 10 Jan 2023 18:56:12 GMT"),("Server","Warp/3.3.23")], responseBody = "", responseCookieJar = CJ {expose = []}, responseClose' = ResponseClose, responseOriginalRequest = Request {
  host                 = "localhost"
  port                 = 3000
  secure               = False
  requestHeaders       = [("Content-Type","application/json")]
  path                 = "/relayRequestSumbitTx"
  queryString          = ""
  method               = "POST"
  proxy                = Nothing
  rawBody              = False
  redirectCount        = 10
  responseTimeout      = ResponseTimeoutMicro 180000000
  requestVersion       = HTTP/1.1
  proxySecureMode      = ProxySecureWithConnect
}
}

Tue Jan 10 21:56:12 2023 
Received response:
Response {responseStatus = Status {statusCode = 404, statusMessage = "Not Found"}, responseVersion = HTTP/1.1, responseHeaders = [("Transfer-Encoding","chunked"),("Date","Tue, 10 Jan 2023 18:56:12 GMT"),("Server","Warp/3.3.23")], responseBody = "", responseCookieJar = CJ {expose = []}, responseClose' = ResponseClose, responseOriginalRequest = Request {
  host                 = "localhost"
  port                 = 3000
  secure               = False
  requestHeaders       = [("Content-Type","application/json")]
  path                 = "/relayRequestSumbitTx"
  queryString          = ""
  method               = "POST"
  proxy                = Nothing
  rawBody              = False
  redirectCount        = 10
  responseTimeout      = ResponseTimeoutMicro 180000000
  requestVersion       = HTTP/1.1
  proxySecureMode      = ProxySecureWithConnect
}
}

Tue Jan 10 21:57:24 2023 
New input to send:

["\240\189\137\152\242\173\168\188","\240\179\163\178\241\131\138\150\242\132\142\139\243\171\158\154\242\181\183\147\244\142\166\145","\240\167\147\142\241\171\161\130","\243\177\156\152\242\164\134\182\244\132\144\189\241\183\155\138\243\131\159\178\241\138\129\175","\240\146\147\146\242\182\148\179\243\162\145\138\240\183\131\177\242\155\164\152\243\146\162\181","\240\169\174\146\241\153\183\132\241\134\168\131\243\145\191\160\241\152\131\161\244\133\132\175\240\159\132\151","\240\158\134\149\242\130\170\165","\242\155\172\168\244\143\159\178\243\171\186\136\240\149\175\164\241\172\137\142\241\134\134\154\241\181\128\188","\241\155\172\162\243\132\174\132\244\137\163\129\242\134\161\152\242\157\130\159\244\133\130\183\243\150\148\157","\240\168\190\159\233\186\180\241\190\187\161\227\146\142\241\136\164\182","\243\159\145\128\241\153\178\171","\240\180\191\185\243\172\166\162","\243\183\161\132\243\191\163\129\227\146\139\241\147\135\172\242\142\176\163\241\131\140\134\241\175\152\175\244\131\135\153"]

Tue Jan 10 21:57:24 2023 
New input to send:

["\240\189\137\152\242\173\168\188","\240\179\163\178\241\131\138\150\242\132\142\139\243\171\158\154\242\181\183\147\244\142\166\145","\240\167\147\142\241\171\161\130","\243\177\156\152\242\164\134\182\244\132\144\189\241\183\155\138\243\131\159\178\241\138\129\175","\240\146\147\146\242\182\148\179\243\162\145\138\240\183\131\177\242\155\164\152\243\146\162\181","\240\169\174\146\241\153\183\132\241\134\168\131\243\145\191\160\241\152\131\161\244\133\132\175\240\159\132\151","\240\158\134\149\242\130\170\165","\242\155\172\168\244\143\159\178\243\171\186\136\240\149\175\164\241\172\137\142\241\134\134\154\241\181\128\188","\241\155\172\162\243\132\174\132\244\137\163\129\242\134\161\152\242\157\130\159\244\133\130\183\243\150\148\157","\240\168\190\159\233\186\180\241\190\187\161\227\146\142\241\136\164\182","\243\159\145\128\241\153\178\171","\240\180\191\185\243\172\166\162","\243\183\161\132\243\191\163\129\227\146\139\241\147\135\172\242\142\176\163\241\131\140\134\241\175\152\175\244\131\135\153"]

Tue Jan 10 21:57:24 2023 
Received response:
Response {responseStatus = Status {statusCode = 404, statusMessage = "Not Found"}, responseVersion = HTTP/1.1, responseHeaders = [("Transfer-Encoding","chunked"),("Date","Tue, 10 Jan 2023 18:57:24 GMT"),("Server","Warp/3.3.23")], responseBody = "", responseCookieJar = CJ {expose = []}, responseClose' = ResponseClose, responseOriginalRequest = Request {
  host                 = "localhost"
  port                 = 3000
  secure               = False
  requestHeaders       = [("Content-Type","application/json")]
  path                 = "/relayRequestSumbitTx"
  queryString          = ""
  method               = "POST"
  proxy                = Nothing
  rawBody              = False
  redirectCount        = 10
  responseTimeout      = ResponseTimeoutMicro 180000000
  requestVersion       = HTTP/1.1
  proxySecureMode      = ProxySecureWithConnect
}
}

Tue Jan 10 21:57:24 2023 
Received response:
Response {responseStatus = Status {statusCode = 404, statusMessage = "Not Found"}, responseVersion = HTTP/1.1, responseHeaders = [("Transfer-Encoding","chunked"),("Date","Tue, 10 Jan 2023 18:57:24 GMT"),("Server","Warp/3.3.23")], responseBody = "", responseCookieJar = CJ {expose = []}, responseClose' = ResponseClose, responseOriginalRequest = Request {
  host                 = "localhost"
  port                 = 3000
  secure               = False
  requestHeaders       = [("Content-Type","application/json")]
  path                 = "/relayRequestSumbitTx"
  queryString          = ""
  method               = "POST"
  proxy                = Nothing
  rawBody              = False
  redirectCount        = 10
  responseTimeout      = ResponseTimeoutMicro 180000000
  requestVersion       = HTTP/1.1
  proxySecureMode      = ProxySecureWithConnect
}
}

Tue Jan 10 21:57:55 2023 
Starting client...

Tue Jan 10 21:57:55 2023 
New input to send:

["\235\137\176\243\187\160\164\242\166\136\145\241\128\148\171","\243\190\149\174n","\241\135\182\189\243\169\172\148\240\168\139\160\243\186\171\141\242\176\146\148","\241\178\130\149\242\138\166\155\240\161\137\174","\243\153\146\161\242\173\170\166\243\166\131\190\242\145\154\138\243\161\168\154\243\162\150\178\238\173\152\243\180\135\170","\244\130\174\129\241\183\161\175\240\178\161\176\242\181\181\140","\242\179\135\131\243\158\161\132","\241\138\178\128\241\157\160\143\241\170\140\144\240\189\147\186\241\148\178\165\240\147\163\170\242\136\148\144\242\173\129\152","\242\131\167\187\242\158\181\177","\242\140\130\166\240\185\172\165\242\188\141\141\241\180\176\173\242\170\165\184","\243\143\139\180\243\129\169\151\242\161\181\150\241\151\187\165\229\181\160\241\140\131\169\229\160\171\243\144\175\131"]

Tue Jan 10 21:57:55 2023 
Received response:
Response {responseStatus = Status {statusCode = 400, statusMessage = "Bad Request"}, responseVersion = HTTP/1.1, responseHeaders = [("Transfer-Encoding","chunked"),("Date","Tue, 10 Jan 2023 18:57:55 GMT"),("Server","Warp/3.3.23")], responseBody = "Error in $: cannot unpack array of length 11 into a tuple of length 2", responseCookieJar = CJ {expose = []}, responseClose' = ResponseClose, responseOriginalRequest = Request {
  host                 = "localhost"
  port                 = 3000
  secure               = False
  requestHeaders       = [("Content-Type","application/json")]
  path                 = "/relayRequestSubmitTx"
  queryString          = ""
  method               = "POST"
  proxy                = Nothing
  rawBody              = False
  redirectCount        = 10
  responseTimeout      = ResponseTimeoutMicro 180000000
  requestVersion       = HTTP/1.1
  proxySecureMode      = ProxySecureWithConnect
}
}

Tue Jan 10 21:59:44 2023 
New input to send:

["\243\158\159\185\244\129\138\181\241\179\145\169\241\136\154\170\243\171\180\132\236\151\175\242\137\152\138","\240\171\169\183\242\180\140\153","\243\163\183\130\243\184\191\179\243\156\185\159\243\133\154\178\243\148\169\153","\241\162\182\141\242\143\132\163\241\154\191\138\242\141\131\171","\242\130\130\176\242\147\165\137","\242\155\185\149\240\151\191\165\243\188\168\190\243\163\178\151","\235\132\162\242\156\146\181\242\134\134\183\243\153\161\134\242\148\159\168\243\134\160\142\240\177\137\132\227\150\182","\241\169\159\140\242\160\159\180\243\175\135\177\243\139\151\138\230\164\131\240\162\142\172","\241\180\165\174\227\132\138\243\160\172\166\241\133\190\155\234\129\176\242\128\131\170","\241\142\184\162\240\182\157\165\241\174\191\171\240\149\181\147\243\172\136\173\240\175\136\139\241\191\157\161","\244\140\154\134\243\184\184\166\244\131\159\158","\242\153\128\147\243\137\140\183\243\134\143\180\235\173\187","\243\185\132\151\244\139\182\135\243\159\190\178\241\150\152\159\241\132\144\180\241\151\162\191","\242\144\161\175\243\142\131\160\230\186\132\241\133\145\138\242\159\174\160\243\133\137\146\243\132\153\181\243\141\182\188"]

Tue Jan 10 21:59:44 2023 
New input to send:

["\243\158\159\185\244\129\138\181\241\179\145\169\241\136\154\170\243\171\180\132\236\151\175\242\137\152\138","\240\171\169\183\242\180\140\153","\243\163\183\130\243\184\191\179\243\156\185\159\243\133\154\178\243\148\169\153","\241\162\182\141\242\143\132\163\241\154\191\138\242\141\131\171","\242\130\130\176\242\147\165\137","\242\155\185\149\240\151\191\165\243\188\168\190\243\163\178\151","\235\132\162\242\156\146\181\242\134\134\183\243\153\161\134\242\148\159\168\243\134\160\142\240\177\137\132\227\150\182","\241\169\159\140\242\160\159\180\243\175\135\177\243\139\151\138\230\164\131\240\162\142\172","\241\180\165\174\227\132\138\243\160\172\166\241\133\190\155\234\129\176\242\128\131\170","\241\142\184\162\240\182\157\165\241\174\191\171\240\149\181\147\243\172\136\173\240\175\136\139\241\191\157\161","\244\140\154\134\243\184\184\166\244\131\159\158","\242\153\128\147\243\137\140\183\243\134\143\180\235\173\187","\243\185\132\151\244\139\182\135\243\159\190\178\241\150\152\159\241\132\144\180\241\151\162\191","\242\144\161\175\243\142\131\160\230\186\132\241\133\145\138\242\159\174\160\243\133\137\146\243\132\153\181\243\141\182\188"]

Tue Jan 10 21:59:44 2023 
Received response:
Response {responseStatus = Status {statusCode = 404, statusMessage = "Not Found"}, responseVersion = HTTP/1.1, responseHeaders = [("Transfer-Encoding","chunked"),("Date","Tue, 10 Jan 2023 18:59:44 GMT"),("Server","Warp/3.3.23")], responseBody = "", responseCookieJar = CJ {expose = []}, responseClose' = ResponseClose, responseOriginalRequest = Request {
  host                 = "localhost"
  port                 = 3000
  secure               = False
  requestHeaders       = [("Content-Type","application/json")]
  path                 = "/relayRequestSumbitTx"
  queryString          = ""
  method               = "POST"
  proxy                = Nothing
  rawBody              = False
  redirectCount        = 10
  responseTimeout      = ResponseTimeoutMicro 180000000
  requestVersion       = HTTP/1.1
  proxySecureMode      = ProxySecureWithConnect
}
}

Tue Jan 10 21:59:44 2023 
Received response:
Response {responseStatus = Status {statusCode = 404, statusMessage = "Not Found"}, responseVersion = HTTP/1.1, responseHeaders = [("Transfer-Encoding","chunked"),("Date","Tue, 10 Jan 2023 18:59:44 GMT"),("Server","Warp/3.3.23")], responseBody = "", responseCookieJar = CJ {expose = []}, responseClose' = ResponseClose, responseOriginalRequest = Request {
  host                 = "localhost"
  port                 = 3000
  secure               = False
  requestHeaders       = [("Content-Type","application/json")]
  path                 = "/relayRequestSumbitTx"
  queryString          = ""
  method               = "POST"
  proxy                = Nothing
  rawBody              = False
  redirectCount        = 10
  responseTimeout      = ResponseTimeoutMicro 180000000
  requestVersion       = HTTP/1.1
  proxySecureMode      = ProxySecureWithConnect
}
}

Tue Jan 10 22:00:13 2023 
New input to send:

["\243\136\174\139\242\173\170\171\243\148\134\191\241\159\190\136\240\151\190\168\243\140\159\130\231\140\138\241\160\162\151","\241\141\177\179\241\190\144\163\240\173\157\188\243\157\184\176\243\151\157\131\242\190\151\146","\243\159\158\168\242\140\183\170\242\145\135\170\240\171\164\158\240\188\138\139","\243\158\130\151\240\155\186\176\244\139\145\180\241\157\133\170\238\180\159","\240\154\183\164\240\159\162\152","\240\151\181\188\243\162\130\171\243\137\130\162","\242\129\152\173\243\132\162\158\243\178\176\144\242\168\179\167\240\183\151\161\240\169\178\135\244\139\156\166","\241\136\148\191\240\179\140\165","\243\182\161\163\243\136\177\141\241\165\164\167\243\155\175\177\242\148\179\183\229\167\165\242\144\133\168","\241\157\131\156\241\181\172\135\240\169\184\155\242\171\154\167\243\144\175\167\242\161\162\135","\240\147\184\155\242\138\184\143\240\157\157\148\241\141\134\140\234\166\191\241\131\152\183","\241\171\157\144\243\150\183\154\229\150\133\242\150\188\142\241\128\139\164\241\169\141\138\241\132\147\139","\240\187\180\142\243\174\131\160\240\180\128\172\242\150\135\183\244\130\176\170\243\155\185\169"]

Tue Jan 10 22:00:13 2023 
Received response:
Response {responseStatus = Status {statusCode = 400, statusMessage = "Bad Request"}, responseVersion = HTTP/1.1, responseHeaders = [("Transfer-Encoding","chunked"),("Date","Tue, 10 Jan 2023 19:00:13 GMT"),("Server","Warp/3.3.23")], responseBody = "Error in $: cannot unpack array of length 13 into a tuple of length 2", responseCookieJar = CJ {expose = []}, responseClose' = ResponseClose, responseOriginalRequest = Request {
  host                 = "localhost"
  port                 = 3000
  secure               = False
  requestHeaders       = [("Content-Type","application/json")]
  path                 = "/relayRequestSubmitTx"
  queryString          = ""
  method               = "POST"
  proxy                = Nothing
  rawBody              = False
  redirectCount        = 10
  responseTimeout      = ResponseTimeoutMicro 180000000
  requestVersion       = HTTP/1.1
  proxySecureMode      = ProxySecureWithConnect
}
}

Tue Jan 10 22:00:50 2023 
New input to send:

["\242\188\177\145\241\159\149\147\240\173\177\151\240\167\179\159\240\166\164\160\234\170\172\241\146\130\129","\242\156\178\188\240\180\183\159\241\190\156\191\242\174\175\183","\241\156\168\172\241\184\143\154\233\161\154\243\145\158\189\240\179\180\163\243\140\150\158\241\128\136\186"]

Tue Jan 10 22:00:50 2023 
Received response:
Response {responseStatus = Status {statusCode = 400, statusMessage = "Bad Request"}, responseVersion = HTTP/1.1, responseHeaders = [("Transfer-Encoding","chunked"),("Date","Tue, 10 Jan 2023 19:00:50 GMT"),("Server","Warp/3.3.23")], responseBody = "Error in $: cannot unpack array of length 3 into a tuple of length 2", responseCookieJar = CJ {expose = []}, responseClose' = ResponseClose, responseOriginalRequest = Request {
  host                 = "localhost"
  port                 = 3000
  secure               = False
  requestHeaders       = [("Content-Type","application/json")]
  path                 = "/relayRequestSubmitTx"
  queryString          = ""
  method               = "POST"
  proxy                = Nothing
  rawBody              = False
  redirectCount        = 10
  responseTimeout      = ResponseTimeoutMicro 180000000
  requestVersion       = HTTP/1.1
  proxySecureMode      = ProxySecureWithConnect
}
}

Tue Jan 10 22:30:15 2023 
Starting server...

Tue Jan 10 22:30:32 2023 
New request to send:

(["\243\139\146\140\240\165\130\171\240\147\164\139\226\154\131"],fromList [])

Tue Jan 10 22:30:32 2023 
New submitTx request received:
Redeemer:
["\243\139\146\140\240\165\130\171\240\147\164\139\226\154\131"]
Utxos:
fromList []

Tue Jan 10 22:30:32 2023 
Received response:
Response {responseStatus = Status {statusCode = 204, statusMessage = "No Content"}, responseVersion = HTTP/1.1, responseHeaders = [("Date","Tue, 10 Jan 2023 19:30:32 GMT"),("Server","Warp/3.3.23"),("Content-Type","application/json;charset=utf-8")], responseBody = "", responseCookieJar = CJ {expose = []}, responseClose' = ResponseClose, responseOriginalRequest = Request {
  host                 = "localhost"
  port                 = 3000
  secure               = False
  requestHeaders       = [("Content-Type","application/json")]
  path                 = "/relayRequestSubmitTx"
  queryString          = ""
  method               = "POST"
  proxy                = Nothing
  rawBody              = False
  redirectCount        = 10
  responseTimeout      = ResponseTimeoutMicro 180000000
  requestVersion       = HTTP/1.1
  proxySecureMode      = ProxySecureWithConnect
}
}

Wed Jan 11 19:43:28 2023 
Starting server...

Wed Jan 11 19:48:12 2023 
Starting server...

Wed Jan 11 19:55:11 2023 
Starting server...

Wed Jan 11 21:10:53 2023 
Starting server...

Wed Jan 11 21:20:08 2023 
Starting server...

Wed Jan 11 21:50:36 2023 
Starting server...

Wed Jan 11 23:31:09 2023 
Starting server...

Wed Jan 11 23:34:59 2023 
Starting server...

Wed Jan 11 23:36:41 2023 
New funds request received:
addr_test1qzj87nf63cdpkdm04uvgdv95c8l7w59nv4ne9hdz0jlfv0xr33lane4ma0p5qlwt3zw8mjs5wq4wv27fa4ydqu4x7ceq2zeu6t

Wed Jan 11 23:37:05 2023 
New funds request received:
addr_test1qzj87nf63cdpkdm04uvgdv95c8l7w59nv4ne9hdz0jlfv0xr33lane4ma0p5qlwt3zw8mjs5wq4wv27fa4ydqu4x7ceq2zeu6t

Wed Jan 11 23:37:08 2023 
New funds request received:
addr_test1qzj87nf63cdpkdm04uvgdv95c8l7w59nv4ne9hdz0jlfv0xr33lane4ma0p5qlwt3zw8mjs5wq4wv27fa4ydqu4x7ceq2zeu6t

Wed Jan 11 23:37:09 2023 
New funds request received:
addr_test1qzj87nf63cdpkdm04uvgdv95c8l7w59nv4ne9hdz0jlfv0xr33lane4ma0p5qlwt3zw8mjs5wq4wv27fa4ydqu4x7ceq2zeu6t

Wed Jan 11 23:37:14 2023 
New funds request received:
addr_test1qzj87nf63cdpkdm04uvgdv95c8l7w59nv4ne9hdz0jlfv0xr33lane4ma0p5qlwt3zw8mjs5wq4wv27fa4ydqu4x7ceq2zeu6t

Wed Jan 11 23:37:28 2023 
New funds request received:
addr_test1qzj87nf63cdpkdm04uvgdv95c8l7w59nv4ne9hdz0jlfv0xr33lane4ma0p5qlwt3zw8mjs5wq4wv27fa4ydqu4x7ceq2zeu6t

Wed Jan 11 23:37:30 2023 
New funds request received:
addr_test1qzj87nf63cdpkdm04uvgdv95c8l7w59nv4ne9hdz0jlfv0xr33lane4ma0p5qlwt3zw8mjs5wq4wv27fa4ydqu4x7ceq2zeu6t

Wed Jan 11 23:37:31 2023 
New funds request received:
addr_test1qzj87nf63cdpkdm04uvgdv95c8l7w59nv4ne9hdz0jlfv0xr33lane4ma0p5qlwt3zw8mjs5wq4wv27fa4ydqu4x7ceq2zeu6t

Wed Jan 11 23:37:52 2023 
New funds request received:
addr_test1qzj87nf63cdpkdm04uvgdv95c8l7w59nv4ne9hdz0jlfv0xr33lane4ma0p5qlwt3zw8mjs5wq4wv27fa4ydqu4x7ceq2zeu6t

Wed Jan 11 23:37:52 2023 
Cardano chainIndex is currently unavailable. Try again later.

Wed Jan 11 23:38:15 2023 
New funds request received:
addr_test1qzj87nf63cdpkdm04uvgdv95c8l7w59nv4ne9hdz0jlfv0xr33lane4ma0p5qlwt3zw8mjs5wq4wv27fa4ydqu4x7ceq2zeu6t

Wed Jan 11 23:38:15 2023 
Cardano chainIndex is currently unavailable. Try again later.

Wed Jan 11 23:38:30 2023 
New funds request received:
addr_test1qzj87nf63cdpkdm04uvgdv95c8l7w59nv4ne9hdz0jlfv0xr33lane4ma0p5qlwt3zw8mjs5wq4wv27fa4ydqu4x7ceq2zeu6t

Wed Jan 11 23:38:31 2023 
New funds request received:
addr_test1qzj87nf63cdpkdm04uvgdv95c8l7w59nv4ne9hdz0jlfv0xr33lane4ma0p5qlwt3zw8mjs5wq4wv27fa4ydqu4x7ceq2zeu6t

Mon Jan 16 22:00:32 2023 
Starting server...

Mon Jan 16 22:01:23 2023 
Starting server...

Mon Jan 16 22:02:09 2023 
Starting server...

Mon Jan 16 22:03:04 2023 
Starting server...

Mon Jan 16 22:07:35 2023 
Starting server...

Mon Jan 16 22:08:10 2023 
Received ping request.

Mon Jan 16 22:12:47 2023 
Starting server...

Tue Jan 17 01:08:17 2023 
Starting server...

Tue Jan 17 01:18:29 2023 
Starting server...

Tue Jan 17 01:20:09 2023 
Starting server...

Tue Jan 17 01:36:41 2023 
Starting server...

Tue Jan 17 01:45:08 2023 
Starting server...

Tue Jan 17 01:52:25 2023 
Starting server...

Tue Jan 17 02:00:14 2023 
Starting server...

Tue Jan 17 02:08:37 2023 
Starting server...

Tue Jan 17 02:09:25 2023 
Starting server...

Tue Jan 17 02:20:45 2023 
Starting server...

Tue Jan 17 02:20:52 2023 
New funds request received:
addr_test1qzj87nf63cdpkdm04uvgdv95c8l7w59nv4ne9hdz0jlfv0xr33lane4ma0p5qlwt3zw8mjs5wq4wv27fa4ydqu4x7ceq2zeu6t

Tue Jan 17 02:21:05 2023 
New funds request received:
addr_tesst1qzj87nf63cdpkdm04uvgdv95c8l7w59nv4ne9hdz0jlfv0xr33lane4ma0p5qlwt3zw8mjs5wq4wv27fa4ydqu4x7ceq2zeu6t

Tue Jan 17 02:21:05 2023 
UnparsableAddress

Tue Jan 17 02:21:27 2023 
New funds request received:
addr_test1qzj87nf63cdpkdm04uvgdv95c8l7w59nv4ne9hdz0jlfv0xr33lane4ma0p5qlwt3zw8mjs5wq4wv27fa4ydqu4x7ceq2zeu6t

Tue Jan 17 02:29:30 2023 
Starting server...

Tue Jan 17 02:29:37 2023 
New funds request received:
addr_test1qzj87nf63cdpkdm04uvgdv95c8l7w59nv4ne9hdz0jlfv0xr33lane4ma0p5qlwt3zw8mjs5wq4wv27fa4ydqu4x7ceq2zeu6t

Tue Jan 17 02:29:37 2023 
New funds request received:
addr_test1qzj87nf63cdpkdm04uvgdv95c8l7w59nv4ne9hdz0jlfv0xr33lane4ma0p5qlwt3zw8mjs5wq4wv27fa4ydqu4x7ceq2zeu6t

Tue Jan 17 02:29:41 2023 
New funds request received:
addr_test1qzj87nf63cdpkdm04uvgdv95c8l7w59nv4ne9hdz0jlfv0xr33lane4ma0p5qlwt3zw8mjs5wq4wv27fa4ydqu4x7ceq2zeu6t

Tue Jan 17 02:29:41 2023 
Incorrect currency symbol.

Tue Jan 17 04:01:20 2023 
Starting server...

Tue Jan 17 04:01:27 2023 
New funds request received:
addr_test1qzj87nf63cdpkdm04uvgdv95c8l7w59nv4ne9hdz0jlfv0xr33lane4ma0p5qlwt3zw8mjs5wq4wv27fa4ydqu4x7ceq2zeu6t

Tue Jan 17 04:01:28 2023 
New funds request received:
addr_test1qzj87nf63cdpkdm04uvgdv95c8l7w59nv4ne9hdz0jlfv0xr33lane4ma0p5qlwt3zw8mjs5wq4wv27fa4ydqu4x7ceq2zeu6t

Tue Jan 17 04:01:28 2023 
New funds request received:
addr_test1qzj87nf63cdpkdm04uvgdv95c8l7w59nv4ne9hdz0jlfv0xr33lane4ma0p5qlwt3zw8mjs5wq4wv27fa4ydqu4x7ceq2zeu6t

Tue Jan 17 04:01:29 2023 
New funds request received:
addr_test1qzj87nf63cdpkdm04uvgdv95c8l7w59nv4ne9hdz0jlfv0xr33lane4ma0p5qlwt3zw8mjs5wq4wv27fa4ydqu4x7ceq2zeu6t

Tue Jan 17 04:01:30 2023 
New funds request received:
addr_test1qzj87nf63cdpkdm04uvgdv95c8l7w59nv4ne9hdz0jlfv0xr33lane4ma0p5qlwt3zw8mjs5wq4wv27fa4ydqu4x7ceq2zeu6t

Tue Jan 17 04:01:31 2023 
New funds request received:
addr_test1qzj87nf63cdpkdm04uvgdv95c8l7w59nv4ne9hdz0jlfv0xr33lane4ma0p5qlwt3zw8mjs5wq4wv27fa4ydqu4x7ceq2zeu6t

Tue Jan 17 04:01:31 2023 
New funds request received:
addr_test1qzj87nf63cdpkdm04uvgdv95c8l7w59nv4ne9hdz0jlfv0xr33lane4ma0p5qlwt3zw8mjs5wq4wv27fa4ydqu4x7ceq2zeu6t

Tue Jan 17 04:01:32 2023 
New funds request received:
addr_test1qzj87nf63cdpkdm04uvgdv95c8l7w59nv4ne9hdz0jlfv0xr33lane4ma0p5qlwt3zw8mjs5wq4wv27fa4ydqu4x7ceq2zeu6t

Tue Jan 17 04:01:33 2023 
New funds request received:
addr_test1qzj87nf63cdpkdm04uvgdv95c8l7w59nv4ne9hdz0jlfv0xr33lane4ma0p5qlwt3zw8mjs5wq4wv27fa4ydqu4x7ceq2zeu6t

Tue Jan 17 04:01:34 2023 
New funds request received:
addr_test1qzj87nf63cdpkdm04uvgdv95c8l7w59nv4ne9hdz0jlfv0xr33lane4ma0p5qlwt3zw8mjs5wq4wv27fa4ydqu4x7ceq2zeu6t

Tue Jan 17 04:01:35 2023 
New funds request received:
addr_test1qzj87nf63cdpkdm04uvgdv95c8l7w59nv4ne9hdz0jlfv0xr33lane4ma0p5qlwt3zw8mjs5wq4wv27fa4ydqu4x7ceq2zeu6t

Tue Jan 17 04:01:36 2023 
New funds request received:
addr_test1qzj87nf63cdpkdm04uvgdv95c8l7w59nv4ne9hdz0jlfv0xr33lane4ma0p5qlwt3zw8mjs5wq4wv27fa4ydqu4x7ceq2zeu6t

Tue Jan 17 04:01:37 2023 
New funds request received:
addr_test1qzj87nf63cdpkdm04uvgdv95c8l7w59nv4ne9hdz0jlfv0xr33lane4ma0p5qlwt3zw8mjs5wq4wv27fa4ydqu4x7ceq2zeu6t

Tue Jan 17 04:01:38 2023 
New funds request received:
addr_test1qzj87nf63cdpkdm04uvgdv95c8l7w59nv4ne9hdz0jlfv0xr33lane4ma0p5qlwt3zw8mjs5wq4wv27fa4ydqu4x7ceq2zeu6t

Tue Jan 17 04:01:39 2023 
New funds request received:
addr_test1qzj87nf63cdpkdm04uvgdv95c8l7w59nv4ne9hdz0jlfv0xr33lane4ma0p5qlwt3zw8mjs5wq4wv27fa4ydqu4x7ceq2zeu6t

Tue Jan 17 04:01:40 2023 
New funds request received:
addr_test1qzj87nf63cdpkdm04uvgdv95c8l7w59nv4ne9hdz0jlfv0xr33lane4ma0p5qlwt3zw8mjs5wq4wv27fa4ydqu4x7ceq2zeu6t

Tue Jan 17 04:01:41 2023 
New funds request received:
addr_test1qzj87nf63cdpkdm04uvgdv95c8l7w59nv4ne9hdz0jlfv0xr33lane4ma0p5qlwt3zw8mjs5wq4wv27fa4ydqu4x7ceq2zeu6t

Tue Jan 17 04:01:42 2023 
New funds request received:
addr_test1qzj87nf63cdpkdm04uvgdv95c8l7w59nv4ne9hdz0jlfv0xr33lane4ma0p5qlwt3zw8mjs5wq4wv27fa4ydqu4x7ceq2zeu6t

Tue Jan 17 04:01:53 2023 
New funds request received:
addr_test1qzj87nf63cdpkdm04uvgdv95c8l7w59nv4ne9hdz0jlfv0xr33lane4ma0p5qlwt3zw8mjs5wq4wv27fa4ydqu4x7ceq2zeu6t

Tue Jan 17 04:02:01 2023 
New funds request received:
addr_test1qzj87nf63cdpkdm04uvgdv95c8l7w59nv4ne9hdz0jlfv0xr33lane4ma0p5qlwt3zw8mjs5wq4wv27fa4ydqu4x7ceq2zeu6t

Tue Jan 17 04:02:15 2023 
New funds request received:
addr_test1qzj87nf63cdpkdm04uvgdv95c8l7w59nv4ne9hdz0jlfv0xr33lane4ma0p5qlwt3zw8mjs5wq4wv27fa4ydqu4x7ceq2zeu6t

Tue Jan 17 20:32:14 2023 
Address {addressCredential = PubKeyCredential c4dcc60073e7d2cea13b777c5288b06f651aa7b8b1f0c8dac11eee09, addressStakingCredential = Just (StakingHash (PubKeyCredential 13597b58066918fe10f83c72bf83285c6a6a5cb882ed405bf5e705da))}

Tue Jan 17 21:07:51 2023 
Starting server...

Tue Jan 17 21:10:06 2023 
Starting client...

Tue Jan 17 21:10:06 2023 
New request to send:

(["\242\163\174\146\242\186\134\188\244\138\166\129","\242\161\157\170\241\142\174\170\241\150\152\156\243\177\153\170\241\148\128\155","\241\140\165\158\242\178\185\157\243\149\182\183\242\129\156\155\242\180\136\158\228\187\188\241\137\129\166\243\163\188\138","\240\180\147\149\242\129\178\186\240\161\159\152\240\176\134\186\242\140\179\128\241\170\153\187","\241\178\174\139\243\180\151\169\244\135\175\153\242\129\179\189","\243\170\144\156\240\177\172\177","\242\148\143\175\243\166\128\138\243\168\143\168\242\169\163\158","\243\147\191\155\240\151\149\182\241\180\151\179\243\150\140\134","\243\174\150\184\241\184\147\150\243\135\137\135\243\160\179\150","\242\189\178\145\243\132\188\154\243\145\129\178\242\153\191\140\242\177\186\155\243\166\136\133\243\165\153\132"],fromList [])

Tue Jan 17 21:11:22 2023 
Starting client...

Tue Jan 17 21:11:22 2023 
New request to send:

(["\242\137\131\191\242\169\128\139","\242\188\171\191\241\183\146\143","\241\180\145\166\242\148\133\144\244\137\154\151\242\182\185\132\239\151\144","\243\152\180\141\243\166\180\134","\240\177\152\182\241\177\174\149\242\158\182\185\243\137\134\129\240\146\173\167\242\165\135\133\240\153\158\165","\243\129\168\165\235\138\190\241\169\165\153","\241\172\129\175\241\139\151\149\226\148\171","\241\131\168\135\242\140\158\162","\241\181\176\138\240\187\167\189\241\176\129\165\243\128\176\157\240\183\165\184\240\165\186\180\240\166\143\138\242\139\158\164","\243\190\135\130\243\188\190\174\242\174\155\178\239\134\146","\244\142\167\144\232\153\160\240\187\163\147","\240\158\148\184\243\153\188\166\242\161\177\182\241\158\174\130\242\131\189\128\242\157\175\181\243\147\183\136\240\185\186\167","\242\136\162\163\242\189\164\178\243\159\162\134\244\131\142\150\243\154\142\186\240\145\165\153\236\182\170\240\148\144\189"],fromList [])

Tue Jan 17 21:11:22 2023 
Received response:
Response {responseStatus = Status {statusCode = 404, statusMessage = "Not Found"}, responseVersion = HTTP/1.1, responseHeaders = [("Transfer-Encoding","chunked"),("Date","Tue, 17 Jan 2023 18:11:22 GMT"),("Server","Warp/3.3.23")], responseBody = "", responseCookieJar = CJ {expose = []}, responseClose' = ResponseClose, responseOriginalRequest = Request {
  host                 = "localhost"
  port                 = 3000
  secure               = False
  requestHeaders       = [("Content-Type","application/json")]
  path                 = "/SubmitTx"
  queryString          = ""
  method               = "POST"
  proxy                = Nothing
  rawBody              = False
  redirectCount        = 10
  responseTimeout      = ResponseTimeoutMicro 180000000
  requestVersion       = HTTP/1.1
  proxySecureMode      = ProxySecureWithConnect
}
}

Tue Jan 17 21:13:33 2023 
Starting client...

Tue Jan 17 21:13:33 2023 
New request to send:

(["\242\187\135\189\241\152\176\163\241\142\148\140\244\141\190\156","\242\134\135\189\240\145\144\140\241\154\168\134\243\139\140\164\240\179\177\190\243\148\186\171","\240\191\151\190\241\178\146\183\240\151\131\148\243\188\147\191\243\138\138\155\243\163\137\169\241\164\160\191","\243\153\190\140\240\187\176\154\242\134\137\134\242\160\161\188\242\137\140\148","\242\166\191\142\229\180\177\243\157\175\132\240\169\159\134\241\188\137\184","\241\190\166\160\241\189\182\166\240\163\128\191\242\175\167\147\243\176\137\129\241\164\139\183\242\128\141\175","\243\149\177\177\241\130\152\145\242\164\130\147\243\168\178\138"],fromList [])

Tue Jan 17 21:13:33 2023 
New submitTx request received:

(["\242\187\135\189\241\152\176\163\241\142\148\140\244\141\190\156","\242\134\135\189\240\145\144\140\241\154\168\134\243\139\140\164\240\179\177\190\243\148\186\171","\240\191\151\190\241\178\146\183\240\151\131\148\243\188\147\191\243\138\138\155\243\163\137\169\241\164\160\191","\243\153\190\140\240\187\176\154\242\134\137\134\242\160\161\188\242\137\140\148","\242\166\191\142\229\180\177\243\157\175\132\240\169\159\134\241\188\137\184","\241\190\166\160\241\189\182\166\240\163\128\191\242\175\167\147\243\176\137\129\241\164\139\183\242\128\141\175","\243\149\177\177\241\130\152\145\242\164\130\147\243\168\178\138"],fromList [])

Tue Jan 17 21:13:33 2023 
Received response:
Response {responseStatus = Status {statusCode = 204, statusMessage = "No Content"}, responseVersion = HTTP/1.1, responseHeaders = [("Date","Tue, 17 Jan 2023 18:13:33 GMT"),("Server","Warp/3.3.23"),("Content-Type","application/json;charset=utf-8")], responseBody = "", responseCookieJar = CJ {expose = []}, responseClose' = ResponseClose, responseOriginalRequest = Request {
  host                 = "localhost"
  port                 = 3000
  secure               = False
  requestHeaders       = [("Content-Type","application/json")]
  path                 = "/submitTx"
  queryString          = ""
  method               = "POST"
  proxy                = Nothing
  rawBody              = False
  redirectCount        = 10
  responseTimeout      = ResponseTimeoutMicro 180000000
  requestVersion       = HTTP/1.1
  proxySecureMode      = ProxySecureWithConnect
}
}

Tue Jan 17 21:26:49 2023 
Starting client...

Tue Jan 17 21:26:49 2023 
New request to send:

(["a"],fromList [])

Tue Jan 17 21:27:02 2023 
Starting server...

Tue Jan 17 21:27:12 2023 
Starting client...

Tue Jan 17 21:27:12 2023 
New request to send:

(["a"],fromList [])

Tue Jan 17 21:27:12 2023 
New submitTx request received:

(["a"],fromList [])

Tue Jan 17 21:27:12 2023 
Received response:
Response {responseStatus = Status {statusCode = 204, statusMessage = "No Content"}, responseVersion = HTTP/1.1, responseHeaders = [("Date","Tue, 17 Jan 2023 18:27:12 GMT"),("Server","Warp/3.3.23"),("Content-Type","application/json;charset=utf-8")], responseBody = "", responseCookieJar = CJ {expose = []}, responseClose' = ResponseClose, responseOriginalRequest = Request {
  host                 = "localhost"
  port                 = 3000
  secure               = False
  requestHeaders       = [("Content-Type","application/json")]
  path                 = "/submitTx"
  queryString          = ""
  method               = "POST"
  proxy                = Nothing
  rawBody              = False
  redirectCount        = 10
  responseTimeout      = ResponseTimeoutMicro 180000000
  requestVersion       = HTTP/1.1
  proxySecureMode      = ProxySecureWithConnect
}
}

Tue Jan 17 21:32:35 2023 
Starting server...

Tue Jan 17 21:32:41 2023 
Starting client...

Tue Jan 17 21:32:41 2023 
New request to send:

(["a"],fromList [])

Tue Jan 17 21:32:42 2023 
Address doesn't has enough clean UTXO's.

Tue Jan 17 21:32:43 2023 
Wallet address:
addr_test1qrzde3sqw0na9n4p8dmhc55gkphk2x48hzclpjx6cy0wuzgnt9a4spnfrrlpp7puw2lcx2zudf49ewyza4q9ha08qhdqghxhek

Tue Jan 17 21:32:43 2023 
	Lookups:

Tue Jan 17 21:32:43 2023 
ScriptLookups {slTxOutputs = fromList [], slOtherScripts = fromList [], slOtherData = fromList [], slPaymentPubKeyHashes = fromList [], slTypedValidator = Nothing, slOwnPaymentPubKeyHash = Nothing, slOwnStakingCredential = Nothing}

Tue Jan 17 21:32:43 2023 
	Constraints:

Tue Jan 17 21:32:43 2023 
TxConstraints {txConstraints = [], txConstraintFuns = TxConstraintFuns [], txOwnInputs = [], txOwnOutputs = []}

Tue Jan 17 21:32:43 2023 
Balancing...

Tue Jan 17 21:32:43 2023 
Tx 9488e558fb1a7e537cf892fd0021b60c13e4b93e895ad66183d1b45218adbc3b:
  {inputs:
     - 8ff13c8d6f8d1a67a7560bb92ee1a3623b631ec07d42e1bd2d3da92d75cd5b5e!1

  reference inputs:
  collateral inputs:
  outputs:
    - Value (Map [(,Map [("",7986930581)]),(4cd1187e477d56e419c354f1e4c7997a736dfc5e095a2511aba0f75d,Map [("",1)])]) addressed to
      PubKeyCredential: fa54295d02c84a4e8105670bb42fdd83e2ce0a0d3febeb8e46d3a004 (StakingHash PubKeyCredential: 13597b58066918fe10f83c72bf83285c6a6a5cb882ed405bf5e705da)
  mint: Value (Map [])
  fee: Value (Map [(,Map [("",167437)])])
  validity range: Interval {ivFrom = LowerBound NegInf True, ivTo = UpperBound PosInf True}
  data:
  redeemers:}

Tue Jan 17 21:32:43 2023 
Signing...

Tue Jan 17 21:32:43 2023 
Tx 9488e558fb1a7e537cf892fd0021b60c13e4b93e895ad66183d1b45218adbc3b:
  {inputs:
     - 8ff13c8d6f8d1a67a7560bb92ee1a3623b631ec07d42e1bd2d3da92d75cd5b5e!1

  reference inputs:
  collateral inputs:
  outputs:
    - Value (Map [(,Map [("",7986930581)]),(4cd1187e477d56e419c354f1e4c7997a736dfc5e095a2511aba0f75d,Map [("",1)])]) addressed to
      PubKeyCredential: fa54295d02c84a4e8105670bb42fdd83e2ce0a0d3febeb8e46d3a004 (StakingHash PubKeyCredential: 13597b58066918fe10f83c72bf83285c6a6a5cb882ed405bf5e705da)
  mint: Value (Map [])
  fee: Value (Map [(,Map [("",167437)])])
  validity range: Interval {ivFrom = LowerBound NegInf True, ivTo = UpperBound PosInf True}
  data:
  redeemers:}

Tue Jan 17 21:32:43 2023 
Submitting...

Tue Jan 17 21:32:45 2023 
Starting client...

Tue Jan 17 21:32:45 2023 
New request to send:

(["a"],fromList [])

Tue Jan 17 21:32:53 2023 
Starting client...

Tue Jan 17 21:32:53 2023 
New request to send:

(["a"],fromList [])

Tue Jan 17 21:32:58 2023 
Submited.

Tue Jan 17 21:33:06 2023 
Spent:
Lovelace {getLovelace = 0}

Tue Jan 17 21:33:06 2023 
Income:
Lovelace {getLovelace = 7986930581}

Tue Jan 17 21:36:11 2023 
Starting server...

Tue Jan 17 21:36:16 2023 
Starting client...

Tue Jan 17 21:36:16 2023 
New request to send:

(["a"],fromList [])

Tue Jan 17 21:36:18 2023 
Address doesn't has enough clean UTXO's.

Tue Jan 17 21:36:19 2023 
Wallet address:
addr_test1qrzde3sqw0na9n4p8dmhc55gkphk2x48hzclpjx6cy0wuzgnt9a4spnfrrlpp7puw2lcx2zudf49ewyza4q9ha08qhdqghxhek

Tue Jan 17 21:36:19 2023 
	Lookups:

Tue Jan 17 21:36:19 2023 
ScriptLookups {slTxOutputs = fromList [], slOtherScripts = fromList [], slOtherData = fromList [], slPaymentPubKeyHashes = fromList [], slTypedValidator = Nothing, slOwnPaymentPubKeyHash = Nothing, slOwnStakingCredential = Nothing}

Tue Jan 17 21:36:19 2023 
	Constraints:

Tue Jan 17 21:36:19 2023 
TxConstraints {txConstraints = [], txConstraintFuns = TxConstraintFuns [], txOwnInputs = [], txOwnOutputs = []}

Tue Jan 17 21:36:19 2023 
Balancing...

Tue Jan 17 21:36:19 2023 
Tx 416100a3d25413374322f227c15063cf18629336f1c941d216059b9e9dfa178d:
  {inputs:
     - 1a8274001f7fd59d6cc9986f27efd403035c42f6226aa6c9fed5f9044291a4c8!0

  reference inputs:
  collateral inputs:
  outputs:
    - Value (Map [(,Map [("",9982360011)]),(4cd1187e477d56e419c354f1e4c7997a736dfc5e095a2511aba0f75d,Map [("a",1)])]) addressed to
      PubKeyCredential: f251fd20585fe32274656e1cd5acc019fe14cf960fdc71f9ae48f159 (StakingHash PubKeyCredential: 13597b58066918fe10f83c72bf83285c6a6a5cb882ed405bf5e705da)
  mint: Value (Map [])
  fee: Value (Map [(,Map [("",166821)])])
  validity range: Interval {ivFrom = LowerBound NegInf True, ivTo = UpperBound PosInf True}
  data:
  redeemers:}

Tue Jan 17 21:36:19 2023 
Signing...

Tue Jan 17 21:36:19 2023 
Tx 416100a3d25413374322f227c15063cf18629336f1c941d216059b9e9dfa178d:
  {inputs:
     - 1a8274001f7fd59d6cc9986f27efd403035c42f6226aa6c9fed5f9044291a4c8!0

  reference inputs:
  collateral inputs:
  outputs:
    - Value (Map [(,Map [("",9982360011)]),(4cd1187e477d56e419c354f1e4c7997a736dfc5e095a2511aba0f75d,Map [("a",1)])]) addressed to
      PubKeyCredential: f251fd20585fe32274656e1cd5acc019fe14cf960fdc71f9ae48f159 (StakingHash PubKeyCredential: 13597b58066918fe10f83c72bf83285c6a6a5cb882ed405bf5e705da)
  mint: Value (Map [])
  fee: Value (Map [(,Map [("",166821)])])
  validity range: Interval {ivFrom = LowerBound NegInf True, ivTo = UpperBound PosInf True}
  data:
  redeemers:}

Tue Jan 17 21:36:19 2023 
Submitting...

Tue Jan 17 21:36:33 2023 
Submited.

Tue Jan 17 21:36:41 2023 
Spent:
Lovelace {getLovelace = 0}

Tue Jan 17 21:36:41 2023 
Income:
Lovelace {getLovelace = 9982360011}

Tue Jan 17 21:41:18 2023 
Starting server...

Tue Jan 17 21:41:24 2023 
Starting client...

Tue Jan 17 21:41:24 2023 
New request to send:

(["a"],fromList [])

Tue Jan 17 21:41:25 2023 
Address doesn't has enough clean UTXO's.

Tue Jan 17 21:41:26 2023 
Wallet address:
addr_test1qrzde3sqw0na9n4p8dmhc55gkphk2x48hzclpjx6cy0wuzgnt9a4spnfrrlpp7puw2lcx2zudf49ewyza4q9ha08qhdqghxhek

Tue Jan 17 21:41:26 2023 
	Lookups:

Tue Jan 17 21:41:26 2023 
ScriptLookups {slTxOutputs = fromList [], slOtherScripts = fromList [], slOtherData = fromList [], slPaymentPubKeyHashes = fromList [], slTypedValidator = Nothing, slOwnPaymentPubKeyHash = Nothing, slOwnStakingCredential = Nothing}

Tue Jan 17 21:41:26 2023 
	Constraints:

Tue Jan 17 21:41:26 2023 
TxConstraints {txConstraints = [], txConstraintFuns = TxConstraintFuns [], txOwnInputs = [], txOwnOutputs = []}

Tue Jan 17 21:41:26 2023 
Balancing...

Tue Jan 17 21:41:26 2023 
Tx b491d30048d98be268f60268ed4cb0591001fcda3c0de357e0871d9ee54e4d63:
  {inputs:
     - 9488e558fb1a7e537cf892fd0021b60c13e4b93e895ad66183d1b45218adbc3b!0

  reference inputs:
  collateral inputs:
  outputs:
    - Value (Map [(,Map [("",7986763144)]),(4cd1187e477d56e419c354f1e4c7997a736dfc5e095a2511aba0f75d,Map [("",1)])]) addressed to
      PubKeyCredential: 0641f77502d41047addb3b2934961b4b17dd3cc33b19fcde0c9f4b98 (StakingHash PubKeyCredential: 13597b58066918fe10f83c72bf83285c6a6a5cb882ed405bf5e705da)
  mint: Value (Map [])
  fee: Value (Map [(,Map [("",167437)])])
  validity range: Interval {ivFrom = LowerBound NegInf True, ivTo = UpperBound PosInf True}
  data:
  redeemers:}

Tue Jan 17 21:41:26 2023 
Signing...

Tue Jan 17 21:41:26 2023 
Tx b491d30048d98be268f60268ed4cb0591001fcda3c0de357e0871d9ee54e4d63:
  {inputs:
     - 9488e558fb1a7e537cf892fd0021b60c13e4b93e895ad66183d1b45218adbc3b!0

  reference inputs:
  collateral inputs:
  outputs:
    - Value (Map [(,Map [("",7986763144)]),(4cd1187e477d56e419c354f1e4c7997a736dfc5e095a2511aba0f75d,Map [("",1)])]) addressed to
      PubKeyCredential: 0641f77502d41047addb3b2934961b4b17dd3cc33b19fcde0c9f4b98 (StakingHash PubKeyCredential: 13597b58066918fe10f83c72bf83285c6a6a5cb882ed405bf5e705da)
  mint: Value (Map [])
  fee: Value (Map [(,Map [("",167437)])])
  validity range: Interval {ivFrom = LowerBound NegInf True, ivTo = UpperBound PosInf True}
  data:
  redeemers:}

Tue Jan 17 21:41:26 2023 
Submitting...

Tue Jan 17 21:41:27 2023 
Submited.

Tue Jan 17 21:41:35 2023 
Spent:
Lovelace {getLovelace = 0}

Tue Jan 17 21:41:35 2023 
Income:
Lovelace {getLovelace = 7986763144}

Tue Jan 17 21:57:55 2023 
Starting server...

Tue Jan 17 21:58:01 2023 
Starting client...

Tue Jan 17 21:58:01 2023 
New request to send:

(["a"],fromList [])

Tue Jan 17 21:58:03 2023 
Address doesn't has enough clean UTXO's.

Tue Jan 17 21:58:03 2023 
Wallet address:
addr_test1qrzde3sqw0na9n4p8dmhc55gkphk2x48hzclpjx6cy0wuzgnt9a4spnfrrlpp7puw2lcx2zudf49ewyza4q9ha08qhdqghxhek

Tue Jan 17 21:58:03 2023 
	Lookups:

Tue Jan 17 21:58:03 2023 
ScriptLookups {slTxOutputs = fromList [], slOtherScripts = fromList [], slOtherData = fromList [], slPaymentPubKeyHashes = fromList [], slTypedValidator = Nothing, slOwnPaymentPubKeyHash = Nothing, slOwnStakingCredential = Nothing}

Tue Jan 17 21:58:03 2023 
	Constraints:

Tue Jan 17 21:58:03 2023 
TxConstraints {txConstraints = [], txConstraintFuns = TxConstraintFuns [], txOwnInputs = [], txOwnOutputs = []}

Tue Jan 17 21:58:03 2023 
Balancing...

Tue Jan 17 21:58:03 2023 
Tx a2bd6dd54d0f9d3d61a27c44caf5a00178938994f411148b0dc668f4f67b2864:
  {inputs:
     - 416100a3d25413374322f227c15063cf18629336f1c941d216059b9e9dfa178d!0

  reference inputs:
  collateral inputs:
  outputs:
    - Value (Map [(,Map [("",9982193190)]),(4cd1187e477d56e419c354f1e4c7997a736dfc5e095a2511aba0f75d,Map [("a",1)])]) addressed to
      PubKeyCredential: 303c4a55eb6e41c4bdde1402b771e5c2a1653084319b6e4fd5315dd5 (StakingHash PubKeyCredential: 13597b58066918fe10f83c72bf83285c6a6a5cb882ed405bf5e705da)
  mint: Value (Map [])
  fee: Value (Map [(,Map [("",166821)])])
  validity range: Interval {ivFrom = LowerBound NegInf True, ivTo = UpperBound PosInf True}
  data:
  redeemers:}

Tue Jan 17 21:58:03 2023 
Signing...

Tue Jan 17 21:58:04 2023 
Tx a2bd6dd54d0f9d3d61a27c44caf5a00178938994f411148b0dc668f4f67b2864:
  {inputs:
     - 416100a3d25413374322f227c15063cf18629336f1c941d216059b9e9dfa178d!0

  reference inputs:
  collateral inputs:
  outputs:
    - Value (Map [(,Map [("",9982193190)]),(4cd1187e477d56e419c354f1e4c7997a736dfc5e095a2511aba0f75d,Map [("a",1)])]) addressed to
      PubKeyCredential: 303c4a55eb6e41c4bdde1402b771e5c2a1653084319b6e4fd5315dd5 (StakingHash PubKeyCredential: 13597b58066918fe10f83c72bf83285c6a6a5cb882ed405bf5e705da)
  mint: Value (Map [])
  fee: Value (Map [(,Map [("",166821)])])
  validity range: Interval {ivFrom = LowerBound NegInf True, ivTo = UpperBound PosInf True}
  data:
  redeemers:}

Tue Jan 17 21:58:04 2023 
Submitting...

Tue Jan 17 21:58:57 2023 
Submited.

Tue Jan 17 21:59:05 2023 
Spent:
Lovelace {getLovelace = 9982360011}

Tue Jan 17 21:59:05 2023 
Income:
Lovelace {getLovelace = 9982193190}

Tue Jan 17 22:17:35 2023 
Starting server...

Tue Jan 17 22:17:42 2023 
Starting client...

Tue Jan 17 22:17:42 2023 
New request to send:

(["a"],fromList [])

Tue Jan 17 22:17:43 2023 
Address doesn't has enough clean UTXO's.

Tue Jan 17 22:17:43 2023 
Wallet address:
addr_test1qrzde3sqw0na9n4p8dmhc55gkphk2x48hzclpjx6cy0wuzgnt9a4spnfrrlpp7puw2lcx2zudf49ewyza4q9ha08qhdqghxhek

Tue Jan 17 22:17:43 2023 
	Lookups:

Tue Jan 17 22:17:43 2023 
ScriptLookups {slTxOutputs = fromList [], slOtherScripts = fromList [], slOtherData = fromList [], slPaymentPubKeyHashes = fromList [], slTypedValidator = Nothing, slOwnPaymentPubKeyHash = Nothing, slOwnStakingCredential = Nothing}

Tue Jan 17 22:17:43 2023 
	Constraints:

Tue Jan 17 22:17:43 2023 
TxConstraints {txConstraints = [], txConstraintFuns = TxConstraintFuns [], txOwnInputs = [], txOwnOutputs = []}

Tue Jan 17 22:17:43 2023 
Balancing...

Tue Jan 17 22:17:43 2023 
Tx 69afda990e04f3aa4a9d1688507f1bb8a1b43025028404578f8203aae468258f:
  {inputs:
     - a2bd6dd54d0f9d3d61a27c44caf5a00178938994f411148b0dc668f4f67b2864!0

  reference inputs:
  collateral inputs:
  outputs:
    - Value (Map [(,Map [("",9982026369)]),(4cd1187e477d56e419c354f1e4c7997a736dfc5e095a2511aba0f75d,Map [("a",1)])]) addressed to
      PubKeyCredential: e7643624fc07bf6dd4b5c469abbf5f35576238900f06f4c95d4097d1 (StakingHash PubKeyCredential: 13597b58066918fe10f83c72bf83285c6a6a5cb882ed405bf5e705da)
  mint: Value (Map [])
  fee: Value (Map [(,Map [("",166821)])])
  validity range: Interval {ivFrom = LowerBound NegInf True, ivTo = UpperBound PosInf True}
  data:
  redeemers:}

Tue Jan 17 22:17:43 2023 
Signing...

Tue Jan 17 22:17:43 2023 
Tx 69afda990e04f3aa4a9d1688507f1bb8a1b43025028404578f8203aae468258f:
  {inputs:
     - a2bd6dd54d0f9d3d61a27c44caf5a00178938994f411148b0dc668f4f67b2864!0

  reference inputs:
  collateral inputs:
  outputs:
    - Value (Map [(,Map [("",9982026369)]),(4cd1187e477d56e419c354f1e4c7997a736dfc5e095a2511aba0f75d,Map [("a",1)])]) addressed to
      PubKeyCredential: e7643624fc07bf6dd4b5c469abbf5f35576238900f06f4c95d4097d1 (StakingHash PubKeyCredential: 13597b58066918fe10f83c72bf83285c6a6a5cb882ed405bf5e705da)
  mint: Value (Map [])
  fee: Value (Map [(,Map [("",166821)])])
  validity range: Interval {ivFrom = LowerBound NegInf True, ivTo = UpperBound PosInf True}
  data:
  redeemers:}

Tue Jan 17 22:17:43 2023 
Submitting...

Tue Jan 17 22:18:02 2023 
Submited.

Tue Jan 17 22:18:02 2023 
Spent:
Lovelace {getLovelace = 9982193190}

Tue Jan 17 22:18:02 2023 
Income:
Lovelace {getLovelace = 9982026369}

Tue Jan 17 22:18:02 2023 
Profit:
Lovelace {getLovelace = -166821}

Wed Jan 18 18:46:57 2023 
Starting server...

Wed Jan 18 18:47:06 2023 
Address doesn't has enough clean UTXO's.

Wed Jan 18 18:47:06 2023 
Wallet address:
addr_test1qrzde3sqw0na9n4p8dmhc55gkphk2x48hzclpjx6cy0wuzgnt9a4spnfrrlpp7puw2lcx2zudf49ewyza4q9ha08qhdqghxhek

Wed Jan 18 18:47:06 2023 
	Lookups:

Wed Jan 18 18:47:06 2023 
ScriptLookups {slTxOutputs = fromList [], slOtherScripts = fromList [], slOtherData = fromList [], slPaymentPubKeyHashes = fromList [], slTypedValidator = Nothing, slOwnPaymentPubKeyHash = Nothing, slOwnStakingCredential = Nothing}

Wed Jan 18 18:47:06 2023 
	Constraints:

Wed Jan 18 18:47:06 2023 
TxConstraints {txConstraints = [], txConstraintFuns = TxConstraintFuns [], txOwnInputs = [], txOwnOutputs = []}

Wed Jan 18 18:47:06 2023 
Balancing...

Wed Jan 18 18:47:07 2023 
Tx 81703bb0b079812b1b20354b899484b0a9e1e8c6527c5e2c8300949d348d633a:
  {inputs:
     - b491d30048d98be268f60268ed4cb0591001fcda3c0de357e0871d9ee54e4d63!0

  reference inputs:
  collateral inputs:
  outputs:
    - Value (Map [(,Map [("",7986595707)]),(4cd1187e477d56e419c354f1e4c7997a736dfc5e095a2511aba0f75d,Map [("",1)])]) addressed to
      PubKeyCredential: d4a9655d752dc6e28ca7bc7f74190a0ba4bf7d371039735d70725e6f (StakingHash PubKeyCredential: 13597b58066918fe10f83c72bf83285c6a6a5cb882ed405bf5e705da)
  mint: Value (Map [])
  fee: Value (Map [(,Map [("",167437)])])
  validity range: Interval {ivFrom = LowerBound NegInf True, ivTo = UpperBound PosInf True}
  data:
  redeemers:}

Wed Jan 18 18:47:07 2023 
Signing...

Wed Jan 18 18:47:07 2023 
Tx 81703bb0b079812b1b20354b899484b0a9e1e8c6527c5e2c8300949d348d633a:
  {inputs:
     - b491d30048d98be268f60268ed4cb0591001fcda3c0de357e0871d9ee54e4d63!0

  reference inputs:
  collateral inputs:
  outputs:
    - Value (Map [(,Map [("",7986595707)]),(4cd1187e477d56e419c354f1e4c7997a736dfc5e095a2511aba0f75d,Map [("",1)])]) addressed to
      PubKeyCredential: d4a9655d752dc6e28ca7bc7f74190a0ba4bf7d371039735d70725e6f (StakingHash PubKeyCredential: 13597b58066918fe10f83c72bf83285c6a6a5cb882ed405bf5e705da)
  mint: Value (Map [])
  fee: Value (Map [(,Map [("",167437)])])
  validity range: Interval {ivFrom = LowerBound NegInf True, ivTo = UpperBound PosInf True}
  data:
  redeemers:}

Wed Jan 18 18:47:07 2023 
Submitting...

Wed Jan 18 18:47:09 2023 
Submited.

Wed Jan 18 18:47:49 2023 
New funds request received:
addr_test1qzj87nf63cdpkdm04uvgdv95c8l7w59nv4ne9hdz0jlfv0xr33lane4ma0p5qlwt3zw8mjs5wq4wv27fa4ydqu4x7ceq2zeu6t

Wed Jan 18 18:57:42 2023 
Starting server...

Wed Jan 18 18:57:51 2023 
Address doesn't has enough clean UTXO's.

Wed Jan 18 18:57:51 2023 
Wallet address:
addr_test1qrzde3sqw0na9n4p8dmhc55gkphk2x48hzclpjx6cy0wuzgnt9a4spnfrrlpp7puw2lcx2zudf49ewyza4q9ha08qhdqghxhek

Wed Jan 18 18:57:51 2023 
	Lookups:

Wed Jan 18 18:57:51 2023 
ScriptLookups {slTxOutputs = fromList [], slOtherScripts = fromList [], slOtherData = fromList [], slPaymentPubKeyHashes = fromList [], slTypedValidator = Nothing, slOwnPaymentPubKeyHash = Nothing, slOwnStakingCredential = Nothing}

Wed Jan 18 18:57:51 2023 
	Constraints:

Wed Jan 18 18:57:51 2023 
TxConstraints {txConstraints = [], txConstraintFuns = TxConstraintFuns [], txOwnInputs = [], txOwnOutputs = []}

Wed Jan 18 18:57:51 2023 
Balancing...

Wed Jan 18 18:57:51 2023 
Tx 305d7b3a7bc634755c22e479ca306ce49a7d9ba3ba7095ab6b656d151dd4befb:
  {inputs:
     - 69afda990e04f3aa4a9d1688507f1bb8a1b43025028404578f8203aae468258f!0

  reference inputs:
  collateral inputs:
  outputs:
    - Value (Map [(,Map [("",9981859548)]),(4cd1187e477d56e419c354f1e4c7997a736dfc5e095a2511aba0f75d,Map [("a",1)])]) addressed to
      PubKeyCredential: 9cf935069a52c2437fdd0c0027271c6d7cd18218245beadcf30139a3 (StakingHash PubKeyCredential: 13597b58066918fe10f83c72bf83285c6a6a5cb882ed405bf5e705da)
  mint: Value (Map [])
  fee: Value (Map [(,Map [("",166821)])])
  validity range: Interval {ivFrom = LowerBound NegInf True, ivTo = UpperBound PosInf True}
  data:
  redeemers:}

Wed Jan 18 18:57:51 2023 
Signing...

Wed Jan 18 18:57:51 2023 
Tx 305d7b3a7bc634755c22e479ca306ce49a7d9ba3ba7095ab6b656d151dd4befb:
  {inputs:
     - 69afda990e04f3aa4a9d1688507f1bb8a1b43025028404578f8203aae468258f!0

  reference inputs:
  collateral inputs:
  outputs:
    - Value (Map [(,Map [("",9981859548)]),(4cd1187e477d56e419c354f1e4c7997a736dfc5e095a2511aba0f75d,Map [("a",1)])]) addressed to
      PubKeyCredential: 9cf935069a52c2437fdd0c0027271c6d7cd18218245beadcf30139a3 (StakingHash PubKeyCredential: 13597b58066918fe10f83c72bf83285c6a6a5cb882ed405bf5e705da)
  mint: Value (Map [])
  fee: Value (Map [(,Map [("",166821)])])
  validity range: Interval {ivFrom = LowerBound NegInf True, ivTo = UpperBound PosInf True}
  data:
  redeemers:}

Wed Jan 18 18:57:51 2023 
Submitting...

Wed Jan 18 18:57:54 2023 
Submited.

Wed Jan 18 18:58:28 2023 
catched:

Wed Jan 18 18:58:28 2023 
New funds request received:
addr_test1qzj87nf63cdpkdm04uvgdv95c8l7w59nv4ne9hdz0jlfv0xr33lane4ma0p5qlwt3zw8mjs5wq4wv27fa4ydqu4x7ceq2zeu6t

Wed Jan 18 19:08:31 2023 
catched:

Wed Jan 18 19:08:31 2023 
New funds request received:
addr_test1qzj87nf63cdpkdm04uvgdv95c8l7w59nv4ne9hdz0jlfv0xr33lane4ma0p5qlwt3zw8mjs5wq4wv27fa4ydqu4x7ceq2zeu6t

Wed Jan 18 19:10:06 2023 
catched:

Wed Jan 18 19:10:06 2023 
New funds request received:
addr_test1qzj87nf63cdpkdm04uvgdv95c8l7w59nv4ne9hdz0jlfv0xr33lane4ma0p5qlwt3zw8mjs5wq4wv27fa4ydqu4x7ceq2zeu6t

Wed Jan 18 19:11:46 2023 
Starting server...

Wed Jan 18 19:11:55 2023 
Address doesn't has enough clean UTXO's.

Wed Jan 18 19:11:55 2023 
Wallet address:
addr_test1qrzde3sqw0na9n4p8dmhc55gkphk2x48hzclpjx6cy0wuzgnt9a4spnfrrlpp7puw2lcx2zudf49ewyza4q9ha08qhdqghxhek

Wed Jan 18 19:11:55 2023 
	Lookups:

Wed Jan 18 19:11:55 2023 
ScriptLookups {slTxOutputs = fromList [], slOtherScripts = fromList [], slOtherData = fromList [], slPaymentPubKeyHashes = fromList [], slTypedValidator = Nothing, slOwnPaymentPubKeyHash = Nothing, slOwnStakingCredential = Nothing}

Wed Jan 18 19:11:55 2023 
	Constraints:

Wed Jan 18 19:11:55 2023 
TxConstraints {txConstraints = [], txConstraintFuns = TxConstraintFuns [], txOwnInputs = [], txOwnOutputs = []}

Wed Jan 18 19:11:55 2023 
Balancing...

Wed Jan 18 19:11:55 2023 
Tx ad493fc922bd10c651f8956dbbe74368d5104a6f467bef2b7e3edec2fa8417b3:
  {inputs:
     - 81703bb0b079812b1b20354b899484b0a9e1e8c6527c5e2c8300949d348d633a!0

  reference inputs:
  collateral inputs:
  outputs:
    - Value (Map [(,Map [("",7986428270)]),(4cd1187e477d56e419c354f1e4c7997a736dfc5e095a2511aba0f75d,Map [("",1)])]) addressed to
      PubKeyCredential: 94a09c5c34d506838b07883d4a40eb0b45543ea183167dcbe8e28cd7 (StakingHash PubKeyCredential: 13597b58066918fe10f83c72bf83285c6a6a5cb882ed405bf5e705da)
  mint: Value (Map [])
  fee: Value (Map [(,Map [("",167437)])])
  validity range: Interval {ivFrom = LowerBound NegInf True, ivTo = UpperBound PosInf True}
  data:
  redeemers:}

Wed Jan 18 19:11:56 2023 
Signing...

Wed Jan 18 19:11:56 2023 
Tx ad493fc922bd10c651f8956dbbe74368d5104a6f467bef2b7e3edec2fa8417b3:
  {inputs:
     - 81703bb0b079812b1b20354b899484b0a9e1e8c6527c5e2c8300949d348d633a!0

  reference inputs:
  collateral inputs:
  outputs:
    - Value (Map [(,Map [("",7986428270)]),(4cd1187e477d56e419c354f1e4c7997a736dfc5e095a2511aba0f75d,Map [("",1)])]) addressed to
      PubKeyCredential: 94a09c5c34d506838b07883d4a40eb0b45543ea183167dcbe8e28cd7 (StakingHash PubKeyCredential: 13597b58066918fe10f83c72bf83285c6a6a5cb882ed405bf5e705da)
  mint: Value (Map [])
  fee: Value (Map [(,Map [("",167437)])])
  validity range: Interval {ivFrom = LowerBound NegInf True, ivTo = UpperBound PosInf True}
  data:
  redeemers:}

Wed Jan 18 19:11:56 2023 
Submitting...

Wed Jan 18 19:12:00 2023 
Submited.

Wed Jan 18 19:12:00 2023 
New funds request received:
addr_test1qzj87nf63cdpkdm04uvgdv95c8l7w59nv4ne9hdz0jlfv0xr33lane4ma0p5qlwt3zw8mjs5wq4wv27fa4ydqu4x7ceq2zeu6t

Wed Jan 18 19:12:11 2023 
New funds request received:
addr_test1qzj87nf63cdpkdm04uvgdv95c8l7w59nv4ne9hdz0jlfv0xr33lane4ma0p5qlwt3zw8mjs5wq4wv27fa4ydqu4x7ceq2zeu6t

Wed Jan 18 19:12:25 2023 
New funds request received:
addr_test1qzj87nf63cdpkdm04uvgdv95c8l7w59nv4ne9hdz0jlfv0xr33lane4ma0p5qlwt3zw8mjs5wq4wv27fa4ydqu4x7ceq2zeu6t

Wed Jan 18 19:26:08 2023 
Starting server...

Wed Jan 18 19:26:17 2023 
Address doesn't has enough clean UTXO's.

Wed Jan 18 19:26:17 2023 
Wallet address:
addr_test1qrzde3sqw0na9n4p8dmhc55gkphk2x48hzclpjx6cy0wuzgnt9a4spnfrrlpp7puw2lcx2zudf49ewyza4q9ha08qhdqghxhek

Wed Jan 18 19:26:17 2023 
	Lookups:

Wed Jan 18 19:26:17 2023 
ScriptLookups {slTxOutputs = fromList [], slOtherScripts = fromList [], slOtherData = fromList [], slPaymentPubKeyHashes = fromList [], slTypedValidator = Nothing, slOwnPaymentPubKeyHash = Nothing, slOwnStakingCredential = Nothing}

Wed Jan 18 19:26:17 2023 
	Constraints:

Wed Jan 18 19:26:17 2023 
TxConstraints {txConstraints = [], txConstraintFuns = TxConstraintFuns [], txOwnInputs = [], txOwnOutputs = []}

Wed Jan 18 19:26:17 2023 
Balancing...

Wed Jan 18 19:26:17 2023 
Tx 2907fe83d3649dba5711e601b0321a47814f9246f0b237660bb1f8ad2f393321:
  {inputs:
     - 305d7b3a7bc634755c22e479ca306ce49a7d9ba3ba7095ab6b656d151dd4befb!0

  reference inputs:
  collateral inputs:
  outputs:
    - Value (Map [(,Map [("",9981692727)]),(4cd1187e477d56e419c354f1e4c7997a736dfc5e095a2511aba0f75d,Map [("a",1)])]) addressed to
      PubKeyCredential: 77bb6a634957855918f0ca95b6e0b7359bc49ee6e0a25e937b06e00b (StakingHash PubKeyCredential: 13597b58066918fe10f83c72bf83285c6a6a5cb882ed405bf5e705da)
  mint: Value (Map [])
  fee: Value (Map [(,Map [("",166821)])])
  validity range: Interval {ivFrom = LowerBound NegInf True, ivTo = UpperBound PosInf True}
  data:
  redeemers:}

Wed Jan 18 19:26:17 2023 
Signing...

Wed Jan 18 19:26:18 2023 
Tx 2907fe83d3649dba5711e601b0321a47814f9246f0b237660bb1f8ad2f393321:
  {inputs:
     - 305d7b3a7bc634755c22e479ca306ce49a7d9ba3ba7095ab6b656d151dd4befb!0

  reference inputs:
  collateral inputs:
  outputs:
    - Value (Map [(,Map [("",9981692727)]),(4cd1187e477d56e419c354f1e4c7997a736dfc5e095a2511aba0f75d,Map [("a",1)])]) addressed to
      PubKeyCredential: 77bb6a634957855918f0ca95b6e0b7359bc49ee6e0a25e937b06e00b (StakingHash PubKeyCredential: 13597b58066918fe10f83c72bf83285c6a6a5cb882ed405bf5e705da)
  mint: Value (Map [])
  fee: Value (Map [(,Map [("",166821)])])
  validity range: Interval {ivFrom = LowerBound NegInf True, ivTo = UpperBound PosInf True}
  data:
  redeemers:}

Wed Jan 18 19:26:18 2023 
Submitting...

Wed Jan 18 19:27:11 2023 
Submited.

Wed Jan 18 19:27:25 2023 
New funds request received:
addr_test1qzj87nf63cdpkdm04uvgdv95c8l7w59nv4ne9hdz0jlfv0xr33lane4ma0p5qlwt3zw8mjs5wq4wv27fa4ydqu4x7ceq2zeu6t

Wed Jan 18 19:27:34 2023 
New funds request received:
addr_test1qzj87nf63cdpkdm04uvgdv95c8l7w59nv4ne9hdz0jlfv0xr33lane4ma0p5qlwt3zw8mjs5wq4wv27fa4ydqu4x7ceq2zeu6t

Wed Jan 18 19:30:47 2023 
Starting server...

Wed Jan 18 19:30:51 2023 
New funds request received:
addr_test1qzj87nf63cdpkdm04uvgdv95c8l7w59nv4ne9hdz0jlfv0xr33lane4ma0p5qlwt3zw8mjs5wq4wv27fa4ydqu4x7ceq2zeu6t

Wed Jan 18 20:29:27 2023 
Starting server...

Wed Jan 18 20:29:33 2023 
New funds request received:
addr_test1qzj87nf63cdpkdm04uvgdv95c8l7w59nv4ne9hdz0jlfv0xr33lane4ma0p5qlwt3zw8mjs5wq4wv27fa4ydqu4x7ceq2zeu6t

Wed Jan 18 20:29:37 2023 
New funds request received:
addr_test1qzj87nf63cdpkdm04uvgdv95c8l7w59nv4ne9hdz0jlfv0xr33lane4ma0p5qlwt3zw8mjs5wq4wv27fa4ydqu4x7ceq2zeu6t

Wed Jan 18 20:30:27 2023 
Starting server...

Wed Jan 18 20:30:30 2023 
New funds request received:
addr_test1qzj87nf63cdpkdm04uvgdv95c8l7w59nv4ne9hdz0jlfv0xr33lane4ma0p5qlwt3zw8mjs5wq4wv27fa4ydqu4x7ceq2zeu6t

Wed Jan 18 20:31:25 2023 
Starting server...

Wed Jan 18 20:31:27 2023 
New funds request received:
addr_test1qzj87nf63cdpkdm04uvgdv95c8l7w59nv4ne9hdz0jlfv0xr33lane4ma0p5qlwt3zw8mjs5wq4wv27fa4ydqu4x7ceq2zeu6t

Wed Jan 18 20:32:14 2023 
Starting server...

Wed Jan 18 20:32:21 2023 
New funds request received:
addr_test1qzj87nf63cdpkdm04uvgdv95c8l7w59nv4ne9hdz0jlfv0xr33lane4ma0p5qlwt3zw8mjs5wq4wv27fa4ydqu4x7ceq2zeu6t

Wed Jan 18 20:33:33 2023 
Starting server...

Wed Jan 18 20:33:35 2023 
New funds request received:
addr_test1qzj87nf63cdpkdm04uvgdv95c8l7w59nv4ne9hdz0jlfv0xr33lane4ma0p5qlwt3zw8mjs5wq4wv27fa4ydqu4x7ceq2zeu6t

Wed Jan 18 20:47:16 2023 
Starting server...

Wed Jan 18 20:47:26 2023 
New funds request received:
addr_test1qzj87nf63cdpkdm04uvgdv95c8l7w59nv4ne9hdz0jlfv0xr33lane4ma0p5qlwt3zw8mjs5wq4wv27fa4ydqu4x7ceq2zeu6t

Wed Jan 18 20:52:09 2023 
Starting server...

Wed Jan 18 20:52:12 2023 
New funds request received:
addr_test1qzj87nf63cdpkdm04uvgdv95c8l7w59nv4ne9hdz0jlfv0xr33lane4ma0p5qlwt3zw8mjs5wq4wv27fa4ydqu4x7ceq2zeu6t

Wed Jan 18 23:06:37 2023 
Starting server...

Thu Jan 19 00:12:33 2023 
Starting server...

Thu Jan 19 00:12:43 2023 
Address doesn't has enough clean UTXO's.

Thu Jan 19 00:12:43 2023 
Wallet address:
addr_test1qrzde3sqw0na9n4p8dmhc55gkphk2x48hzclpjx6cy0wuzgnt9a4spnfrrlpp7puw2lcx2zudf49ewyza4q9ha08qhdqghxhek

Thu Jan 19 00:12:43 2023 
	Lookups:

Thu Jan 19 00:12:43 2023 
ScriptLookups {slTxOutputs = fromList [], slOtherScripts = fromList [], slOtherData = fromList [], slPaymentPubKeyHashes = fromList [], slTypedValidator = Nothing, slOwnPaymentPubKeyHash = Nothing, slOwnStakingCredential = Nothing}

Thu Jan 19 00:12:43 2023 
	Constraints:

Thu Jan 19 00:12:43 2023 
TxConstraints {txConstraints = [], txConstraintFuns = TxConstraintFuns [], txOwnInputs = [], txOwnOutputs = []}

Thu Jan 19 00:12:43 2023 
Balancing...

Thu Jan 19 00:12:43 2023 
Tx aef1327358dc2d1a315c69e693831760b54d8f06e8e85a36fe9dbc280bb464fe:
  {inputs:
     - ad493fc922bd10c651f8956dbbe74368d5104a6f467bef2b7e3edec2fa8417b3!0

  reference inputs:
  collateral inputs:
  outputs:
    - Value (Map [(,Map [("",7986260833)]),(4cd1187e477d56e419c354f1e4c7997a736dfc5e095a2511aba0f75d,Map [("",1)])]) addressed to
      PubKeyCredential: 8d516fe6aeba6e9341348f6959ac3be86e8f7f83b8739e96251bb9a1 (StakingHash PubKeyCredential: 13597b58066918fe10f83c72bf83285c6a6a5cb882ed405bf5e705da)
  mint: Value (Map [])
  fee: Value (Map [(,Map [("",167437)])])
  validity range: Interval {ivFrom = LowerBound NegInf True, ivTo = UpperBound PosInf True}
  data:
  redeemers:}

Thu Jan 19 00:12:43 2023 
Signing...

Thu Jan 19 00:12:44 2023 
Tx aef1327358dc2d1a315c69e693831760b54d8f06e8e85a36fe9dbc280bb464fe:
  {inputs:
     - ad493fc922bd10c651f8956dbbe74368d5104a6f467bef2b7e3edec2fa8417b3!0

  reference inputs:
  collateral inputs:
  outputs:
    - Value (Map [(,Map [("",7986260833)]),(4cd1187e477d56e419c354f1e4c7997a736dfc5e095a2511aba0f75d,Map [("",1)])]) addressed to
      PubKeyCredential: 8d516fe6aeba6e9341348f6959ac3be86e8f7f83b8739e96251bb9a1 (StakingHash PubKeyCredential: 13597b58066918fe10f83c72bf83285c6a6a5cb882ed405bf5e705da)
  mint: Value (Map [])
  fee: Value (Map [(,Map [("",167437)])])
  validity range: Interval {ivFrom = LowerBound NegInf True, ivTo = UpperBound PosInf True}
  data:
  redeemers:}

Thu Jan 19 00:12:44 2023 
Submitting...

Thu Jan 19 00:13:49 2023 
Submited.

Thu Jan 19 00:14:00 2023 
New funds request received:
addr_test1qzj87nf63cdpkdm04uvgdv95c8l7w59nv4ne9hdz0jlfv0xr33lane4ma0p5qlwt3zw8mjs5wq4wv27fa4ydqu4x7ceq2zeu6t

Thu Jan 19 00:16:56 2023 
New submitTx request received:

(["\170\170"],fromList [])

Thu Jan 19 00:17:36 2023 
Received ping request.

Thu Jan 19 00:20:07 2023 
Received ping request.

Thu Jan 19 00:20:11 2023 
New submitTx request received:

(["\170\170"],fromList [])

Thu Jan 19 01:41:40 2023 
Starting server...

Thu Jan 19 01:41:50 2023 
Address doesn't has enough clean UTXO's.

Thu Jan 19 01:41:50 2023 
Wallet address:
addr_test1qrzde3sqw0na9n4p8dmhc55gkphk2x48hzclpjx6cy0wuzgnt9a4spnfrrlpp7puw2lcx2zudf49ewyza4q9ha08qhdqghxhek

Thu Jan 19 01:41:50 2023 
	Lookups:

Thu Jan 19 01:41:50 2023 
ScriptLookups {slTxOutputs = fromList [], slOtherScripts = fromList [], slOtherData = fromList [], slPaymentPubKeyHashes = fromList [], slTypedValidator = Nothing, slOwnPaymentPubKeyHash = Nothing, slOwnStakingCredential = Nothing}

Thu Jan 19 01:41:50 2023 
	Constraints:

Thu Jan 19 01:41:50 2023 
TxConstraints {txConstraints = [], txConstraintFuns = TxConstraintFuns [], txOwnInputs = [], txOwnOutputs = []}

Thu Jan 19 01:41:50 2023 
Balancing...

Thu Jan 19 01:41:50 2023 
Tx a61ba8da79a992b4e2d250860b340ed3de524500fdf8c0b5b55253d66ea07eab:
  {inputs:
     - 2907fe83d3649dba5711e601b0321a47814f9246f0b237660bb1f8ad2f393321!0

  reference inputs:
  collateral inputs:
  outputs:
    - Value (Map [(,Map [("",9981525906)]),(4cd1187e477d56e419c354f1e4c7997a736dfc5e095a2511aba0f75d,Map [("a",1)])]) addressed to
      PubKeyCredential: 95d6cc842c5464d09342d8779758daf12ea3fb603750edf4068fef41 (StakingHash PubKeyCredential: 13597b58066918fe10f83c72bf83285c6a6a5cb882ed405bf5e705da)
  mint: Value (Map [])
  fee: Value (Map [(,Map [("",166821)])])
  validity range: Interval {ivFrom = LowerBound NegInf True, ivTo = UpperBound PosInf True}
  data:
  redeemers:}

Thu Jan 19 01:41:50 2023 
Signing...

Thu Jan 19 01:41:51 2023 
Tx a61ba8da79a992b4e2d250860b340ed3de524500fdf8c0b5b55253d66ea07eab:
  {inputs:
     - 2907fe83d3649dba5711e601b0321a47814f9246f0b237660bb1f8ad2f393321!0

  reference inputs:
  collateral inputs:
  outputs:
    - Value (Map [(,Map [("",9981525906)]),(4cd1187e477d56e419c354f1e4c7997a736dfc5e095a2511aba0f75d,Map [("a",1)])]) addressed to
      PubKeyCredential: 95d6cc842c5464d09342d8779758daf12ea3fb603750edf4068fef41 (StakingHash PubKeyCredential: 13597b58066918fe10f83c72bf83285c6a6a5cb882ed405bf5e705da)
  mint: Value (Map [])
  fee: Value (Map [(,Map [("",166821)])])
  validity range: Interval {ivFrom = LowerBound NegInf True, ivTo = UpperBound PosInf True}
  data:
  redeemers:}

Thu Jan 19 01:41:51 2023 
Submitting...

Thu Jan 19 01:42:14 2023 
Submited.

Thu Jan 19 01:42:33 2023 
New submitTx request received:

(["\170\170"],fromList [])

Thu Jan 19 02:32:52 2023 
Starting server...

Thu Jan 19 02:33:02 2023 
Address doesn't has enough clean UTXO's.

Thu Jan 19 02:33:02 2023 
Wallet address:
addr_test1qrzde3sqw0na9n4p8dmhc55gkphk2x48hzclpjx6cy0wuzgnt9a4spnfrrlpp7puw2lcx2zudf49ewyza4q9ha08qhdqghxhek

Thu Jan 19 02:33:02 2023 
	Lookups:

Thu Jan 19 02:33:02 2023 
ScriptLookups {slTxOutputs = fromList [], slOtherScripts = fromList [], slOtherData = fromList [], slPaymentPubKeyHashes = fromList [], slTypedValidator = Nothing, slOwnPaymentPubKeyHash = Nothing, slOwnStakingCredential = Nothing}

Thu Jan 19 02:33:02 2023 
	Constraints:

Thu Jan 19 02:33:02 2023 
TxConstraints {txConstraints = [], txConstraintFuns = TxConstraintFuns [], txOwnInputs = [], txOwnOutputs = []}

Thu Jan 19 02:33:02 2023 
Balancing...

Thu Jan 19 02:33:03 2023 
Tx 1c1b063ccf8348e9162db6f1d794ca0bd8cfcf40319e3e3dbd7a40bade919015:
  {inputs:
     - a61ba8da79a992b4e2d250860b340ed3de524500fdf8c0b5b55253d66ea07eab!0

  reference inputs:
  collateral inputs:
  outputs:
    - Value (Map [(,Map [("",9981359085)]),(4cd1187e477d56e419c354f1e4c7997a736dfc5e095a2511aba0f75d,Map [("a",1)])]) addressed to
      PubKeyCredential: 9fabea14e19fc077e8cdb1a0c6b3e958c9ebedd50a234a07cd0797f9 (StakingHash PubKeyCredential: 13597b58066918fe10f83c72bf83285c6a6a5cb882ed405bf5e705da)
  mint: Value (Map [])
  fee: Value (Map [(,Map [("",166821)])])
  validity range: Interval {ivFrom = LowerBound NegInf True, ivTo = UpperBound PosInf True}
  data:
  redeemers:}

Thu Jan 19 02:33:03 2023 
Signing...

Thu Jan 19 02:33:03 2023 
Tx 1c1b063ccf8348e9162db6f1d794ca0bd8cfcf40319e3e3dbd7a40bade919015:
  {inputs:
     - a61ba8da79a992b4e2d250860b340ed3de524500fdf8c0b5b55253d66ea07eab!0

  reference inputs:
  collateral inputs:
  outputs:
    - Value (Map [(,Map [("",9981359085)]),(4cd1187e477d56e419c354f1e4c7997a736dfc5e095a2511aba0f75d,Map [("a",1)])]) addressed to
      PubKeyCredential: 9fabea14e19fc077e8cdb1a0c6b3e958c9ebedd50a234a07cd0797f9 (StakingHash PubKeyCredential: 13597b58066918fe10f83c72bf83285c6a6a5cb882ed405bf5e705da)
  mint: Value (Map [])
  fee: Value (Map [(,Map [("",166821)])])
  validity range: Interval {ivFrom = LowerBound NegInf True, ivTo = UpperBound PosInf True}
  data:
  redeemers:}

Thu Jan 19 02:33:03 2023 
Submitting...

Thu Jan 19 02:33:06 2023 
Submited.

Thu Jan 19 02:34:18 2023 
New submitTx request received:

(["\170\170"],fromList [])

Thu Jan 19 02:35:10 2023 
Received ping request.

Thu Jan 19 02:36:10 2023 
Starting server...

Thu Jan 19 02:36:15 2023 
New submitTx request received:

(["\170\170"],fromList [])

Thu Jan 19 02:39:50 2023 
Starting server...

Thu Jan 19 02:39:53 2023 
New submitTx request received:

(["\170\170"],fromList [])

Thu Jan 19 02:39:56 2023 
New submitTx request received:

(["\170\170"],fromList [])

Thu Jan 19 02:41:58 2023 
Starting server...

Thu Jan 19 02:43:45 2023 
Starting server...

Thu Jan 19 02:44:00 2023 
New submitTx request received:

(["\170\170"],fromList [])

Thu Jan 19 02:44:25 2023 
Starting server...

Thu Jan 19 02:44:34 2023 
New submitTx request received:

(["\170\170"],fromList [])

Thu Jan 19 02:44:55 2023 
Starting server...

Thu Jan 19 02:44:58 2023 
New submitTx request received:

(["\170\170"],fromList [])

Mon Jan 23 05:28:33 2023 
Starting server...

Mon Jan 23 05:34:17 2023 
Starting server...

Mon Jan 23 05:39:51 2023 
Starting server...

Mon Jan 23 05:44:13 2023 
Starting server...

Mon Jan 23 05:46:25 2023 
Starting server...

Mon Jan 23 05:47:34 2023 
Starting server...

Mon Jan 23 05:47:50 2023 
New funds request received:
addr_test1qzj87nf63cdpkdm04uvgdv95c8l7w59nv4ne9hdz0jlfv0xr33lane4ma0p5qlwt3zw8mjs5wq4wv27fa4ydqu4x7ceq2zeu6t

Mon Jan 23 05:50:29 2023 
Starting server...

Mon Jan 23 05:51:33 2023 
Starting server...

Mon Jan 23 05:52:32 2023 
Starting server...

Mon Jan 23 05:53:30 2023 
Starting server...

Mon Jan 23 05:54:31 2023 
Starting server...

Mon Jan 23 05:56:29 2023 
Starting server...

Mon Jan 23 05:57:39 2023 
Starting server...

Mon Jan 23 06:00:40 2023 
Starting server...

Mon Jan 23 06:01:31 2023 
Starting server...

Mon Jan 23 06:02:55 2023 
Starting server...

Mon Jan 23 06:04:13 2023 
Starting server...

Mon Jan 23 06:05:46 2023 
Starting server...

Mon Jan 23 06:06:20 2023 
Starting server...

Mon Jan 23 06:09:03 2023 
Starting server...

Mon Jan 23 06:12:23 2023 
Starting server...

Mon Jan 23 06:14:04 2023 
Starting server...

Mon Jan 23 06:18:32 2023 
Starting server...

Mon Jan 23 06:20:26 2023 
Starting server...

Mon Jan 23 06:24:13 2023 
Starting server...

Mon Jan 23 06:44:48 2023 
Starting server...

Mon Jan 23 06:45:07 2023 
New funds request received:
addr_test1qzj87nf63cdpkdm04uvgdv95c8l7w59nv4ne9hdz0jlfv0xr33lane4ma0p5qlwt3zw8mjs5wq4wv27fa4ydqu4x7ceq2zeu6t

Mon Jan 23 06:50:48 2023 
Starting server...
